{"/Users/kaitlynbresnan/csc_308-309/308-309/packages/express-backend/auth-services.js": {"path":"/Users/kaitlynbresnan/csc_308-309/308-309/packages/express-backend/auth-services.js","statementMap":{"0":{"start":{"line":5,"column":2},"end":{"line":5,"column":68}},"1":{"start":{"line":9,"column":2},"end":{"line":9,"column":44}},"2":{"start":{"line":13,"column":20},"end":{"line":18,"column":4}},"3":{"start":{"line":19,"column":2},"end":{"line":19,"column":26}}},"fnMap":{"0":{"name":"hashPassword","decl":{"start":{"line":4,"column":9},"end":{"line":4,"column":21}},"loc":{"start":{"line":4,"column":32},"end":{"line":6,"column":1}},"line":4},"1":{"name":"normalizeEmail","decl":{"start":{"line":8,"column":9},"end":{"line":8,"column":23}},"loc":{"start":{"line":8,"column":31},"end":{"line":10,"column":1}},"line":8},"2":{"name":"registerUser","decl":{"start":{"line":12,"column":9},"end":{"line":12,"column":21}},"loc":{"start":{"line":12,"column":63},"end":{"line":20,"column":1}},"line":12}},"branchMap":{},"s":{"0":0,"1":0,"2":0,"3":0},"f":{"0":0,"1":0,"2":0},"b":{}}
,"/Users/kaitlynbresnan/csc_308-309/308-309/packages/express-backend/availability-service.js": {"path":"/Users/kaitlynbresnan/csc_308-309/308-309/packages/express-backend/availability-service.js","statementMap":{"0":{"start":{"line":4,"column":12},"end":{"line":4,"column":27}},"1":{"start":{"line":5,"column":12},"end":{"line":5,"column":25}},"2":{"start":{"line":7,"column":19},"end":{"line":12,"column":4}},"3":{"start":{"line":14,"column":2},"end":{"line":14,"column":76}},"4":{"start":{"line":14,"column":16},"end":{"line":14,"column":76}},"5":{"start":{"line":16,"column":2},"end":{"line":22,"column":5}},"6":{"start":{"line":26,"column":16},"end":{"line":26,"column":26}},"7":{"start":{"line":27,"column":2},"end":{"line":27,"column":36}},"8":{"start":{"line":27,"column":14},"end":{"line":27,"column":36}},"9":{"start":{"line":29,"column":2},"end":{"line":33,"column":3}},"10":{"start":{"line":30,"column":4},"end":{"line":30,"column":21}},"11":{"start":{"line":31,"column":4},"end":{"line":31,"column":56}},"12":{"start":{"line":31,"column":18},"end":{"line":31,"column":56}},"13":{"start":{"line":32,"column":4},"end":{"line":32,"column":54}},"14":{"start":{"line":32,"column":17},"end":{"line":32,"column":54}},"15":{"start":{"line":35,"column":2},"end":{"line":35,"column":53}}},"fnMap":{"0":{"name":"createAvailability","decl":{"start":{"line":3,"column":15},"end":{"line":3,"column":33}},"loc":{"start":{"line":3,"column":65},"end":{"line":23,"column":1}},"line":3},"1":{"name":"getSlots","decl":{"start":{"line":25,"column":15},"end":{"line":25,"column":23}},"loc":{"start":{"line":25,"column":72},"end":{"line":36,"column":1}},"line":25}},"branchMap":{"0":{"loc":{"start":{"line":14,"column":2},"end":{"line":14,"column":76}},"type":"if","locations":[{"start":{"line":14,"column":2},"end":{"line":14,"column":76}},{"start":{},"end":{}}],"line":14},"1":{"loc":{"start":{"line":25,"column":53},"end":{"line":25,"column":68}},"type":"default-arg","locations":[{"start":{"line":25,"column":62},"end":{"line":25,"column":68}}],"line":25},"2":{"loc":{"start":{"line":27,"column":2},"end":{"line":27,"column":36}},"type":"if","locations":[{"start":{"line":27,"column":2},"end":{"line":27,"column":36}},{"start":{},"end":{}}],"line":27},"3":{"loc":{"start":{"line":29,"column":2},"end":{"line":33,"column":3}},"type":"if","locations":[{"start":{"line":29,"column":2},"end":{"line":33,"column":3}},{"start":{},"end":{}}],"line":29},"4":{"loc":{"start":{"line":29,"column":6},"end":{"line":29,"column":25}},"type":"binary-expr","locations":[{"start":{"line":29,"column":6},"end":{"line":29,"column":14}},{"start":{"line":29,"column":18},"end":{"line":29,"column":25}}],"line":29},"5":{"loc":{"start":{"line":31,"column":4},"end":{"line":31,"column":56}},"type":"if","locations":[{"start":{"line":31,"column":4},"end":{"line":31,"column":56}},{"start":{},"end":{}}],"line":31},"6":{"loc":{"start":{"line":32,"column":4},"end":{"line":32,"column":54}},"type":"if","locations":[{"start":{"line":32,"column":4},"end":{"line":32,"column":54}},{"start":{},"end":{}}],"line":32}},"s":{"0":2,"1":2,"2":2,"3":2,"4":1,"5":1,"6":2,"7":2,"8":2,"9":2,"10":1,"11":1,"12":1,"13":1,"14":1,"15":2},"f":{"0":2,"1":2},"b":{"0":[1,1],"1":[1],"2":[2,0],"3":[1,1],"4":[2,1],"5":[1,0],"6":[1,0]},"_coverageSchema":"1a1c01bbd47fc00a2c39e90264f33305004495a9","hash":"86c81860ffd4cfd7bbb9cf7ee0de0231e65f02f0"}
,"/Users/kaitlynbresnan/csc_308-309/308-309/packages/express-backend/availability.js": {"path":"/Users/kaitlynbresnan/csc_308-309/308-309/packages/express-backend/availability.js","statementMap":{"0":{"start":{"line":3,"column":27},"end":{"line":33,"column":2}},"1":{"start":{"line":35,"column":0},"end":{"line":41,"column":3}},"2":{"start":{"line":36,"column":2},"end":{"line":40,"column":3}},"3":{"start":{"line":37,"column":4},"end":{"line":39,"column":5}},"4":{"start":{"line":38,"column":6},"end":{"line":38,"column":60}},"5":{"start":{"line":43,"column":21},"end":{"line":43,"column":71}}},"fnMap":{"0":{"name":"(anonymous_0)","decl":{"start":{"line":35,"column":35},"end":{"line":35,"column":36}},"loc":{"start":{"line":35,"column":47},"end":{"line":41,"column":1}},"line":35}},"branchMap":{"0":{"loc":{"start":{"line":36,"column":2},"end":{"line":40,"column":3}},"type":"if","locations":[{"start":{"line":36,"column":2},"end":{"line":40,"column":3}},{"start":{},"end":{}}],"line":36},"1":{"loc":{"start":{"line":36,"column":6},"end":{"line":36,"column":28}},"type":"binary-expr","locations":[{"start":{"line":36,"column":6},"end":{"line":36,"column":16}},{"start":{"line":36,"column":20},"end":{"line":36,"column":28}}],"line":36},"2":{"loc":{"start":{"line":37,"column":4},"end":{"line":39,"column":5}},"type":"if","locations":[{"start":{"line":37,"column":4},"end":{"line":39,"column":5}},{"start":{},"end":{}}],"line":37}},"s":{"0":2,"1":2,"2":3,"3":3,"4":2,"5":2},"f":{"0":3},"b":{"0":[3,0],"1":[3,3],"2":[2,1]},"_coverageSchema":"1a1c01bbd47fc00a2c39e90264f33305004495a9","hash":"d33c5968e8327968ba9a86113a67dbb38a1b8fcf"}
,"/Users/kaitlynbresnan/csc_308-309/308-309/packages/express-backend/backend.js": {"path":"/Users/kaitlynbresnan/csc_308-309/308-309/packages/express-backend/backend.js","statementMap":{"0":{"start":{"line":17,"column":19},"end":{"line":17,"column":49}},"1":{"start":{"line":18,"column":18},"end":{"line":18,"column":42}},"2":{"start":{"line":19,"column":0},"end":{"line":19,"column":54}},"3":{"start":{"line":21,"column":12},"end":{"line":21,"column":21}},"4":{"start":{"line":22,"column":0},"end":{"line":22,"column":24}},"5":{"start":{"line":23,"column":0},"end":{"line":23,"column":16}},"6":{"start":{"line":25,"column":20},"end":{"line":25,"column":51}},"7":{"start":{"line":26,"column":25},"end":{"line":26,"column":60}},"8":{"start":{"line":27,"column":21},"end":{"line":27,"column":52}},"9":{"start":{"line":28,"column":27},"end":{"line":28,"column":65}},"10":{"start":{"line":29,"column":0},"end":{"line":29,"column":52}},"11":{"start":{"line":30,"column":0},"end":{"line":30,"column":48}},"12":{"start":{"line":31,"column":0},"end":{"line":31,"column":54}},"13":{"start":{"line":33,"column":33},"end":{"line":38,"column":1}},"14":{"start":{"line":39,"column":29},"end":{"line":39,"column":44}},"15":{"start":{"line":41,"column":22},"end":{"line":58,"column":2}},"16":{"start":{"line":43,"column":4},"end":{"line":46,"column":5}},"17":{"start":{"line":44,"column":6},"end":{"line":44,"column":33}},"18":{"start":{"line":45,"column":6},"end":{"line":45,"column":13}},"19":{"start":{"line":47,"column":4},"end":{"line":50,"column":5}},"20":{"start":{"line":48,"column":6},"end":{"line":48,"column":35}},"21":{"start":{"line":49,"column":6},"end":{"line":49,"column":13}},"22":{"start":{"line":51,"column":4},"end":{"line":51,"column":27}},"23":{"start":{"line":54,"column":16},"end":{"line":54,"column":67}},"24":{"start":{"line":55,"column":23},"end":{"line":55,"column":79}},"25":{"start":{"line":56,"column":4},"end":{"line":56,"column":25}},"26":{"start":{"line":60,"column":20},"end":{"line":70,"column":2}},"27":{"start":{"line":64,"column":4},"end":{"line":67,"column":5}},"28":{"start":{"line":65,"column":6},"end":{"line":65,"column":54}},"29":{"start":{"line":66,"column":6},"end":{"line":66,"column":13}},"30":{"start":{"line":68,"column":4},"end":{"line":68,"column":19}},"31":{"start":{"line":72,"column":0},"end":{"line":72,"column":49}},"32":{"start":{"line":75,"column":2},"end":{"line":75,"column":78}},"33":{"start":{"line":79,"column":21},"end":{"line":79,"column":61}},"34":{"start":{"line":80,"column":2},"end":{"line":80,"column":55}},"35":{"start":{"line":84,"column":0},"end":{"line":87,"column":71}},"36":{"start":{"line":86,"column":14},"end":{"line":86,"column":49}},"37":{"start":{"line":87,"column":20},"end":{"line":87,"column":69}},"38":{"start":{"line":89,"column":0},"end":{"line":137,"column":3}},"39":{"start":{"line":90,"column":2},"end":{"line":136,"column":3}},"40":{"start":{"line":91,"column":52},"end":{"line":91,"column":60}},"41":{"start":{"line":93,"column":4},"end":{"line":97,"column":5}},"42":{"start":{"line":94,"column":6},"end":{"line":96,"column":9}},"43":{"start":{"line":99,"column":4},"end":{"line":101,"column":5}},"44":{"start":{"line":100,"column":6},"end":{"line":100,"column":69}},"45":{"start":{"line":103,"column":4},"end":{"line":107,"column":5}},"46":{"start":{"line":104,"column":6},"end":{"line":106,"column":67}},"47":{"start":{"line":109,"column":4},"end":{"line":113,"column":5}},"48":{"start":{"line":110,"column":6},"end":{"line":112,"column":66}},"49":{"start":{"line":115,"column":20},"end":{"line":120,"column":6}},"50":{"start":{"line":122,"column":4},"end":{"line":130,"column":7}},"51":{"start":{"line":132,"column":4},"end":{"line":134,"column":5}},"52":{"start":{"line":133,"column":6},"end":{"line":133,"column":73}},"53":{"start":{"line":135,"column":4},"end":{"line":135,"column":70}},"54":{"start":{"line":139,"column":0},"end":{"line":164,"column":3}},"55":{"start":{"line":140,"column":2},"end":{"line":163,"column":3}},"56":{"start":{"line":141,"column":18},"end":{"line":141,"column":53}},"57":{"start":{"line":142,"column":19},"end":{"line":142,"column":54}},"58":{"start":{"line":144,"column":21},"end":{"line":144,"column":96}},"59":{"start":{"line":145,"column":21},"end":{"line":145,"column":96}},"60":{"start":{"line":147,"column":6},"end":{"line":147,"column":95}},"61":{"start":{"line":149,"column":20},"end":{"line":155,"column":5}},"62":{"start":{"line":157,"column":18},"end":{"line":157,"column":59}},"63":{"start":{"line":158,"column":24},"end":{"line":158,"column":43}},"64":{"start":{"line":159,"column":22},"end":{"line":159,"column":88}},"65":{"start":{"line":160,"column":4},"end":{"line":160,"column":88}},"66":{"start":{"line":162,"column":4},"end":{"line":162,"column":61}},"67":{"start":{"line":167,"column":0},"end":{"line":177,"column":3}},"68":{"start":{"line":168,"column":2},"end":{"line":176,"column":3}},"69":{"start":{"line":169,"column":17},"end":{"line":169,"column":63}},"70":{"start":{"line":170,"column":4},"end":{"line":172,"column":5}},"71":{"start":{"line":171,"column":6},"end":{"line":171,"column":63}},"72":{"start":{"line":173,"column":4},"end":{"line":173,"column":41}},"73":{"start":{"line":175,"column":4},"end":{"line":175,"column":57}},"74":{"start":{"line":181,"column":0},"end":{"line":188,"column":3}},"75":{"start":{"line":182,"column":2},"end":{"line":187,"column":3}},"76":{"start":{"line":183,"column":20},"end":{"line":183,"column":56}},"77":{"start":{"line":184,"column":4},"end":{"line":184,"column":44}},"78":{"start":{"line":186,"column":4},"end":{"line":186,"column":61}},"79":{"start":{"line":190,"column":0},"end":{"line":200,"column":3}},"80":{"start":{"line":191,"column":4},"end":{"line":199,"column":5}},"81":{"start":{"line":192,"column":24},"end":{"line":192,"column":79}},"82":{"start":{"line":193,"column":8},"end":{"line":195,"column":9}},"83":{"start":{"line":194,"column":12},"end":{"line":194,"column":67}},"84":{"start":{"line":196,"column":8},"end":{"line":196,"column":46}},"85":{"start":{"line":198,"column":8},"end":{"line":198,"column":59}},"86":{"start":{"line":202,"column":0},"end":{"line":216,"column":3}},"87":{"start":{"line":203,"column":2},"end":{"line":215,"column":3}},"88":{"start":{"line":204,"column":4},"end":{"line":206,"column":5}},"89":{"start":{"line":205,"column":6},"end":{"line":205,"column":71}},"90":{"start":{"line":207,"column":21},"end":{"line":207,"column":74}},"91":{"start":{"line":208,"column":24},"end":{"line":208,"column":92}},"92":{"start":{"line":209,"column":4},"end":{"line":211,"column":5}},"93":{"start":{"line":210,"column":6},"end":{"line":210,"column":63}},"94":{"start":{"line":212,"column":4},"end":{"line":212,"column":48}},"95":{"start":{"line":214,"column":4},"end":{"line":214,"column":77}},"96":{"start":{"line":218,"column":0},"end":{"line":232,"column":3}},"97":{"start":{"line":219,"column":2},"end":{"line":231,"column":3}},"98":{"start":{"line":220,"column":4},"end":{"line":222,"column":5}},"99":{"start":{"line":221,"column":6},"end":{"line":221,"column":71}},"100":{"start":{"line":223,"column":21},"end":{"line":223,"column":81}},"101":{"start":{"line":224,"column":24},"end":{"line":224,"column":87}},"102":{"start":{"line":225,"column":4},"end":{"line":227,"column":5}},"103":{"start":{"line":226,"column":6},"end":{"line":226,"column":63}},"104":{"start":{"line":228,"column":4},"end":{"line":228,"column":48}},"105":{"start":{"line":230,"column":4},"end":{"line":230,"column":75}},"106":{"start":{"line":234,"column":0},"end":{"line":248,"column":3}},"107":{"start":{"line":235,"column":2},"end":{"line":247,"column":3}},"108":{"start":{"line":236,"column":25},"end":{"line":236,"column":33}},"109":{"start":{"line":237,"column":4},"end":{"line":239,"column":5}},"110":{"start":{"line":238,"column":6},"end":{"line":238,"column":69}},"111":{"start":{"line":240,"column":24},"end":{"line":240,"column":90}},"112":{"start":{"line":241,"column":4},"end":{"line":243,"column":5}},"113":{"start":{"line":242,"column":6},"end":{"line":242,"column":63}},"114":{"start":{"line":244,"column":4},"end":{"line":244,"column":48}},"115":{"start":{"line":246,"column":4},"end":{"line":246,"column":75}},"116":{"start":{"line":250,"column":0},"end":{"line":260,"column":3}},"117":{"start":{"line":251,"column":2},"end":{"line":259,"column":3}},"118":{"start":{"line":252,"column":25},"end":{"line":252,"column":33}},"119":{"start":{"line":253,"column":20},"end":{"line":253,"column":118}},"120":{"start":{"line":254,"column":4},"end":{"line":254,"column":71}},"121":{"start":{"line":254,"column":18},"end":{"line":254,"column":71}},"122":{"start":{"line":255,"column":24},"end":{"line":255,"column":79}},"123":{"start":{"line":256,"column":4},"end":{"line":256,"column":48}},"124":{"start":{"line":258,"column":4},"end":{"line":258,"column":61}},"125":{"start":{"line":262,"column":0},"end":{"line":278,"column":3}},"126":{"start":{"line":263,"column":2},"end":{"line":277,"column":3}},"127":{"start":{"line":265,"column":28},"end":{"line":265,"column":38}},"128":{"start":{"line":267,"column":20},"end":{"line":267,"column":67}},"129":{"start":{"line":269,"column":4},"end":{"line":271,"column":5}},"130":{"start":{"line":270,"column":6},"end":{"line":270,"column":63}},"131":{"start":{"line":273,"column":4},"end":{"line":273,"column":44}},"132":{"start":{"line":275,"column":4},"end":{"line":275,"column":40}},"133":{"start":{"line":276,"column":4},"end":{"line":276,"column":62}},"134":{"start":{"line":281,"column":0},"end":{"line":307,"column":3}},"135":{"start":{"line":282,"column":2},"end":{"line":306,"column":3}},"136":{"start":{"line":283,"column":39},"end":{"line":283,"column":48}},"137":{"start":{"line":286,"column":6},"end":{"line":286,"column":75}},"138":{"start":{"line":288,"column":6},"end":{"line":288,"column":75}},"139":{"start":{"line":291,"column":6},"end":{"line":293,"column":19}},"140":{"start":{"line":295,"column":19},"end":{"line":301,"column":5}},"141":{"start":{"line":303,"column":4},"end":{"line":303,"column":31}},"142":{"start":{"line":305,"column":4},"end":{"line":305,"column":62}},"143":{"start":{"line":310,"column":0},"end":{"line":317,"column":3}},"144":{"start":{"line":311,"column":2},"end":{"line":316,"column":3}},"145":{"start":{"line":312,"column":20},"end":{"line":312,"column":58}},"146":{"start":{"line":313,"column":4},"end":{"line":313,"column":44}},"147":{"start":{"line":315,"column":4},"end":{"line":315,"column":62}},"148":{"start":{"line":320,"column":0},"end":{"line":330,"column":3}},"149":{"start":{"line":321,"column":2},"end":{"line":329,"column":3}},"150":{"start":{"line":322,"column":18},"end":{"line":322,"column":66}},"151":{"start":{"line":323,"column":4},"end":{"line":325,"column":5}},"152":{"start":{"line":324,"column":6},"end":{"line":324,"column":64}},"153":{"start":{"line":326,"column":4},"end":{"line":326,"column":30}},"154":{"start":{"line":328,"column":4},"end":{"line":328,"column":57}},"155":{"start":{"line":333,"column":0},"end":{"line":343,"column":3}},"156":{"start":{"line":334,"column":2},"end":{"line":342,"column":3}},"157":{"start":{"line":335,"column":20},"end":{"line":335,"column":77}},"158":{"start":{"line":336,"column":4},"end":{"line":338,"column":5}},"159":{"start":{"line":337,"column":6},"end":{"line":337,"column":64}},"160":{"start":{"line":339,"column":4},"end":{"line":339,"column":32}},"161":{"start":{"line":341,"column":4},"end":{"line":341,"column":57}},"162":{"start":{"line":346,"column":0},"end":{"line":373,"column":3}},"163":{"start":{"line":347,"column":2},"end":{"line":372,"column":3}},"164":{"start":{"line":348,"column":18},"end":{"line":348,"column":53}},"165":{"start":{"line":349,"column":19},"end":{"line":349,"column":54}},"166":{"start":{"line":350,"column":24},"end":{"line":350,"column":43}},"167":{"start":{"line":352,"column":21},"end":{"line":352,"column":96}},"168":{"start":{"line":353,"column":21},"end":{"line":353,"column":96}},"169":{"start":{"line":355,"column":6},"end":{"line":355,"column":95}},"170":{"start":{"line":357,"column":20},"end":{"line":365,"column":5}},"171":{"start":{"line":367,"column":18},"end":{"line":367,"column":57}},"172":{"start":{"line":368,"column":21},"end":{"line":368,"column":85}},"173":{"start":{"line":369,"column":4},"end":{"line":369,"column":86}},"174":{"start":{"line":371,"column":4},"end":{"line":371,"column":60}},"175":{"start":{"line":376,"column":0},"end":{"line":386,"column":3}},"176":{"start":{"line":377,"column":2},"end":{"line":385,"column":3}},"177":{"start":{"line":378,"column":16},"end":{"line":378,"column":60}},"178":{"start":{"line":379,"column":4},"end":{"line":381,"column":5}},"179":{"start":{"line":380,"column":6},"end":{"line":380,"column":62}},"180":{"start":{"line":382,"column":4},"end":{"line":382,"column":40}},"181":{"start":{"line":384,"column":4},"end":{"line":384,"column":57}},"182":{"start":{"line":389,"column":0},"end":{"line":396,"column":3}},"183":{"start":{"line":390,"column":2},"end":{"line":395,"column":3}},"184":{"start":{"line":391,"column":20},"end":{"line":391,"column":54}},"185":{"start":{"line":392,"column":4},"end":{"line":392,"column":44}},"186":{"start":{"line":394,"column":4},"end":{"line":394,"column":60}},"187":{"start":{"line":399,"column":0},"end":{"line":409,"column":3}},"188":{"start":{"line":400,"column":2},"end":{"line":408,"column":3}},"189":{"start":{"line":401,"column":20},"end":{"line":401,"column":73}},"190":{"start":{"line":402,"column":4},"end":{"line":404,"column":5}},"191":{"start":{"line":403,"column":6},"end":{"line":403,"column":62}},"192":{"start":{"line":405,"column":4},"end":{"line":405,"column":44}},"193":{"start":{"line":407,"column":4},"end":{"line":407,"column":57}},"194":{"start":{"line":412,"column":0},"end":{"line":435,"column":3}},"195":{"start":{"line":413,"column":2},"end":{"line":434,"column":3}},"196":{"start":{"line":414,"column":18},"end":{"line":414,"column":53}},"197":{"start":{"line":415,"column":19},"end":{"line":415,"column":54}},"198":{"start":{"line":416,"column":24},"end":{"line":416,"column":43}},"199":{"start":{"line":418,"column":20},"end":{"line":422,"column":5}},"200":{"start":{"line":424,"column":18},"end":{"line":424,"column":67}},"201":{"start":{"line":425,"column":26},"end":{"line":429,"column":5}},"202":{"start":{"line":431,"column":4},"end":{"line":431,"column":91}},"203":{"start":{"line":433,"column":4},"end":{"line":433,"column":65}},"204":{"start":{"line":438,"column":0},"end":{"line":448,"column":3}},"205":{"start":{"line":439,"column":2},"end":{"line":447,"column":3}},"206":{"start":{"line":440,"column":21},"end":{"line":440,"column":75}},"207":{"start":{"line":441,"column":4},"end":{"line":443,"column":5}},"208":{"start":{"line":442,"column":6},"end":{"line":442,"column":67}},"209":{"start":{"line":444,"column":4},"end":{"line":444,"column":45}},"210":{"start":{"line":446,"column":4},"end":{"line":446,"column":50}},"211":{"start":{"line":451,"column":0},"end":{"line":458,"column":3}},"212":{"start":{"line":452,"column":2},"end":{"line":457,"column":3}},"213":{"start":{"line":453,"column":20},"end":{"line":453,"column":64}},"214":{"start":{"line":454,"column":4},"end":{"line":454,"column":44}},"215":{"start":{"line":456,"column":4},"end":{"line":456,"column":65}},"216":{"start":{"line":461,"column":0},"end":{"line":471,"column":3}},"217":{"start":{"line":462,"column":2},"end":{"line":470,"column":3}},"218":{"start":{"line":463,"column":20},"end":{"line":463,"column":83}},"219":{"start":{"line":464,"column":4},"end":{"line":466,"column":5}},"220":{"start":{"line":465,"column":6},"end":{"line":465,"column":67}},"221":{"start":{"line":467,"column":4},"end":{"line":467,"column":44}},"222":{"start":{"line":469,"column":4},"end":{"line":469,"column":50}},"223":{"start":{"line":473,"column":0},"end":{"line":487,"column":3}},"224":{"start":{"line":474,"column":2},"end":{"line":486,"column":3}},"225":{"start":{"line":475,"column":4},"end":{"line":477,"column":5}},"226":{"start":{"line":476,"column":6},"end":{"line":476,"column":71}},"227":{"start":{"line":478,"column":21},"end":{"line":478,"column":78}},"228":{"start":{"line":479,"column":28},"end":{"line":479,"column":104}},"229":{"start":{"line":480,"column":4},"end":{"line":482,"column":5}},"230":{"start":{"line":481,"column":6},"end":{"line":481,"column":67}},"231":{"start":{"line":483,"column":4},"end":{"line":483,"column":52}},"232":{"start":{"line":485,"column":4},"end":{"line":485,"column":81}},"233":{"start":{"line":489,"column":0},"end":{"line":499,"column":3}},"234":{"start":{"line":490,"column":2},"end":{"line":498,"column":3}},"235":{"start":{"line":491,"column":25},"end":{"line":491,"column":33}},"236":{"start":{"line":492,"column":20},"end":{"line":492,"column":118}},"237":{"start":{"line":493,"column":4},"end":{"line":493,"column":71}},"238":{"start":{"line":493,"column":18},"end":{"line":493,"column":71}},"239":{"start":{"line":494,"column":28},"end":{"line":494,"column":91}},"240":{"start":{"line":495,"column":4},"end":{"line":495,"column":52}},"241":{"start":{"line":497,"column":4},"end":{"line":497,"column":61}},"242":{"start":{"line":501,"column":0},"end":{"line":508,"column":3}},"243":{"start":{"line":502,"column":2},"end":{"line":507,"column":3}},"244":{"start":{"line":503,"column":20},"end":{"line":503,"column":75}},"245":{"start":{"line":504,"column":4},"end":{"line":504,"column":44}},"246":{"start":{"line":506,"column":4},"end":{"line":506,"column":61}},"247":{"start":{"line":511,"column":0},"end":{"line":525,"column":3}},"248":{"start":{"line":512,"column":2},"end":{"line":524,"column":3}},"249":{"start":{"line":513,"column":18},"end":{"line":513,"column":53}},"250":{"start":{"line":514,"column":19},"end":{"line":514,"column":54}},"251":{"start":{"line":515,"column":24},"end":{"line":515,"column":43}},"252":{"start":{"line":517,"column":20},"end":{"line":517,"column":73}},"253":{"start":{"line":518,"column":18},"end":{"line":518,"column":63}},"254":{"start":{"line":519,"column":24},"end":{"line":519,"column":94}},"255":{"start":{"line":521,"column":4},"end":{"line":521,"column":89}},"256":{"start":{"line":523,"column":4},"end":{"line":523,"column":63}},"257":{"start":{"line":528,"column":0},"end":{"line":549,"column":3}},"258":{"start":{"line":529,"column":2},"end":{"line":548,"column":3}},"259":{"start":{"line":530,"column":18},"end":{"line":530,"column":53}},"260":{"start":{"line":531,"column":19},"end":{"line":531,"column":54}},"261":{"start":{"line":532,"column":24},"end":{"line":532,"column":43}},"262":{"start":{"line":534,"column":20},"end":{"line":541,"column":5}},"263":{"start":{"line":543,"column":18},"end":{"line":543,"column":63}},"264":{"start":{"line":544,"column":24},"end":{"line":544,"column":94}},"265":{"start":{"line":545,"column":4},"end":{"line":545,"column":89}},"266":{"start":{"line":547,"column":4},"end":{"line":547,"column":63}},"267":{"start":{"line":552,"column":0},"end":{"line":581,"column":3}},"268":{"start":{"line":553,"column":2},"end":{"line":580,"column":3}},"269":{"start":{"line":554,"column":71},"end":{"line":554,"column":79}},"270":{"start":{"line":555,"column":4},"end":{"line":557,"column":5}},"271":{"start":{"line":556,"column":6},"end":{"line":556,"column":106}},"272":{"start":{"line":559,"column":22},"end":{"line":559,"column":36}},"273":{"start":{"line":560,"column":4},"end":{"line":562,"column":5}},"274":{"start":{"line":561,"column":6},"end":{"line":561,"column":88}},"275":{"start":{"line":564,"column":23},"end":{"line":564,"column":52}},"276":{"start":{"line":565,"column":4},"end":{"line":567,"column":5}},"277":{"start":{"line":566,"column":6},"end":{"line":566,"column":94}},"278":{"start":{"line":569,"column":20},"end":{"line":576,"column":6}},"279":{"start":{"line":577,"column":4},"end":{"line":577,"column":44}},"280":{"start":{"line":579,"column":4},"end":{"line":579,"column":63}},"281":{"start":{"line":583,"column":0},"end":{"line":594,"column":3}},"282":{"start":{"line":584,"column":2},"end":{"line":589,"column":3}},"283":{"start":{"line":585,"column":4},"end":{"line":587,"column":5}},"284":{"start":{"line":586,"column":6},"end":{"line":586,"column":77}},"285":{"start":{"line":588,"column":4},"end":{"line":588,"column":60}},"286":{"start":{"line":590,"column":2},"end":{"line":592,"column":3}},"287":{"start":{"line":591,"column":4},"end":{"line":591,"column":56}},"288":{"start":{"line":593,"column":2},"end":{"line":593,"column":19}},"289":{"start":{"line":597,"column":13},"end":{"line":597,"column":37}},"290":{"start":{"line":598,"column":0},"end":{"line":598,"column":82}},"291":{"start":{"line":598,"column":23},"end":{"line":598,"column":80}}},"fnMap":{"0":{"name":"(anonymous_0)","decl":{"start":{"line":42,"column":15},"end":{"line":42,"column":16}},"loc":{"start":{"line":42,"column":35},"end":{"line":52,"column":3}},"line":42},"1":{"name":"(anonymous_1)","decl":{"start":{"line":53,"column":12},"end":{"line":53,"column":13}},"loc":{"start":{"line":53,"column":32},"end":{"line":57,"column":3}},"line":53},"2":{"name":"(anonymous_2)","decl":{"start":{"line":63,"column":14},"end":{"line":63,"column":15}},"loc":{"start":{"line":63,"column":34},"end":{"line":69,"column":3}},"line":63},"3":{"name":"makeUploadedImageUrl","decl":{"start":{"line":74,"column":9},"end":{"line":74,"column":29}},"loc":{"start":{"line":74,"column":53},"end":{"line":76,"column":1}},"line":74},"4":{"name":"isValidEmail","decl":{"start":{"line":78,"column":9},"end":{"line":78,"column":21}},"loc":{"start":{"line":78,"column":29},"end":{"line":81,"column":1}},"line":78},"5":{"name":"(anonymous_5)","decl":{"start":{"line":86,"column":8},"end":{"line":86,"column":9}},"loc":{"start":{"line":86,"column":14},"end":{"line":86,"column":49}},"line":86},"6":{"name":"(anonymous_6)","decl":{"start":{"line":87,"column":9},"end":{"line":87,"column":10}},"loc":{"start":{"line":87,"column":20},"end":{"line":87,"column":69}},"line":87},"7":{"name":"(anonymous_7)","decl":{"start":{"line":89,"column":27},"end":{"line":89,"column":28}},"loc":{"start":{"line":89,"column":47},"end":{"line":137,"column":1}},"line":89},"8":{"name":"(anonymous_8)","decl":{"start":{"line":139,"column":18},"end":{"line":139,"column":19}},"loc":{"start":{"line":139,"column":38},"end":{"line":164,"column":1}},"line":139},"9":{"name":"(anonymous_9)","decl":{"start":{"line":167,"column":22},"end":{"line":167,"column":23}},"loc":{"start":{"line":167,"column":42},"end":{"line":177,"column":1}},"line":167},"10":{"name":"(anonymous_10)","decl":{"start":{"line":181,"column":19},"end":{"line":181,"column":20}},"loc":{"start":{"line":181,"column":39},"end":{"line":188,"column":1}},"line":181},"11":{"name":"(anonymous_11)","decl":{"start":{"line":190,"column":25},"end":{"line":190,"column":26}},"loc":{"start":{"line":190,"column":44},"end":{"line":200,"column":1}},"line":190},"12":{"name":"(anonymous_12)","decl":{"start":{"line":202,"column":68},"end":{"line":202,"column":69}},"loc":{"start":{"line":202,"column":88},"end":{"line":216,"column":1}},"line":202},"13":{"name":"(anonymous_13)","decl":{"start":{"line":218,"column":60},"end":{"line":218,"column":61}},"loc":{"start":{"line":218,"column":80},"end":{"line":232,"column":1}},"line":218},"14":{"name":"(anonymous_14)","decl":{"start":{"line":234,"column":33},"end":{"line":234,"column":34}},"loc":{"start":{"line":234,"column":53},"end":{"line":248,"column":1}},"line":234},"15":{"name":"(anonymous_15)","decl":{"start":{"line":250,"column":23},"end":{"line":250,"column":24}},"loc":{"start":{"line":250,"column":43},"end":{"line":260,"column":1}},"line":250},"16":{"name":"(anonymous_16)","decl":{"start":{"line":262,"column":41},"end":{"line":262,"column":42}},"loc":{"start":{"line":262,"column":61},"end":{"line":278,"column":1}},"line":262},"17":{"name":"(anonymous_17)","decl":{"start":{"line":281,"column":19},"end":{"line":281,"column":20}},"loc":{"start":{"line":281,"column":39},"end":{"line":307,"column":1}},"line":281},"18":{"name":"(anonymous_18)","decl":{"start":{"line":310,"column":20},"end":{"line":310,"column":21}},"loc":{"start":{"line":310,"column":40},"end":{"line":317,"column":1}},"line":310},"19":{"name":"(anonymous_19)","decl":{"start":{"line":320,"column":23},"end":{"line":320,"column":24}},"loc":{"start":{"line":320,"column":43},"end":{"line":330,"column":1}},"line":320},"20":{"name":"(anonymous_20)","decl":{"start":{"line":333,"column":26},"end":{"line":333,"column":27}},"loc":{"start":{"line":333,"column":46},"end":{"line":343,"column":1}},"line":333},"21":{"name":"(anonymous_21)","decl":{"start":{"line":346,"column":17},"end":{"line":346,"column":18}},"loc":{"start":{"line":346,"column":37},"end":{"line":373,"column":1}},"line":346},"22":{"name":"(anonymous_22)","decl":{"start":{"line":376,"column":21},"end":{"line":376,"column":22}},"loc":{"start":{"line":376,"column":41},"end":{"line":386,"column":1}},"line":376},"23":{"name":"(anonymous_23)","decl":{"start":{"line":389,"column":18},"end":{"line":389,"column":19}},"loc":{"start":{"line":389,"column":38},"end":{"line":396,"column":1}},"line":389},"24":{"name":"(anonymous_24)","decl":{"start":{"line":399,"column":24},"end":{"line":399,"column":25}},"loc":{"start":{"line":399,"column":44},"end":{"line":409,"column":1}},"line":399},"25":{"name":"(anonymous_25)","decl":{"start":{"line":412,"column":22},"end":{"line":412,"column":23}},"loc":{"start":{"line":412,"column":42},"end":{"line":435,"column":1}},"line":412},"26":{"name":"(anonymous_26)","decl":{"start":{"line":438,"column":26},"end":{"line":438,"column":27}},"loc":{"start":{"line":438,"column":46},"end":{"line":448,"column":1}},"line":438},"27":{"name":"(anonymous_27)","decl":{"start":{"line":451,"column":23},"end":{"line":451,"column":24}},"loc":{"start":{"line":451,"column":43},"end":{"line":458,"column":1}},"line":451},"28":{"name":"(anonymous_28)","decl":{"start":{"line":461,"column":29},"end":{"line":461,"column":30}},"loc":{"start":{"line":461,"column":49},"end":{"line":471,"column":1}},"line":461},"29":{"name":"(anonymous_29)","decl":{"start":{"line":473,"column":72},"end":{"line":473,"column":73}},"loc":{"start":{"line":473,"column":92},"end":{"line":487,"column":1}},"line":473},"30":{"name":"(anonymous_30)","decl":{"start":{"line":489,"column":34},"end":{"line":489,"column":35}},"loc":{"start":{"line":489,"column":54},"end":{"line":499,"column":1}},"line":489},"31":{"name":"(anonymous_31)","decl":{"start":{"line":501,"column":45},"end":{"line":501,"column":46}},"loc":{"start":{"line":501,"column":65},"end":{"line":508,"column":1}},"line":501},"32":{"name":"(anonymous_32)","decl":{"start":{"line":511,"column":34},"end":{"line":511,"column":35}},"loc":{"start":{"line":511,"column":54},"end":{"line":525,"column":1}},"line":511},"33":{"name":"(anonymous_33)","decl":{"start":{"line":528,"column":20},"end":{"line":528,"column":21}},"loc":{"start":{"line":528,"column":40},"end":{"line":549,"column":1}},"line":528},"34":{"name":"(anonymous_34)","decl":{"start":{"line":552,"column":21},"end":{"line":552,"column":22}},"loc":{"start":{"line":552,"column":41},"end":{"line":581,"column":1}},"line":552},"35":{"name":"(anonymous_35)","decl":{"start":{"line":583,"column":8},"end":{"line":583,"column":9}},"loc":{"start":{"line":583,"column":34},"end":{"line":594,"column":1}},"line":583},"36":{"name":"(anonymous_36)","decl":{"start":{"line":598,"column":17},"end":{"line":598,"column":18}},"loc":{"start":{"line":598,"column":23},"end":{"line":598,"column":80}},"line":598}},"branchMap":{"0":{"loc":{"start":{"line":43,"column":4},"end":{"line":46,"column":5}},"type":"if","locations":[{"start":{"line":43,"column":4},"end":{"line":46,"column":5}},{"start":{},"end":{}}],"line":43},"1":{"loc":{"start":{"line":47,"column":4},"end":{"line":50,"column":5}},"type":"if","locations":[{"start":{"line":47,"column":4},"end":{"line":50,"column":5}},{"start":{},"end":{}}],"line":47},"2":{"loc":{"start":{"line":54,"column":29},"end":{"line":54,"column":52}},"type":"binary-expr","locations":[{"start":{"line":54,"column":29},"end":{"line":54,"column":46}},{"start":{"line":54,"column":50},"end":{"line":54,"column":52}}],"line":54},"3":{"loc":{"start":{"line":64,"column":4},"end":{"line":67,"column":5}},"type":"if","locations":[{"start":{"line":64,"column":4},"end":{"line":67,"column":5}},{"start":{},"end":{}}],"line":64},"4":{"loc":{"start":{"line":79,"column":28},"end":{"line":79,"column":39}},"type":"binary-expr","locations":[{"start":{"line":79,"column":28},"end":{"line":79,"column":33}},{"start":{"line":79,"column":37},"end":{"line":79,"column":39}}],"line":79},"5":{"loc":{"start":{"line":85,"column":11},"end":{"line":85,"column":72}},"type":"binary-expr","locations":[{"start":{"line":85,"column":11},"end":{"line":85,"column":34}},{"start":{"line":85,"column":38},"end":{"line":85,"column":72}}],"line":85},"6":{"loc":{"start":{"line":93,"column":4},"end":{"line":97,"column":5}},"type":"if","locations":[{"start":{"line":93,"column":4},"end":{"line":97,"column":5}},{"start":{},"end":{}}],"line":93},"7":{"loc":{"start":{"line":93,"column":8},"end":{"line":93,"column":53}},"type":"binary-expr","locations":[{"start":{"line":93,"column":8},"end":{"line":93,"column":14}},{"start":{"line":93,"column":18},"end":{"line":93,"column":27}},{"start":{"line":93,"column":31},"end":{"line":93,"column":44}},{"start":{"line":93,"column":48},"end":{"line":93,"column":53}}],"line":93},"8":{"loc":{"start":{"line":99,"column":4},"end":{"line":101,"column":5}},"type":"if","locations":[{"start":{"line":99,"column":4},"end":{"line":101,"column":5}},{"start":{},"end":{}}],"line":99},"9":{"loc":{"start":{"line":103,"column":4},"end":{"line":107,"column":5}},"type":"if","locations":[{"start":{"line":103,"column":4},"end":{"line":107,"column":5}},{"start":{},"end":{}}],"line":103},"10":{"loc":{"start":{"line":109,"column":4},"end":{"line":113,"column":5}},"type":"if","locations":[{"start":{"line":109,"column":4},"end":{"line":113,"column":5}},{"start":{},"end":{}}],"line":109},"11":{"loc":{"start":{"line":132,"column":4},"end":{"line":134,"column":5}},"type":"if","locations":[{"start":{"line":132,"column":4},"end":{"line":134,"column":5}},{"start":{},"end":{}}],"line":132},"12":{"loc":{"start":{"line":141,"column":18},"end":{"line":141,"column":53}},"type":"binary-expr","locations":[{"start":{"line":141,"column":18},"end":{"line":141,"column":47}},{"start":{"line":141,"column":51},"end":{"line":141,"column":53}}],"line":141},"13":{"loc":{"start":{"line":142,"column":19},"end":{"line":142,"column":54}},"type":"binary-expr","locations":[{"start":{"line":142,"column":19},"end":{"line":142,"column":49}},{"start":{"line":142,"column":53},"end":{"line":142,"column":54}}],"line":142},"14":{"loc":{"start":{"line":144,"column":21},"end":{"line":144,"column":96}},"type":"cond-expr","locations":[{"start":{"line":144,"column":57},"end":{"line":144,"column":84}},{"start":{"line":144,"column":87},"end":{"line":144,"column":96}}],"line":144},"15":{"loc":{"start":{"line":145,"column":21},"end":{"line":145,"column":96}},"type":"cond-expr","locations":[{"start":{"line":145,"column":57},"end":{"line":145,"column":84}},{"start":{"line":145,"column":87},"end":{"line":145,"column":96}}],"line":145},"16":{"loc":{"start":{"line":147,"column":6},"end":{"line":147,"column":95}},"type":"cond-expr","locations":[{"start":{"line":147,"column":63},"end":{"line":147,"column":83}},{"start":{"line":147,"column":86},"end":{"line":147,"column":95}}],"line":147},"17":{"loc":{"start":{"line":147,"column":6},"end":{"line":147,"column":60}},"type":"binary-expr","locations":[{"start":{"line":147,"column":6},"end":{"line":147,"column":31}},{"start":{"line":147,"column":35},"end":{"line":147,"column":60}}],"line":147},"18":{"loc":{"start":{"line":170,"column":4},"end":{"line":172,"column":5}},"type":"if","locations":[{"start":{"line":170,"column":4},"end":{"line":172,"column":5}},{"start":{},"end":{}}],"line":170},"19":{"loc":{"start":{"line":193,"column":8},"end":{"line":195,"column":9}},"type":"if","locations":[{"start":{"line":193,"column":8},"end":{"line":195,"column":9}},{"start":{},"end":{}}],"line":193},"20":{"loc":{"start":{"line":204,"column":4},"end":{"line":206,"column":5}},"type":"if","locations":[{"start":{"line":204,"column":4},"end":{"line":206,"column":5}},{"start":{},"end":{}}],"line":204},"21":{"loc":{"start":{"line":209,"column":4},"end":{"line":211,"column":5}},"type":"if","locations":[{"start":{"line":209,"column":4},"end":{"line":211,"column":5}},{"start":{},"end":{}}],"line":209},"22":{"loc":{"start":{"line":220,"column":4},"end":{"line":222,"column":5}},"type":"if","locations":[{"start":{"line":220,"column":4},"end":{"line":222,"column":5}},{"start":{},"end":{}}],"line":220},"23":{"loc":{"start":{"line":225,"column":4},"end":{"line":227,"column":5}},"type":"if","locations":[{"start":{"line":225,"column":4},"end":{"line":227,"column":5}},{"start":{},"end":{}}],"line":225},"24":{"loc":{"start":{"line":237,"column":4},"end":{"line":239,"column":5}},"type":"if","locations":[{"start":{"line":237,"column":4},"end":{"line":239,"column":5}},{"start":{},"end":{}}],"line":237},"25":{"loc":{"start":{"line":241,"column":4},"end":{"line":243,"column":5}},"type":"if","locations":[{"start":{"line":241,"column":4},"end":{"line":243,"column":5}},{"start":{},"end":{}}],"line":241},"26":{"loc":{"start":{"line":254,"column":4},"end":{"line":254,"column":71}},"type":"if","locations":[{"start":{"line":254,"column":4},"end":{"line":254,"column":71}},{"start":{},"end":{}}],"line":254},"27":{"loc":{"start":{"line":269,"column":4},"end":{"line":271,"column":5}},"type":"if","locations":[{"start":{"line":269,"column":4},"end":{"line":271,"column":5}},{"start":{},"end":{}}],"line":269},"28":{"loc":{"start":{"line":286,"column":6},"end":{"line":286,"column":75}},"type":"cond-expr","locations":[{"start":{"line":286,"column":39},"end":{"line":286,"column":63}},{"start":{"line":286,"column":66},"end":{"line":286,"column":75}}],"line":286},"29":{"loc":{"start":{"line":288,"column":6},"end":{"line":288,"column":75}},"type":"cond-expr","locations":[{"start":{"line":288,"column":39},"end":{"line":288,"column":63}},{"start":{"line":288,"column":66},"end":{"line":288,"column":75}}],"line":288},"30":{"loc":{"start":{"line":291,"column":6},"end":{"line":293,"column":19}},"type":"cond-expr","locations":[{"start":{"line":292,"column":10},"end":{"line":292,"column":26}},{"start":{"line":293,"column":10},"end":{"line":293,"column":19}}],"line":291},"31":{"loc":{"start":{"line":291,"column":6},"end":{"line":291,"column":56}},"type":"binary-expr","locations":[{"start":{"line":291,"column":6},"end":{"line":291,"column":29}},{"start":{"line":291,"column":33},"end":{"line":291,"column":56}}],"line":291},"32":{"loc":{"start":{"line":323,"column":4},"end":{"line":325,"column":5}},"type":"if","locations":[{"start":{"line":323,"column":4},"end":{"line":325,"column":5}},{"start":{},"end":{}}],"line":323},"33":{"loc":{"start":{"line":336,"column":4},"end":{"line":338,"column":5}},"type":"if","locations":[{"start":{"line":336,"column":4},"end":{"line":338,"column":5}},{"start":{},"end":{}}],"line":336},"34":{"loc":{"start":{"line":348,"column":18},"end":{"line":348,"column":53}},"type":"binary-expr","locations":[{"start":{"line":348,"column":18},"end":{"line":348,"column":47}},{"start":{"line":348,"column":51},"end":{"line":348,"column":53}}],"line":348},"35":{"loc":{"start":{"line":349,"column":19},"end":{"line":349,"column":54}},"type":"binary-expr","locations":[{"start":{"line":349,"column":19},"end":{"line":349,"column":49}},{"start":{"line":349,"column":53},"end":{"line":349,"column":54}}],"line":349},"36":{"loc":{"start":{"line":352,"column":21},"end":{"line":352,"column":96}},"type":"cond-expr","locations":[{"start":{"line":352,"column":57},"end":{"line":352,"column":84}},{"start":{"line":352,"column":87},"end":{"line":352,"column":96}}],"line":352},"37":{"loc":{"start":{"line":353,"column":21},"end":{"line":353,"column":96}},"type":"cond-expr","locations":[{"start":{"line":353,"column":57},"end":{"line":353,"column":84}},{"start":{"line":353,"column":87},"end":{"line":353,"column":96}}],"line":353},"38":{"loc":{"start":{"line":355,"column":6},"end":{"line":355,"column":95}},"type":"cond-expr","locations":[{"start":{"line":355,"column":63},"end":{"line":355,"column":83}},{"start":{"line":355,"column":86},"end":{"line":355,"column":95}}],"line":355},"39":{"loc":{"start":{"line":355,"column":6},"end":{"line":355,"column":60}},"type":"binary-expr","locations":[{"start":{"line":355,"column":6},"end":{"line":355,"column":31}},{"start":{"line":355,"column":35},"end":{"line":355,"column":60}}],"line":355},"40":{"loc":{"start":{"line":364,"column":14},"end":{"line":364,"column":99}},"type":"cond-expr","locations":[{"start":{"line":364,"column":44},"end":{"line":364,"column":48}},{"start":{"line":364,"column":51},"end":{"line":364,"column":99}}],"line":364},"41":{"loc":{"start":{"line":364,"column":51},"end":{"line":364,"column":99}},"type":"cond-expr","locations":[{"start":{"line":364,"column":82},"end":{"line":364,"column":87}},{"start":{"line":364,"column":90},"end":{"line":364,"column":99}}],"line":364},"42":{"loc":{"start":{"line":379,"column":4},"end":{"line":381,"column":5}},"type":"if","locations":[{"start":{"line":379,"column":4},"end":{"line":381,"column":5}},{"start":{},"end":{}}],"line":379},"43":{"loc":{"start":{"line":402,"column":4},"end":{"line":404,"column":5}},"type":"if","locations":[{"start":{"line":402,"column":4},"end":{"line":404,"column":5}},{"start":{},"end":{}}],"line":402},"44":{"loc":{"start":{"line":414,"column":18},"end":{"line":414,"column":53}},"type":"binary-expr","locations":[{"start":{"line":414,"column":18},"end":{"line":414,"column":47}},{"start":{"line":414,"column":51},"end":{"line":414,"column":53}}],"line":414},"45":{"loc":{"start":{"line":415,"column":19},"end":{"line":415,"column":54}},"type":"binary-expr","locations":[{"start":{"line":415,"column":19},"end":{"line":415,"column":49}},{"start":{"line":415,"column":53},"end":{"line":415,"column":54}}],"line":415},"46":{"loc":{"start":{"line":441,"column":4},"end":{"line":443,"column":5}},"type":"if","locations":[{"start":{"line":441,"column":4},"end":{"line":443,"column":5}},{"start":{},"end":{}}],"line":441},"47":{"loc":{"start":{"line":464,"column":4},"end":{"line":466,"column":5}},"type":"if","locations":[{"start":{"line":464,"column":4},"end":{"line":466,"column":5}},{"start":{},"end":{}}],"line":464},"48":{"loc":{"start":{"line":475,"column":4},"end":{"line":477,"column":5}},"type":"if","locations":[{"start":{"line":475,"column":4},"end":{"line":477,"column":5}},{"start":{},"end":{}}],"line":475},"49":{"loc":{"start":{"line":480,"column":4},"end":{"line":482,"column":5}},"type":"if","locations":[{"start":{"line":480,"column":4},"end":{"line":482,"column":5}},{"start":{},"end":{}}],"line":480},"50":{"loc":{"start":{"line":493,"column":4},"end":{"line":493,"column":71}},"type":"if","locations":[{"start":{"line":493,"column":4},"end":{"line":493,"column":71}},{"start":{},"end":{}}],"line":493},"51":{"loc":{"start":{"line":513,"column":18},"end":{"line":513,"column":53}},"type":"binary-expr","locations":[{"start":{"line":513,"column":18},"end":{"line":513,"column":47}},{"start":{"line":513,"column":51},"end":{"line":513,"column":53}}],"line":513},"52":{"loc":{"start":{"line":514,"column":19},"end":{"line":514,"column":54}},"type":"binary-expr","locations":[{"start":{"line":514,"column":19},"end":{"line":514,"column":49}},{"start":{"line":514,"column":53},"end":{"line":514,"column":54}}],"line":514},"53":{"loc":{"start":{"line":530,"column":18},"end":{"line":530,"column":53}},"type":"binary-expr","locations":[{"start":{"line":530,"column":18},"end":{"line":530,"column":47}},{"start":{"line":530,"column":51},"end":{"line":530,"column":53}}],"line":530},"54":{"loc":{"start":{"line":531,"column":19},"end":{"line":531,"column":54}},"type":"binary-expr","locations":[{"start":{"line":531,"column":19},"end":{"line":531,"column":49}},{"start":{"line":531,"column":53},"end":{"line":531,"column":54}}],"line":531},"55":{"loc":{"start":{"line":555,"column":4},"end":{"line":557,"column":5}},"type":"if","locations":[{"start":{"line":555,"column":4},"end":{"line":557,"column":5}},{"start":{},"end":{}}],"line":555},"56":{"loc":{"start":{"line":555,"column":8},"end":{"line":555,"column":86}},"type":"binary-expr","locations":[{"start":{"line":555,"column":8},"end":{"line":555,"column":24}},{"start":{"line":555,"column":28},"end":{"line":555,"column":44}},{"start":{"line":555,"column":48},"end":{"line":555,"column":68}},{"start":{"line":555,"column":72},"end":{"line":555,"column":86}}],"line":555},"57":{"loc":{"start":{"line":560,"column":4},"end":{"line":562,"column":5}},"type":"if","locations":[{"start":{"line":560,"column":4},"end":{"line":562,"column":5}},{"start":{},"end":{}}],"line":560},"58":{"loc":{"start":{"line":560,"column":8},"end":{"line":560,"column":69}},"type":"binary-expr","locations":[{"start":{"line":560,"column":8},"end":{"line":560,"column":35}},{"start":{"line":560,"column":39},"end":{"line":560,"column":52}},{"start":{"line":560,"column":56},"end":{"line":560,"column":69}}],"line":560},"59":{"loc":{"start":{"line":565,"column":4},"end":{"line":567,"column":5}},"type":"if","locations":[{"start":{"line":565,"column":4},"end":{"line":567,"column":5}},{"start":{},"end":{}}],"line":565},"60":{"loc":{"start":{"line":574,"column":14},"end":{"line":574,"column":33}},"type":"binary-expr","locations":[{"start":{"line":574,"column":14},"end":{"line":574,"column":20}},{"start":{"line":574,"column":24},"end":{"line":574,"column":33}}],"line":574},"61":{"loc":{"start":{"line":575,"column":12},"end":{"line":575,"column":29}},"type":"binary-expr","locations":[{"start":{"line":575,"column":12},"end":{"line":575,"column":16}},{"start":{"line":575,"column":20},"end":{"line":575,"column":29}}],"line":575},"62":{"loc":{"start":{"line":584,"column":2},"end":{"line":589,"column":3}},"type":"if","locations":[{"start":{"line":584,"column":2},"end":{"line":589,"column":3}},{"start":{},"end":{}}],"line":584},"63":{"loc":{"start":{"line":585,"column":4},"end":{"line":587,"column":5}},"type":"if","locations":[{"start":{"line":585,"column":4},"end":{"line":587,"column":5}},{"start":{},"end":{}}],"line":585},"64":{"loc":{"start":{"line":590,"column":2},"end":{"line":592,"column":3}},"type":"if","locations":[{"start":{"line":590,"column":2},"end":{"line":592,"column":3}},{"start":{},"end":{}}],"line":590},"65":{"loc":{"start":{"line":590,"column":6},"end":{"line":590,"column":61}},"type":"binary-expr","locations":[{"start":{"line":590,"column":6},"end":{"line":590,"column":9}},{"start":{"line":590,"column":13},"end":{"line":590,"column":61}}],"line":590},"66":{"loc":{"start":{"line":597,"column":13},"end":{"line":597,"column":37}},"type":"binary-expr","locations":[{"start":{"line":597,"column":13},"end":{"line":597,"column":29}},{"start":{"line":597,"column":33},"end":{"line":597,"column":37}}],"line":597}},"s":{"0":0,"1":0,"2":0,"3":0,"4":0,"5":0,"6":0,"7":0,"8":0,"9":0,"10":0,"11":0,"12":0,"13":0,"14":0,"15":0,"16":0,"17":0,"18":0,"19":0,"20":0,"21":0,"22":0,"23":0,"24":0,"25":0,"26":0,"27":0,"28":0,"29":0,"30":0,"31":0,"32":0,"33":0,"34":0,"35":0,"36":0,"37":0,"38":0,"39":0,"40":0,"41":0,"42":0,"43":0,"44":0,"45":0,"46":0,"47":0,"48":0,"49":0,"50":0,"51":0,"52":0,"53":0,"54":0,"55":0,"56":0,"57":0,"58":0,"59":0,"60":0,"61":0,"62":0,"63":0,"64":0,"65":0,"66":0,"67":0,"68":0,"69":0,"70":0,"71":0,"72":0,"73":0,"74":0,"75":0,"76":0,"77":0,"78":0,"79":0,"80":0,"81":0,"82":0,"83":0,"84":0,"85":0,"86":0,"87":0,"88":0,"89":0,"90":0,"91":0,"92":0,"93":0,"94":0,"95":0,"96":0,"97":0,"98":0,"99":0,"100":0,"101":0,"102":0,"103":0,"104":0,"105":0,"106":0,"107":0,"108":0,"109":0,"110":0,"111":0,"112":0,"113":0,"114":0,"115":0,"116":0,"117":0,"118":0,"119":0,"120":0,"121":0,"122":0,"123":0,"124":0,"125":0,"126":0,"127":0,"128":0,"129":0,"130":0,"131":0,"132":0,"133":0,"134":0,"135":0,"136":0,"137":0,"138":0,"139":0,"140":0,"141":0,"142":0,"143":0,"144":0,"145":0,"146":0,"147":0,"148":0,"149":0,"150":0,"151":0,"152":0,"153":0,"154":0,"155":0,"156":0,"157":0,"158":0,"159":0,"160":0,"161":0,"162":0,"163":0,"164":0,"165":0,"166":0,"167":0,"168":0,"169":0,"170":0,"171":0,"172":0,"173":0,"174":0,"175":0,"176":0,"177":0,"178":0,"179":0,"180":0,"181":0,"182":0,"183":0,"184":0,"185":0,"186":0,"187":0,"188":0,"189":0,"190":0,"191":0,"192":0,"193":0,"194":0,"195":0,"196":0,"197":0,"198":0,"199":0,"200":0,"201":0,"202":0,"203":0,"204":0,"205":0,"206":0,"207":0,"208":0,"209":0,"210":0,"211":0,"212":0,"213":0,"214":0,"215":0,"216":0,"217":0,"218":0,"219":0,"220":0,"221":0,"222":0,"223":0,"224":0,"225":0,"226":0,"227":0,"228":0,"229":0,"230":0,"231":0,"232":0,"233":0,"234":0,"235":0,"236":0,"237":0,"238":0,"239":0,"240":0,"241":0,"242":0,"243":0,"244":0,"245":0,"246":0,"247":0,"248":0,"249":0,"250":0,"251":0,"252":0,"253":0,"254":0,"255":0,"256":0,"257":0,"258":0,"259":0,"260":0,"261":0,"262":0,"263":0,"264":0,"265":0,"266":0,"267":0,"268":0,"269":0,"270":0,"271":0,"272":0,"273":0,"274":0,"275":0,"276":0,"277":0,"278":0,"279":0,"280":0,"281":0,"282":0,"283":0,"284":0,"285":0,"286":0,"287":0,"288":0,"289":0,"290":0,"291":0},"f":{"0":0,"1":0,"2":0,"3":0,"4":0,"5":0,"6":0,"7":0,"8":0,"9":0,"10":0,"11":0,"12":0,"13":0,"14":0,"15":0,"16":0,"17":0,"18":0,"19":0,"20":0,"21":0,"22":0,"23":0,"24":0,"25":0,"26":0,"27":0,"28":0,"29":0,"30":0,"31":0,"32":0,"33":0,"34":0,"35":0,"36":0},"b":{"0":[0,0],"1":[0,0],"2":[0,0],"3":[0,0],"4":[0,0],"5":[0,0],"6":[0,0],"7":[0,0,0,0],"8":[0,0],"9":[0,0],"10":[0,0],"11":[0,0],"12":[0,0],"13":[0,0],"14":[0,0],"15":[0,0],"16":[0,0],"17":[0,0],"18":[0,0],"19":[0,0],"20":[0,0],"21":[0,0],"22":[0,0],"23":[0,0],"24":[0,0],"25":[0,0],"26":[0,0],"27":[0,0],"28":[0,0],"29":[0,0],"30":[0,0],"31":[0,0],"32":[0,0],"33":[0,0],"34":[0,0],"35":[0,0],"36":[0,0],"37":[0,0],"38":[0,0],"39":[0,0],"40":[0,0],"41":[0,0],"42":[0,0],"43":[0,0],"44":[0,0],"45":[0,0],"46":[0,0],"47":[0,0],"48":[0,0],"49":[0,0],"50":[0,0],"51":[0,0],"52":[0,0],"53":[0,0],"54":[0,0],"55":[0,0],"56":[0,0,0,0],"57":[0,0],"58":[0,0,0],"59":[0,0],"60":[0,0],"61":[0,0],"62":[0,0],"63":[0,0],"64":[0,0],"65":[0,0],"66":[0,0]}}
,"/Users/kaitlynbresnan/csc_308-309/308-309/packages/express-backend/band-services.js": {"path":"/Users/kaitlynbresnan/csc_308-309/308-309/packages/express-backend/band-services.js","statementMap":{"0":{"start":{"line":4,"column":20},"end":{"line":4,"column":98}},"1":{"start":{"line":8,"column":18},"end":{"line":8,"column":20}},"2":{"start":{"line":9,"column":4},"end":{"line":11,"column":5}},"3":{"start":{"line":10,"column":8},"end":{"line":10,"column":48}},"4":{"start":{"line":12,"column":4},"end":{"line":14,"column":5}},"5":{"start":{"line":13,"column":8},"end":{"line":13,"column":75}},"6":{"start":{"line":13,"column":56},"end":{"line":13,"column":71}},"7":{"start":{"line":15,"column":4},"end":{"line":17,"column":5}},"8":{"start":{"line":16,"column":8},"end":{"line":16,"column":73}},"9":{"start":{"line":16,"column":54},"end":{"line":16,"column":69}},"10":{"start":{"line":18,"column":4},"end":{"line":20,"column":5}},"11":{"start":{"line":19,"column":8},"end":{"line":19,"column":79}},"12":{"start":{"line":19,"column":60},"end":{"line":19,"column":75}},"13":{"start":{"line":21,"column":4},"end":{"line":26,"column":5}},"14":{"start":{"line":22,"column":8},"end":{"line":25,"column":10}},"15":{"start":{"line":27,"column":4},"end":{"line":27,"column":17}},"16":{"start":{"line":31,"column":18},"end":{"line":31,"column":84}},"17":{"start":{"line":32,"column":4},"end":{"line":32,"column":53}},"18":{"start":{"line":36,"column":4},"end":{"line":36,"column":62}},"19":{"start":{"line":40,"column":18},"end":{"line":40,"column":42}},"20":{"start":{"line":41,"column":25},"end":{"line":41,"column":92}},"21":{"start":{"line":42,"column":25},"end":{"line":42,"column":56}},"22":{"start":{"line":43,"column":4},"end":{"line":43,"column":98}},"23":{"start":{"line":43,"column":79},"end":{"line":43,"column":95}},"24":{"start":{"line":48,"column":4},"end":{"line":48,"column":34}},"25":{"start":{"line":52,"column":22},"end":{"line":52,"column":41}},"26":{"start":{"line":53,"column":4},"end":{"line":53,"column":28}},"27":{"start":{"line":57,"column":4},"end":{"line":57,"column":43}},"28":{"start":{"line":61,"column":4},"end":{"line":65,"column":6}},"29":{"start":{"line":69,"column":4},"end":{"line":73,"column":6}},"30":{"start":{"line":77,"column":4},"end":{"line":81,"column":6}},"31":{"start":{"line":85,"column":4},"end":{"line":89,"column":6}},"32":{"start":{"line":93,"column":4},"end":{"line":97,"column":6}}},"fnMap":{"0":{"name":"buildBandsQuery","decl":{"start":{"line":7,"column":9},"end":{"line":7,"column":24}},"loc":{"start":{"line":7,"column":39},"end":{"line":28,"column":1}},"line":7},"1":{"name":"(anonymous_1)","decl":{"start":{"line":13,"column":51},"end":{"line":13,"column":52}},"loc":{"start":{"line":13,"column":56},"end":{"line":13,"column":71}},"line":13},"2":{"name":"(anonymous_2)","decl":{"start":{"line":16,"column":49},"end":{"line":16,"column":50}},"loc":{"start":{"line":16,"column":54},"end":{"line":16,"column":69}},"line":16},"3":{"name":"(anonymous_3)","decl":{"start":{"line":19,"column":55},"end":{"line":19,"column":56}},"loc":{"start":{"line":19,"column":60},"end":{"line":19,"column":75}},"line":19},"4":{"name":"getBands","decl":{"start":{"line":30,"column":9},"end":{"line":30,"column":17}},"loc":{"start":{"line":30,"column":65},"end":{"line":33,"column":1}},"line":30},"5":{"name":"getBandsCount","decl":{"start":{"line":35,"column":9},"end":{"line":35,"column":22}},"loc":{"start":{"line":35,"column":37},"end":{"line":37,"column":1}},"line":35},"6":{"name":"getBandsPaginated","decl":{"start":{"line":39,"column":9},"end":{"line":39,"column":26}},"loc":{"start":{"line":39,"column":56},"end":{"line":44,"column":1}},"line":39},"7":{"name":"(anonymous_7)","decl":{"start":{"line":43,"column":58},"end":{"line":43,"column":59}},"loc":{"start":{"line":43,"column":79},"end":{"line":43,"column":95}},"line":43},"8":{"name":"findBandById","decl":{"start":{"line":47,"column":9},"end":{"line":47,"column":21}},"loc":{"start":{"line":47,"column":26},"end":{"line":49,"column":1}},"line":47},"9":{"name":"addBand","decl":{"start":{"line":51,"column":9},"end":{"line":51,"column":16}},"loc":{"start":{"line":51,"column":23},"end":{"line":54,"column":1}},"line":51},"10":{"name":"findBandByIdAndDelete","decl":{"start":{"line":56,"column":9},"end":{"line":56,"column":30}},"loc":{"start":{"line":56,"column":35},"end":{"line":58,"column":1}},"line":56},"11":{"name":"updateBandProfilePicture","decl":{"start":{"line":60,"column":9},"end":{"line":60,"column":33}},"loc":{"start":{"line":60,"column":59},"end":{"line":66,"column":1}},"line":60},"12":{"name":"addBandGalleryImage","decl":{"start":{"line":68,"column":9},"end":{"line":68,"column":28}},"loc":{"start":{"line":68,"column":43},"end":{"line":74,"column":1}},"line":68},"13":{"name":"removeBandGalleryImage","decl":{"start":{"line":76,"column":9},"end":{"line":76,"column":31}},"loc":{"start":{"line":76,"column":46},"end":{"line":82,"column":1}},"line":76},"14":{"name":"addBandVideo","decl":{"start":{"line":84,"column":9},"end":{"line":84,"column":21}},"loc":{"start":{"line":84,"column":35},"end":{"line":90,"column":1}},"line":84},"15":{"name":"removeBandVideo","decl":{"start":{"line":92,"column":9},"end":{"line":92,"column":24}},"loc":{"start":{"line":92,"column":38},"end":{"line":98,"column":1}},"line":92}},"branchMap":{"0":{"loc":{"start":{"line":7,"column":25},"end":{"line":7,"column":37}},"type":"default-arg","locations":[{"start":{"line":7,"column":35},"end":{"line":7,"column":37}}],"line":7},"1":{"loc":{"start":{"line":9,"column":4},"end":{"line":11,"column":5}},"type":"if","locations":[{"start":{"line":9,"column":4},"end":{"line":11,"column":5}},{"start":{},"end":{}}],"line":9},"2":{"loc":{"start":{"line":12,"column":4},"end":{"line":14,"column":5}},"type":"if","locations":[{"start":{"line":12,"column":4},"end":{"line":14,"column":5}},{"start":{},"end":{}}],"line":12},"3":{"loc":{"start":{"line":15,"column":4},"end":{"line":17,"column":5}},"type":"if","locations":[{"start":{"line":15,"column":4},"end":{"line":17,"column":5}},{"start":{},"end":{}}],"line":15},"4":{"loc":{"start":{"line":18,"column":4},"end":{"line":20,"column":5}},"type":"if","locations":[{"start":{"line":18,"column":4},"end":{"line":20,"column":5}},{"start":{},"end":{}}],"line":18},"5":{"loc":{"start":{"line":21,"column":4},"end":{"line":26,"column":5}},"type":"if","locations":[{"start":{"line":21,"column":4},"end":{"line":26,"column":5}},{"start":{},"end":{}}],"line":21},"6":{"loc":{"start":{"line":35,"column":23},"end":{"line":35,"column":35}},"type":"default-arg","locations":[{"start":{"line":35,"column":33},"end":{"line":35,"column":35}}],"line":35},"7":{"loc":{"start":{"line":39,"column":42},"end":{"line":39,"column":54}},"type":"default-arg","locations":[{"start":{"line":39,"column":52},"end":{"line":39,"column":54}}],"line":39}},"s":{"0":1,"1":5,"2":5,"3":2,"4":5,"5":1,"6":1,"7":5,"8":1,"9":1,"10":5,"11":1,"12":1,"13":5,"14":1,"15":5,"16":3,"17":3,"18":1,"19":1,"20":1,"21":1,"22":1,"23":1,"24":1,"25":1,"26":1,"27":1,"28":0,"29":0,"30":0,"31":0,"32":0},"f":{"0":5,"1":1,"2":1,"3":1,"4":3,"5":1,"6":1,"7":1,"8":1,"9":1,"10":1,"11":0,"12":0,"13":0,"14":0,"15":0},"b":{"0":[0],"1":[2,3],"2":[1,4],"3":[1,4],"4":[1,4],"5":[1,4],"6":[0],"7":[0]},"_coverageSchema":"1a1c01bbd47fc00a2c39e90264f33305004495a9","hash":"49ee1085dda1223f628f55c55992ad325c4b540c"}
,"/Users/kaitlynbresnan/csc_308-309/308-309/packages/express-backend/band.js": {"path":"/Users/kaitlynbresnan/csc_308-309/308-309/packages/express-backend/band.js","statementMap":{"0":{"start":{"line":4,"column":19},"end":{"line":33,"column":1}},"1":{"start":{"line":35,"column":13},"end":{"line":35,"column":47}}},"fnMap":{},"branchMap":{},"s":{"0":3,"1":3},"f":{},"b":{},"_coverageSchema":"1a1c01bbd47fc00a2c39e90264f33305004495a9","hash":"744e4b320784bad74c41e43cdbd17dc7a5b0e10d"}
,"/Users/kaitlynbresnan/csc_308-309/308-309/packages/express-backend/conversation-services.js": {"path":"/Users/kaitlynbresnan/csc_308-309/308-309/packages/express-backend/conversation-services.js","statementMap":{"0":{"start":{"line":4,"column":16},"end":{"line":4,"column":18}},"1":{"start":{"line":6,"column":2},"end":{"line":6,"column":36}},"2":{"start":{"line":6,"column":14},"end":{"line":6,"column":36}},"3":{"start":{"line":7,"column":2},"end":{"line":7,"column":39}},"4":{"start":{"line":7,"column":15},"end":{"line":7,"column":39}},"5":{"start":{"line":9,"column":2},"end":{"line":9,"column":34}},"6":{"start":{"line":13,"column":2},"end":{"line":13,"column":46}},"7":{"start":{"line":17,"column":2},"end":{"line":19,"column":18}},"8":{"start":{"line":23,"column":26},"end":{"line":23,"column":48}},"9":{"start":{"line":24,"column":2},"end":{"line":24,"column":32}},"10":{"start":{"line":28,"column":2},"end":{"line":28,"column":35}},"11":{"start":{"line":32,"column":2},"end":{"line":32,"column":44}}},"fnMap":{"0":{"name":"getConversations","decl":{"start":{"line":3,"column":9},"end":{"line":3,"column":25}},"loc":{"start":{"line":3,"column":43},"end":{"line":10,"column":1}},"line":3},"1":{"name":"getConversationsCount","decl":{"start":{"line":12,"column":9},"end":{"line":12,"column":30}},"loc":{"start":{"line":12,"column":40},"end":{"line":14,"column":1}},"line":12},"2":{"name":"getConversationsPaginated","decl":{"start":{"line":16,"column":9},"end":{"line":16,"column":34}},"loc":{"start":{"line":16,"column":59},"end":{"line":20,"column":1}},"line":16},"3":{"name":"addConversation","decl":{"start":{"line":22,"column":9},"end":{"line":22,"column":24}},"loc":{"start":{"line":22,"column":31},"end":{"line":25,"column":1}},"line":22},"4":{"name":"findConversationById","decl":{"start":{"line":27,"column":9},"end":{"line":27,"column":29}},"loc":{"start":{"line":27,"column":34},"end":{"line":29,"column":1}},"line":27},"5":{"name":"findConversationByIdAndDelete","decl":{"start":{"line":31,"column":9},"end":{"line":31,"column":38}},"loc":{"start":{"line":31,"column":43},"end":{"line":33,"column":1}},"line":31}},"branchMap":{"0":{"loc":{"start":{"line":6,"column":2},"end":{"line":6,"column":36}},"type":"if","locations":[{"start":{"line":6,"column":2},"end":{"line":6,"column":36}},{"start":{},"end":{}}],"line":6},"1":{"loc":{"start":{"line":7,"column":2},"end":{"line":7,"column":39}},"type":"if","locations":[{"start":{"line":7,"column":2},"end":{"line":7,"column":39}},{"start":{},"end":{}}],"line":7}},"s":{"0":4,"1":4,"2":2,"3":4,"4":2,"5":4,"6":1,"7":1,"8":1,"9":1,"10":1,"11":1},"f":{"0":4,"1":1,"2":1,"3":1,"4":1,"5":1},"b":{"0":[2,2],"1":[2,2]},"_coverageSchema":"1a1c01bbd47fc00a2c39e90264f33305004495a9","hash":"7f0e2ab69c1fd08810c6fa2cda2c7737d0d423ab"}
,"/Users/kaitlynbresnan/csc_308-309/308-309/packages/express-backend/conversation.js": {"path":"/Users/kaitlynbresnan/csc_308-309/308-309/packages/express-backend/conversation.js","statementMap":{"0":{"start":{"line":2,"column":17},"end":{"line":2,"column":25}},"1":{"start":{"line":4,"column":27},"end":{"line":37,"column":2}},"2":{"start":{"line":39,"column":0},"end":{"line":47,"column":2}},"3":{"start":{"line":49,"column":21},"end":{"line":49,"column":71}}},"fnMap":{},"branchMap":{},"s":{"0":1,"1":1,"2":1,"3":1},"f":{},"b":{},"_coverageSchema":"1a1c01bbd47fc00a2c39e90264f33305004495a9","hash":"023dd512e390c143935a7643fef362c9c5fde1a7"}
,"/Users/kaitlynbresnan/csc_308-309/308-309/packages/express-backend/gig-services.js": {"path":"/Users/kaitlynbresnan/csc_308-309/308-309/packages/express-backend/gig-services.js","statementMap":{"0":{"start":{"line":4,"column":19},"end":{"line":4,"column":99}},"1":{"start":{"line":7,"column":18},"end":{"line":7,"column":20}},"2":{"start":{"line":8,"column":4},"end":{"line":10,"column":5}},"3":{"start":{"line":9,"column":8},"end":{"line":9,"column":48}},"4":{"start":{"line":11,"column":4},"end":{"line":13,"column":5}},"5":{"start":{"line":12,"column":8},"end":{"line":12,"column":62}},"6":{"start":{"line":14,"column":4},"end":{"line":16,"column":5}},"7":{"start":{"line":15,"column":8},"end":{"line":15,"column":73}},"8":{"start":{"line":15,"column":54},"end":{"line":15,"column":69}},"9":{"start":{"line":17,"column":4},"end":{"line":19,"column":5}},"10":{"start":{"line":18,"column":8},"end":{"line":18,"column":56}},"11":{"start":{"line":20,"column":4},"end":{"line":25,"column":5}},"12":{"start":{"line":21,"column":8},"end":{"line":24,"column":10}},"13":{"start":{"line":26,"column":4},"end":{"line":28,"column":5}},"14":{"start":{"line":27,"column":8},"end":{"line":27,"column":34}},"15":{"start":{"line":29,"column":4},"end":{"line":34,"column":5}},"16":{"start":{"line":30,"column":8},"end":{"line":33,"column":10}},"17":{"start":{"line":35,"column":4},"end":{"line":37,"column":5}},"18":{"start":{"line":36,"column":8},"end":{"line":36,"column":34}},"19":{"start":{"line":38,"column":4},"end":{"line":40,"column":5}},"20":{"start":{"line":39,"column":8},"end":{"line":39,"column":38}},"21":{"start":{"line":41,"column":4},"end":{"line":43,"column":5}},"22":{"start":{"line":42,"column":8},"end":{"line":42,"column":57}},"23":{"start":{"line":44,"column":4},"end":{"line":44,"column":17}},"24":{"start":{"line":48,"column":18},"end":{"line":48,"column":125}},"25":{"start":{"line":49,"column":4},"end":{"line":49,"column":51}},"26":{"start":{"line":53,"column":4},"end":{"line":53,"column":60}},"27":{"start":{"line":57,"column":18},"end":{"line":57,"column":41}},"28":{"start":{"line":58,"column":24},"end":{"line":58,"column":89}},"29":{"start":{"line":59,"column":25},"end":{"line":59,"column":55}},"30":{"start":{"line":60,"column":4},"end":{"line":60,"column":95}},"31":{"start":{"line":60,"column":77},"end":{"line":60,"column":92}},"32":{"start":{"line":65,"column":4},"end":{"line":65,"column":33}},"33":{"start":{"line":69,"column":21},"end":{"line":69,"column":38}},"34":{"start":{"line":70,"column":4},"end":{"line":70,"column":27}},"35":{"start":{"line":74,"column":4},"end":{"line":74,"column":42}}},"fnMap":{"0":{"name":"buildGigsQuery","decl":{"start":{"line":6,"column":9},"end":{"line":6,"column":23}},"loc":{"start":{"line":6,"column":38},"end":{"line":45,"column":1}},"line":6},"1":{"name":"(anonymous_1)","decl":{"start":{"line":15,"column":49},"end":{"line":15,"column":50}},"loc":{"start":{"line":15,"column":54},"end":{"line":15,"column":69}},"line":15},"2":{"name":"getGigs","decl":{"start":{"line":47,"column":9},"end":{"line":47,"column":16}},"loc":{"start":{"line":47,"column":106},"end":{"line":50,"column":1}},"line":47},"3":{"name":"getGigsCount","decl":{"start":{"line":52,"column":9},"end":{"line":52,"column":21}},"loc":{"start":{"line":52,"column":36},"end":{"line":54,"column":1}},"line":52},"4":{"name":"getGigsPaginated","decl":{"start":{"line":56,"column":9},"end":{"line":56,"column":25}},"loc":{"start":{"line":56,"column":55},"end":{"line":61,"column":1}},"line":56},"5":{"name":"(anonymous_5)","decl":{"start":{"line":60,"column":57},"end":{"line":60,"column":58}},"loc":{"start":{"line":60,"column":77},"end":{"line":60,"column":92}},"line":60},"6":{"name":"findGigById","decl":{"start":{"line":64,"column":9},"end":{"line":64,"column":20}},"loc":{"start":{"line":64,"column":25},"end":{"line":66,"column":1}},"line":64},"7":{"name":"addGig","decl":{"start":{"line":68,"column":9},"end":{"line":68,"column":15}},"loc":{"start":{"line":68,"column":21},"end":{"line":71,"column":1}},"line":68},"8":{"name":"findGigByIdAndDelete","decl":{"start":{"line":73,"column":9},"end":{"line":73,"column":29}},"loc":{"start":{"line":73,"column":34},"end":{"line":75,"column":1}},"line":73}},"branchMap":{"0":{"loc":{"start":{"line":6,"column":24},"end":{"line":6,"column":36}},"type":"default-arg","locations":[{"start":{"line":6,"column":34},"end":{"line":6,"column":36}}],"line":6},"1":{"loc":{"start":{"line":8,"column":4},"end":{"line":10,"column":5}},"type":"if","locations":[{"start":{"line":8,"column":4},"end":{"line":10,"column":5}},{"start":{},"end":{}}],"line":8},"2":{"loc":{"start":{"line":11,"column":4},"end":{"line":13,"column":5}},"type":"if","locations":[{"start":{"line":11,"column":4},"end":{"line":13,"column":5}},{"start":{},"end":{}}],"line":11},"3":{"loc":{"start":{"line":14,"column":4},"end":{"line":16,"column":5}},"type":"if","locations":[{"start":{"line":14,"column":4},"end":{"line":16,"column":5}},{"start":{},"end":{}}],"line":14},"4":{"loc":{"start":{"line":17,"column":4},"end":{"line":19,"column":5}},"type":"if","locations":[{"start":{"line":17,"column":4},"end":{"line":19,"column":5}},{"start":{},"end":{}}],"line":17},"5":{"loc":{"start":{"line":20,"column":4},"end":{"line":25,"column":5}},"type":"if","locations":[{"start":{"line":20,"column":4},"end":{"line":25,"column":5}},{"start":{},"end":{}}],"line":20},"6":{"loc":{"start":{"line":26,"column":4},"end":{"line":28,"column":5}},"type":"if","locations":[{"start":{"line":26,"column":4},"end":{"line":28,"column":5}},{"start":{},"end":{}}],"line":26},"7":{"loc":{"start":{"line":29,"column":4},"end":{"line":34,"column":5}},"type":"if","locations":[{"start":{"line":29,"column":4},"end":{"line":34,"column":5}},{"start":{},"end":{}}],"line":29},"8":{"loc":{"start":{"line":35,"column":4},"end":{"line":37,"column":5}},"type":"if","locations":[{"start":{"line":35,"column":4},"end":{"line":37,"column":5}},{"start":{},"end":{}}],"line":35},"9":{"loc":{"start":{"line":38,"column":4},"end":{"line":40,"column":5}},"type":"if","locations":[{"start":{"line":38,"column":4},"end":{"line":40,"column":5}},{"start":{},"end":{}}],"line":38},"10":{"loc":{"start":{"line":41,"column":4},"end":{"line":43,"column":5}},"type":"if","locations":[{"start":{"line":41,"column":4},"end":{"line":43,"column":5}},{"start":{},"end":{}}],"line":41},"11":{"loc":{"start":{"line":52,"column":22},"end":{"line":52,"column":34}},"type":"default-arg","locations":[{"start":{"line":52,"column":32},"end":{"line":52,"column":34}}],"line":52},"12":{"loc":{"start":{"line":56,"column":41},"end":{"line":56,"column":53}},"type":"default-arg","locations":[{"start":{"line":56,"column":51},"end":{"line":56,"column":53}}],"line":56}},"s":{"0":1,"1":4,"2":4,"3":1,"4":4,"5":1,"6":4,"7":1,"8":1,"9":4,"10":1,"11":3,"12":1,"13":3,"14":1,"15":3,"16":1,"17":3,"18":0,"19":3,"20":0,"21":3,"22":0,"23":3,"24":2,"25":1,"26":1,"27":1,"28":1,"29":1,"30":1,"31":1,"32":1,"33":1,"34":1,"35":1},"f":{"0":4,"1":1,"2":2,"3":1,"4":1,"5":1,"6":1,"7":1,"8":1},"b":{"0":[0],"1":[1,3],"2":[1,3],"3":[1,3],"4":[1,3],"5":[1,2],"6":[1,2],"7":[1,2],"8":[0,3],"9":[0,3],"10":[0,3],"11":[0],"12":[0]},"_coverageSchema":"1a1c01bbd47fc00a2c39e90264f33305004495a9","hash":"8df74f0a8e1a15c7271241465ca23cbec4d72372"}
,"/Users/kaitlynbresnan/csc_308-309/308-309/packages/express-backend/gig.js": {"path":"/Users/kaitlynbresnan/csc_308-309/308-309/packages/express-backend/gig.js","statementMap":{"0":{"start":{"line":5,"column":18},"end":{"line":40,"column":1}},"1":{"start":{"line":42,"column":12},"end":{"line":42,"column":44}}},"fnMap":{},"branchMap":{},"s":{"0":1,"1":1},"f":{},"b":{},"_coverageSchema":"1a1c01bbd47fc00a2c39e90264f33305004495a9","hash":"fb024c6608ad8e0a997294d7aa61bcd7ab0ca61a"}
,"/Users/kaitlynbresnan/csc_308-309/308-309/packages/express-backend/jest.config.js": {"path":"/Users/kaitlynbresnan/csc_308-309/308-309/packages/express-backend/jest.config.js","statementMap":{},"fnMap":{},"branchMap":{},"s":{},"f":{},"b":{}}
,"/Users/kaitlynbresnan/csc_308-309/308-309/packages/express-backend/message-services.js": {"path":"/Users/kaitlynbresnan/csc_308-309/308-309/packages/express-backend/message-services.js","statementMap":{"0":{"start":{"line":4,"column":2},"end":{"line":4,"column":42}},"1":{"start":{"line":8,"column":2},"end":{"line":8,"column":41}},"2":{"start":{"line":12,"column":2},"end":{"line":14,"column":18}},"3":{"start":{"line":18,"column":21},"end":{"line":18,"column":41}},"4":{"start":{"line":19,"column":2},"end":{"line":19,"column":27}},"5":{"start":{"line":23,"column":2},"end":{"line":23,"column":30}},"6":{"start":{"line":27,"column":2},"end":{"line":27,"column":39}}},"fnMap":{"0":{"name":"getMessages","decl":{"start":{"line":3,"column":9},"end":{"line":3,"column":20}},"loc":{"start":{"line":3,"column":37},"end":{"line":5,"column":1}},"line":3},"1":{"name":"getMessagesCount","decl":{"start":{"line":7,"column":9},"end":{"line":7,"column":25}},"loc":{"start":{"line":7,"column":35},"end":{"line":9,"column":1}},"line":7},"2":{"name":"getMessagesPaginated","decl":{"start":{"line":11,"column":9},"end":{"line":11,"column":29}},"loc":{"start":{"line":11,"column":54},"end":{"line":15,"column":1}},"line":11},"3":{"name":"addMessage","decl":{"start":{"line":17,"column":9},"end":{"line":17,"column":19}},"loc":{"start":{"line":17,"column":29},"end":{"line":20,"column":1}},"line":17},"4":{"name":"findMessageById","decl":{"start":{"line":22,"column":9},"end":{"line":22,"column":24}},"loc":{"start":{"line":22,"column":29},"end":{"line":24,"column":1}},"line":22},"5":{"name":"findMessageByIdAndDelete","decl":{"start":{"line":26,"column":9},"end":{"line":26,"column":33}},"loc":{"start":{"line":26,"column":38},"end":{"line":28,"column":1}},"line":26}},"branchMap":{},"s":{"0":1,"1":1,"2":1,"3":1,"4":1,"5":1,"6":1},"f":{"0":1,"1":1,"2":1,"3":1,"4":1,"5":1},"b":{},"_coverageSchema":"1a1c01bbd47fc00a2c39e90264f33305004495a9","hash":"838cb0f972180e4be1cd8c09035a9dc54d13eb63"}
,"/Users/kaitlynbresnan/csc_308-309/308-309/packages/express-backend/messages.js": {"path":"/Users/kaitlynbresnan/csc_308-309/308-309/packages/express-backend/messages.js","statementMap":{"0":{"start":{"line":2,"column":19},"end":{"line":2,"column":27}},"1":{"start":{"line":3,"column":22},"end":{"line":39,"column":2}},"2":{"start":{"line":41,"column":16},"end":{"line":41,"column":56}}},"fnMap":{},"branchMap":{},"s":{"0":1,"1":1,"2":1},"f":{},"b":{},"_coverageSchema":"1a1c01bbd47fc00a2c39e90264f33305004495a9","hash":"0855bd24cde5ba52d1698ec2a81457da08ce7eba"}
,"/Users/kaitlynbresnan/csc_308-309/308-309/packages/express-backend/musician-services.js": {"path":"/Users/kaitlynbresnan/csc_308-309/308-309/packages/express-backend/musician-services.js","statementMap":{"0":{"start":{"line":4,"column":24},"end":{"line":4,"column":84}},"1":{"start":{"line":7,"column":18},"end":{"line":7,"column":20}},"2":{"start":{"line":8,"column":4},"end":{"line":10,"column":5}},"3":{"start":{"line":9,"column":8},"end":{"line":9,"column":48}},"4":{"start":{"line":11,"column":4},"end":{"line":13,"column":5}},"5":{"start":{"line":12,"column":8},"end":{"line":12,"column":95}},"6":{"start":{"line":12,"column":76},"end":{"line":12,"column":91}},"7":{"start":{"line":14,"column":4},"end":{"line":16,"column":5}},"8":{"start":{"line":15,"column":8},"end":{"line":15,"column":83}},"9":{"start":{"line":15,"column":64},"end":{"line":15,"column":79}},"10":{"start":{"line":17,"column":4},"end":{"line":19,"column":5}},"11":{"start":{"line":18,"column":8},"end":{"line":18,"column":67}},"12":{"start":{"line":18,"column":48},"end":{"line":18,"column":63}},"13":{"start":{"line":20,"column":4},"end":{"line":20,"column":17}},"14":{"start":{"line":24,"column":18},"end":{"line":24,"column":79}},"15":{"start":{"line":25,"column":4},"end":{"line":25,"column":61}},"16":{"start":{"line":29,"column":4},"end":{"line":29,"column":70}},"17":{"start":{"line":33,"column":18},"end":{"line":33,"column":46}},"18":{"start":{"line":34,"column":29},"end":{"line":34,"column":104}},"19":{"start":{"line":35,"column":25},"end":{"line":35,"column":60}},"20":{"start":{"line":36,"column":4},"end":{"line":36,"column":110}},"21":{"start":{"line":36,"column":87},"end":{"line":36,"column":107}},"22":{"start":{"line":41,"column":4},"end":{"line":41,"column":38}},"23":{"start":{"line":45,"column":26},"end":{"line":45,"column":53}},"24":{"start":{"line":46,"column":4},"end":{"line":46,"column":32}},"25":{"start":{"line":50,"column":4},"end":{"line":50,"column":47}},"26":{"start":{"line":54,"column":4},"end":{"line":58,"column":6}},"27":{"start":{"line":62,"column":4},"end":{"line":66,"column":6}},"28":{"start":{"line":70,"column":4},"end":{"line":74,"column":6}}},"fnMap":{"0":{"name":"buildMusiciansQuery","decl":{"start":{"line":6,"column":9},"end":{"line":6,"column":28}},"loc":{"start":{"line":6,"column":43},"end":{"line":21,"column":1}},"line":6},"1":{"name":"(anonymous_1)","decl":{"start":{"line":12,"column":71},"end":{"line":12,"column":72}},"loc":{"start":{"line":12,"column":76},"end":{"line":12,"column":91}},"line":12},"2":{"name":"(anonymous_2)","decl":{"start":{"line":15,"column":59},"end":{"line":15,"column":60}},"loc":{"start":{"line":15,"column":64},"end":{"line":15,"column":79}},"line":15},"3":{"name":"(anonymous_3)","decl":{"start":{"line":18,"column":43},"end":{"line":18,"column":44}},"loc":{"start":{"line":18,"column":48},"end":{"line":18,"column":63}},"line":18},"4":{"name":"getMusicians","decl":{"start":{"line":23,"column":9},"end":{"line":23,"column":21}},"loc":{"start":{"line":23,"column":60},"end":{"line":26,"column":1}},"line":23},"5":{"name":"getMusiciansCount","decl":{"start":{"line":28,"column":9},"end":{"line":28,"column":26}},"loc":{"start":{"line":28,"column":41},"end":{"line":30,"column":1}},"line":28},"6":{"name":"getMusiciansPaginated","decl":{"start":{"line":32,"column":9},"end":{"line":32,"column":30}},"loc":{"start":{"line":32,"column":60},"end":{"line":37,"column":1}},"line":32},"7":{"name":"(anonymous_7)","decl":{"start":{"line":36,"column":62},"end":{"line":36,"column":63}},"loc":{"start":{"line":36,"column":87},"end":{"line":36,"column":107}},"line":36},"8":{"name":"findMusicianById","decl":{"start":{"line":40,"column":9},"end":{"line":40,"column":25}},"loc":{"start":{"line":40,"column":30},"end":{"line":42,"column":1}},"line":40},"9":{"name":"addMusician","decl":{"start":{"line":44,"column":9},"end":{"line":44,"column":20}},"loc":{"start":{"line":44,"column":31},"end":{"line":47,"column":1}},"line":44},"10":{"name":"findMusicianByIdAndDelete","decl":{"start":{"line":49,"column":9},"end":{"line":49,"column":34}},"loc":{"start":{"line":49,"column":39},"end":{"line":51,"column":1}},"line":49},"11":{"name":"updateMusicianProfilePicture","decl":{"start":{"line":53,"column":9},"end":{"line":53,"column":37}},"loc":{"start":{"line":53,"column":63},"end":{"line":59,"column":1}},"line":53},"12":{"name":"addMusicianVideo","decl":{"start":{"line":61,"column":9},"end":{"line":61,"column":25}},"loc":{"start":{"line":61,"column":39},"end":{"line":67,"column":1}},"line":61},"13":{"name":"removeMusicianVideo","decl":{"start":{"line":69,"column":9},"end":{"line":69,"column":28}},"loc":{"start":{"line":69,"column":42},"end":{"line":75,"column":1}},"line":69}},"branchMap":{"0":{"loc":{"start":{"line":6,"column":29},"end":{"line":6,"column":41}},"type":"default-arg","locations":[{"start":{"line":6,"column":39},"end":{"line":6,"column":41}}],"line":6},"1":{"loc":{"start":{"line":8,"column":4},"end":{"line":10,"column":5}},"type":"if","locations":[{"start":{"line":8,"column":4},"end":{"line":10,"column":5}},{"start":{},"end":{}}],"line":8},"2":{"loc":{"start":{"line":11,"column":4},"end":{"line":13,"column":5}},"type":"if","locations":[{"start":{"line":11,"column":4},"end":{"line":13,"column":5}},{"start":{},"end":{}}],"line":11},"3":{"loc":{"start":{"line":14,"column":4},"end":{"line":16,"column":5}},"type":"if","locations":[{"start":{"line":14,"column":4},"end":{"line":16,"column":5}},{"start":{},"end":{}}],"line":14},"4":{"loc":{"start":{"line":17,"column":4},"end":{"line":19,"column":5}},"type":"if","locations":[{"start":{"line":17,"column":4},"end":{"line":19,"column":5}},{"start":{},"end":{}}],"line":17},"5":{"loc":{"start":{"line":28,"column":27},"end":{"line":28,"column":39}},"type":"default-arg","locations":[{"start":{"line":28,"column":37},"end":{"line":28,"column":39}}],"line":28},"6":{"loc":{"start":{"line":32,"column":46},"end":{"line":32,"column":58}},"type":"default-arg","locations":[{"start":{"line":32,"column":56},"end":{"line":32,"column":58}}],"line":32}},"s":{"0":1,"1":4,"2":4,"3":1,"4":4,"5":1,"6":1,"7":4,"8":1,"9":1,"10":4,"11":1,"12":1,"13":4,"14":2,"15":2,"16":1,"17":1,"18":1,"19":1,"20":1,"21":1,"22":1,"23":1,"24":1,"25":1,"26":0,"27":0,"28":0},"f":{"0":4,"1":1,"2":1,"3":1,"4":2,"5":1,"6":1,"7":1,"8":1,"9":1,"10":1,"11":0,"12":0,"13":0},"b":{"0":[0],"1":[1,3],"2":[1,3],"3":[1,3],"4":[1,3],"5":[0],"6":[0]},"_coverageSchema":"1a1c01bbd47fc00a2c39e90264f33305004495a9","hash":"effd901f8b60c5abcdb2176a36027394b18e9381"}
,"/Users/kaitlynbresnan/csc_308-309/308-309/packages/express-backend/musician.js": {"path":"/Users/kaitlynbresnan/csc_308-309/308-309/packages/express-backend/musician.js","statementMap":{"0":{"start":{"line":4,"column":23},"end":{"line":32,"column":1}},"1":{"start":{"line":34,"column":17},"end":{"line":34,"column":59}}},"fnMap":{},"branchMap":{},"s":{"0":3,"1":3},"f":{},"b":{},"_coverageSchema":"1a1c01bbd47fc00a2c39e90264f33305004495a9","hash":"51c58459158fa06640f36c7a44f4b899eec4024a"}
,"/Users/kaitlynbresnan/csc_308-309/308-309/packages/express-backend/review-services.js": {"path":"/Users/kaitlynbresnan/csc_308-309/308-309/packages/express-backend/review-services.js","statementMap":{"0":{"start":{"line":4,"column":22},"end":{"line":4,"column":73}},"1":{"start":{"line":7,"column":18},"end":{"line":7,"column":20}},"2":{"start":{"line":8,"column":4},"end":{"line":10,"column":5}},"3":{"start":{"line":9,"column":8},"end":{"line":9,"column":46}},"4":{"start":{"line":11,"column":4},"end":{"line":13,"column":5}},"5":{"start":{"line":12,"column":8},"end":{"line":12,"column":42}},"6":{"start":{"line":14,"column":4},"end":{"line":16,"column":5}},"7":{"start":{"line":15,"column":8},"end":{"line":15,"column":42}},"8":{"start":{"line":17,"column":4},"end":{"line":19,"column":5}},"9":{"start":{"line":18,"column":8},"end":{"line":18,"column":50}},"10":{"start":{"line":20,"column":4},"end":{"line":22,"column":5}},"11":{"start":{"line":21,"column":8},"end":{"line":21,"column":38}},"12":{"start":{"line":23,"column":4},"end":{"line":25,"column":5}},"13":{"start":{"line":24,"column":8},"end":{"line":24,"column":34}},"14":{"start":{"line":26,"column":4},"end":{"line":26,"column":17}},"15":{"start":{"line":30,"column":18},"end":{"line":30,"column":81}},"16":{"start":{"line":31,"column":4},"end":{"line":31,"column":57}},"17":{"start":{"line":35,"column":4},"end":{"line":35,"column":66}},"18":{"start":{"line":39,"column":18},"end":{"line":39,"column":44}},"19":{"start":{"line":40,"column":27},"end":{"line":40,"column":98}},"20":{"start":{"line":41,"column":25},"end":{"line":41,"column":58}},"21":{"start":{"line":42,"column":4},"end":{"line":42,"column":104}},"22":{"start":{"line":42,"column":83},"end":{"line":42,"column":101}},"23":{"start":{"line":47,"column":4},"end":{"line":47,"column":36}},"24":{"start":{"line":51,"column":24},"end":{"line":51,"column":47}},"25":{"start":{"line":52,"column":4},"end":{"line":52,"column":30}},"26":{"start":{"line":56,"column":4},"end":{"line":56,"column":45}}},"fnMap":{"0":{"name":"buildReviewsQuery","decl":{"start":{"line":6,"column":9},"end":{"line":6,"column":26}},"loc":{"start":{"line":6,"column":41},"end":{"line":27,"column":1}},"line":6},"1":{"name":"getReviews","decl":{"start":{"line":29,"column":9},"end":{"line":29,"column":19}},"loc":{"start":{"line":29,"column":62},"end":{"line":32,"column":1}},"line":29},"2":{"name":"getReviewsCount","decl":{"start":{"line":34,"column":9},"end":{"line":34,"column":24}},"loc":{"start":{"line":34,"column":39},"end":{"line":36,"column":1}},"line":34},"3":{"name":"getReviewsPaginated","decl":{"start":{"line":38,"column":9},"end":{"line":38,"column":28}},"loc":{"start":{"line":38,"column":58},"end":{"line":43,"column":1}},"line":38},"4":{"name":"(anonymous_4)","decl":{"start":{"line":42,"column":60},"end":{"line":42,"column":61}},"loc":{"start":{"line":42,"column":83},"end":{"line":42,"column":101}},"line":42},"5":{"name":"findReviewById","decl":{"start":{"line":46,"column":9},"end":{"line":46,"column":23}},"loc":{"start":{"line":46,"column":28},"end":{"line":48,"column":1}},"line":46},"6":{"name":"addReview","decl":{"start":{"line":50,"column":9},"end":{"line":50,"column":18}},"loc":{"start":{"line":50,"column":27},"end":{"line":53,"column":1}},"line":50},"7":{"name":"findReviewByIdAndDelete","decl":{"start":{"line":55,"column":9},"end":{"line":55,"column":32}},"loc":{"start":{"line":55,"column":37},"end":{"line":57,"column":1}},"line":55}},"branchMap":{"0":{"loc":{"start":{"line":6,"column":27},"end":{"line":6,"column":39}},"type":"default-arg","locations":[{"start":{"line":6,"column":37},"end":{"line":6,"column":39}}],"line":6},"1":{"loc":{"start":{"line":8,"column":4},"end":{"line":10,"column":5}},"type":"if","locations":[{"start":{"line":8,"column":4},"end":{"line":10,"column":5}},{"start":{},"end":{}}],"line":8},"2":{"loc":{"start":{"line":8,"column":8},"end":{"line":8,"column":61}},"type":"binary-expr","locations":[{"start":{"line":8,"column":8},"end":{"line":8,"column":36}},{"start":{"line":8,"column":40},"end":{"line":8,"column":61}}],"line":8},"3":{"loc":{"start":{"line":11,"column":4},"end":{"line":13,"column":5}},"type":"if","locations":[{"start":{"line":11,"column":4},"end":{"line":13,"column":5}},{"start":{},"end":{}}],"line":11},"4":{"loc":{"start":{"line":14,"column":4},"end":{"line":16,"column":5}},"type":"if","locations":[{"start":{"line":14,"column":4},"end":{"line":16,"column":5}},{"start":{},"end":{}}],"line":14},"5":{"loc":{"start":{"line":17,"column":4},"end":{"line":19,"column":5}},"type":"if","locations":[{"start":{"line":17,"column":4},"end":{"line":19,"column":5}},{"start":{},"end":{}}],"line":17},"6":{"loc":{"start":{"line":20,"column":4},"end":{"line":22,"column":5}},"type":"if","locations":[{"start":{"line":20,"column":4},"end":{"line":22,"column":5}},{"start":{},"end":{}}],"line":20},"7":{"loc":{"start":{"line":23,"column":4},"end":{"line":25,"column":5}},"type":"if","locations":[{"start":{"line":23,"column":4},"end":{"line":25,"column":5}},{"start":{},"end":{}}],"line":23},"8":{"loc":{"start":{"line":34,"column":25},"end":{"line":34,"column":37}},"type":"default-arg","locations":[{"start":{"line":34,"column":35},"end":{"line":34,"column":37}}],"line":34},"9":{"loc":{"start":{"line":38,"column":44},"end":{"line":38,"column":56}},"type":"default-arg","locations":[{"start":{"line":38,"column":54},"end":{"line":38,"column":56}}],"line":38}},"s":{"0":1,"1":4,"2":4,"3":2,"4":4,"5":1,"6":4,"7":1,"8":4,"9":1,"10":4,"11":1,"12":4,"13":1,"14":4,"15":2,"16":2,"17":1,"18":1,"19":1,"20":1,"21":1,"22":1,"23":1,"24":1,"25":1,"26":1},"f":{"0":4,"1":2,"2":1,"3":1,"4":1,"5":1,"6":1,"7":1},"b":{"0":[0],"1":[2,2],"2":[4,3],"3":[1,3],"4":[1,3],"5":[1,3],"6":[1,3],"7":[1,3],"8":[0],"9":[0]},"_coverageSchema":"1a1c01bbd47fc00a2c39e90264f33305004495a9","hash":"caf416c2f7f884a4ca5d66c7fa29a700ad35cb1b"}
,"/Users/kaitlynbresnan/csc_308-309/308-309/packages/express-backend/review.js": {"path":"/Users/kaitlynbresnan/csc_308-309/308-309/packages/express-backend/review.js","statementMap":{"0":{"start":{"line":3,"column":21},"end":{"line":36,"column":1}},"1":{"start":{"line":38,"column":15},"end":{"line":38,"column":53}}},"fnMap":{},"branchMap":{},"s":{"0":1,"1":1},"f":{},"b":{},"_coverageSchema":"1a1c01bbd47fc00a2c39e90264f33305004495a9","hash":"73c4652b901dc9ee5c70cda6c5a4c40737a4adb5"}
,"/Users/kaitlynbresnan/csc_308-309/308-309/packages/express-backend/user.js": {"path":"/Users/kaitlynbresnan/csc_308-309/308-309/packages/express-backend/user.js","statementMap":{"0":{"start":{"line":3,"column":20},"end":{"line":3,"column":49}},"1":{"start":{"line":5,"column":19},"end":{"line":37,"column":1}},"2":{"start":{"line":39,"column":13},"end":{"line":39,"column":47}}},"fnMap":{},"branchMap":{},"s":{"0":0,"1":0,"2":0},"f":{},"b":{}}
,"/Users/kaitlynbresnan/csc_308-309/308-309/packages/express-backend/venue-services.js": {"path":"/Users/kaitlynbresnan/csc_308-309/308-309/packages/express-backend/venue-services.js","statementMap":{"0":{"start":{"line":4,"column":16},"end":{"line":4,"column":18}},"1":{"start":{"line":6,"column":2},"end":{"line":8,"column":3}},"2":{"start":{"line":7,"column":4},"end":{"line":7,"column":36}},"3":{"start":{"line":9,"column":2},"end":{"line":11,"column":3}},"4":{"start":{"line":10,"column":4},"end":{"line":10,"column":36}},"5":{"start":{"line":12,"column":2},"end":{"line":14,"column":3}},"6":{"start":{"line":13,"column":4},"end":{"line":13,"column":38}},"7":{"start":{"line":15,"column":2},"end":{"line":17,"column":3}},"8":{"start":{"line":16,"column":4},"end":{"line":16,"column":20}},"9":{"start":{"line":18,"column":2},"end":{"line":23,"column":3}},"10":{"start":{"line":19,"column":4},"end":{"line":22,"column":6}},"11":{"start":{"line":24,"column":2},"end":{"line":24,"column":32}},"12":{"start":{"line":28,"column":19},"end":{"line":28,"column":40}},"13":{"start":{"line":29,"column":18},"end":{"line":29,"column":33}},"14":{"start":{"line":30,"column":2},"end":{"line":30,"column":17}},"15":{"start":{"line":34,"column":2},"end":{"line":34,"column":33}},"16":{"start":{"line":38,"column":2},"end":{"line":38,"column":42}}},"fnMap":{"0":{"name":"getVenue","decl":{"start":{"line":3,"column":9},"end":{"line":3,"column":17}},"loc":{"start":{"line":3,"column":58},"end":{"line":25,"column":1}},"line":3},"1":{"name":"addVenue","decl":{"start":{"line":27,"column":9},"end":{"line":27,"column":17}},"loc":{"start":{"line":27,"column":25},"end":{"line":31,"column":1}},"line":27},"2":{"name":"findVenueById","decl":{"start":{"line":33,"column":9},"end":{"line":33,"column":22}},"loc":{"start":{"line":33,"column":27},"end":{"line":35,"column":1}},"line":33},"3":{"name":"findVenueByIdAndDelete","decl":{"start":{"line":37,"column":9},"end":{"line":37,"column":31}},"loc":{"start":{"line":37,"column":36},"end":{"line":39,"column":1}},"line":37}},"branchMap":{"0":{"loc":{"start":{"line":6,"column":2},"end":{"line":8,"column":3}},"type":"if","locations":[{"start":{"line":6,"column":2},"end":{"line":8,"column":3}},{"start":{},"end":{}}],"line":6},"1":{"loc":{"start":{"line":9,"column":2},"end":{"line":11,"column":3}},"type":"if","locations":[{"start":{"line":9,"column":2},"end":{"line":11,"column":3}},{"start":{},"end":{}}],"line":9},"2":{"loc":{"start":{"line":12,"column":2},"end":{"line":14,"column":3}},"type":"if","locations":[{"start":{"line":12,"column":2},"end":{"line":14,"column":3}},{"start":{},"end":{}}],"line":12},"3":{"loc":{"start":{"line":15,"column":2},"end":{"line":17,"column":3}},"type":"if","locations":[{"start":{"line":15,"column":2},"end":{"line":17,"column":3}},{"start":{},"end":{}}],"line":15},"4":{"loc":{"start":{"line":18,"column":2},"end":{"line":23,"column":3}},"type":"if","locations":[{"start":{"line":18,"column":2},"end":{"line":23,"column":3}},{"start":{},"end":{}}],"line":18}},"s":{"0":2,"1":2,"2":1,"3":2,"4":1,"5":2,"6":1,"7":2,"8":1,"9":2,"10":1,"11":2,"12":1,"13":1,"14":1,"15":1,"16":1},"f":{"0":2,"1":1,"2":1,"3":1},"b":{"0":[1,1],"1":[1,1],"2":[1,1],"3":[1,1],"4":[1,1]},"_coverageSchema":"1a1c01bbd47fc00a2c39e90264f33305004495a9","hash":"ef142f06cc016f31b8b4db3346f0436c94fdfa9b"}
,"/Users/kaitlynbresnan/csc_308-309/308-309/packages/express-backend/venue.js": {"path":"/Users/kaitlynbresnan/csc_308-309/308-309/packages/express-backend/venue.js","statementMap":{"0":{"start":{"line":3,"column":20},"end":{"line":45,"column":1}},"1":{"start":{"line":47,"column":14},"end":{"line":47,"column":50}}},"fnMap":{},"branchMap":{},"s":{"0":2,"1":2},"f":{},"b":{},"_coverageSchema":"1a1c01bbd47fc00a2c39e90264f33305004495a9","hash":"016772103d29caff19b17a0560b7730458046366"}
,"/Users/kaitlynbresnan/csc_308-309/308-309/packages/react-frontend/eslint.config.js": {"path":"/Users/kaitlynbresnan/csc_308-309/308-309/packages/react-frontend/eslint.config.js","statementMap":{},"fnMap":{},"branchMap":{},"s":{},"f":{},"b":{}}
,"/Users/kaitlynbresnan/csc_308-309/308-309/packages/react-frontend/vite.config.js": {"path":"/Users/kaitlynbresnan/csc_308-309/308-309/packages/react-frontend/vite.config.js","statementMap":{},"fnMap":{},"branchMap":{},"s":{},"f":{},"b":{}}
,"/Users/kaitlynbresnan/csc_308-309/308-309/packages/react-frontend/src/api/api.js": {"path":"/Users/kaitlynbresnan/csc_308-309/308-309/packages/react-frontend/src/api/api.js","statementMap":{"0":{"start":{"line":1,"column":16},"end":{"line":1,"column":39}},"1":{"start":{"line":6,"column":14},"end":{"line":6,"column":45}},"2":{"start":{"line":7,"column":15},"end":{"line":7,"column":31}},"3":{"start":{"line":8,"column":2},"end":{"line":8,"column":19}},"4":{"start":{"line":12,"column":14},"end":{"line":12,"column":51}},"5":{"start":{"line":13,"column":15},"end":{"line":13,"column":31}},"6":{"start":{"line":14,"column":2},"end":{"line":14,"column":19}},"7":{"start":{"line":18,"column":14},"end":{"line":22,"column":4}},"8":{"start":{"line":24,"column":2},"end":{"line":24,"column":20}},"9":{"start":{"line":28,"column":14},"end":{"line":30,"column":4}},"10":{"start":{"line":32,"column":2},"end":{"line":32,"column":20}},"11":{"start":{"line":39,"column":14},"end":{"line":39,"column":46}},"12":{"start":{"line":40,"column":15},"end":{"line":40,"column":31}},"13":{"start":{"line":41,"column":2},"end":{"line":41,"column":19}},"14":{"start":{"line":45,"column":14},"end":{"line":49,"column":4}},"15":{"start":{"line":51,"column":2},"end":{"line":51,"column":20}},"16":{"start":{"line":55,"column":14},"end":{"line":57,"column":4}},"17":{"start":{"line":59,"column":2},"end":{"line":59,"column":20}},"18":{"start":{"line":66,"column":14},"end":{"line":66,"column":49}},"19":{"start":{"line":67,"column":15},"end":{"line":67,"column":31}},"20":{"start":{"line":68,"column":2},"end":{"line":68,"column":19}},"21":{"start":{"line":72,"column":14},"end":{"line":76,"column":4}},"22":{"start":{"line":78,"column":2},"end":{"line":78,"column":20}},"23":{"start":{"line":85,"column":14},"end":{"line":85,"column":47}},"24":{"start":{"line":86,"column":15},"end":{"line":86,"column":31}},"25":{"start":{"line":87,"column":2},"end":{"line":87,"column":19}},"26":{"start":{"line":91,"column":14},"end":{"line":95,"column":4}},"27":{"start":{"line":97,"column":2},"end":{"line":97,"column":20}},"28":{"start":{"line":102,"column":14},"end":{"line":102,"column":53}},"29":{"start":{"line":103,"column":15},"end":{"line":103,"column":31}},"30":{"start":{"line":104,"column":2},"end":{"line":104,"column":19}},"31":{"start":{"line":107,"column":14},"end":{"line":107,"column":59}},"32":{"start":{"line":108,"column":15},"end":{"line":108,"column":31}},"33":{"start":{"line":109,"column":2},"end":{"line":109,"column":19}},"34":{"start":{"line":113,"column":14},"end":{"line":117,"column":4}},"35":{"start":{"line":118,"column":2},"end":{"line":118,"column":20}},"36":{"start":{"line":122,"column":14},"end":{"line":124,"column":4}}},"fnMap":{"0":{"name":"getBands","decl":{"start":{"line":5,"column":22},"end":{"line":5,"column":30}},"loc":{"start":{"line":5,"column":33},"end":{"line":9,"column":1}},"line":5},"1":{"name":"getBandById","decl":{"start":{"line":11,"column":22},"end":{"line":11,"column":33}},"loc":{"start":{"line":11,"column":38},"end":{"line":15,"column":1}},"line":11},"2":{"name":"createBand","decl":{"start":{"line":17,"column":22},"end":{"line":17,"column":32}},"loc":{"start":{"line":17,"column":39},"end":{"line":25,"column":1}},"line":17},"3":{"name":"deleteBand","decl":{"start":{"line":27,"column":22},"end":{"line":27,"column":32}},"loc":{"start":{"line":27,"column":37},"end":{"line":33,"column":1}},"line":27},"4":{"name":"getVenues","decl":{"start":{"line":38,"column":22},"end":{"line":38,"column":31}},"loc":{"start":{"line":38,"column":34},"end":{"line":42,"column":1}},"line":38},"5":{"name":"createVenue","decl":{"start":{"line":44,"column":22},"end":{"line":44,"column":33}},"loc":{"start":{"line":44,"column":41},"end":{"line":52,"column":1}},"line":44},"6":{"name":"deleteVenue","decl":{"start":{"line":54,"column":22},"end":{"line":54,"column":33}},"loc":{"start":{"line":54,"column":38},"end":{"line":60,"column":1}},"line":54},"7":{"name":"getMusicians","decl":{"start":{"line":65,"column":22},"end":{"line":65,"column":34}},"loc":{"start":{"line":65,"column":37},"end":{"line":69,"column":1}},"line":65},"8":{"name":"createMusician","decl":{"start":{"line":71,"column":22},"end":{"line":71,"column":36}},"loc":{"start":{"line":71,"column":47},"end":{"line":79,"column":1}},"line":71},"9":{"name":"getReviews","decl":{"start":{"line":84,"column":22},"end":{"line":84,"column":32}},"loc":{"start":{"line":84,"column":35},"end":{"line":88,"column":1}},"line":84},"10":{"name":"createReview","decl":{"start":{"line":90,"column":22},"end":{"line":90,"column":34}},"loc":{"start":{"line":90,"column":43},"end":{"line":98,"column":1}},"line":90},"11":{"name":"getConversations","decl":{"start":{"line":101,"column":22},"end":{"line":101,"column":38}},"loc":{"start":{"line":101,"column":40},"end":{"line":105,"column":1}},"line":101},"12":{"name":"getConversationsById","decl":{"start":{"line":106,"column":22},"end":{"line":106,"column":42}},"loc":{"start":{"line":106,"column":46},"end":{"line":110,"column":1}},"line":106},"13":{"name":"createConversation","decl":{"start":{"line":112,"column":22},"end":{"line":112,"column":40}},"loc":{"start":{"line":112,"column":49},"end":{"line":119,"column":1}},"line":112},"14":{"name":"deleteConversationById","decl":{"start":{"line":121,"column":22},"end":{"line":121,"column":44}},"loc":{"start":{"line":121,"column":48},"end":{"line":125,"column":1}},"line":121}},"branchMap":{},"s":{"0":1,"1":1,"2":1,"3":1,"4":1,"5":1,"6":1,"7":1,"8":1,"9":1,"10":1,"11":1,"12":1,"13":1,"14":1,"15":1,"16":1,"17":1,"18":1,"19":1,"20":1,"21":1,"22":1,"23":1,"24":1,"25":1,"26":1,"27":1,"28":0,"29":0,"30":0,"31":0,"32":0,"33":0,"34":0,"35":0,"36":0},"f":{"0":1,"1":1,"2":1,"3":1,"4":1,"5":1,"6":1,"7":1,"8":1,"9":1,"10":1,"11":0,"12":0,"13":0,"14":0},"b":{},"_coverageSchema":"1a1c01bbd47fc00a2c39e90264f33305004495a9","hash":"cc54bb43155c0f731de773a2044f2e441bef7565"}
}
