{"/Users/abyss/giggly-app/packages/express-backend/availability-service.js": {"path":"/Users/abyss/giggly-app/packages/express-backend/availability-service.js","statementMap":{"0":{"start":{"line":4,"column":12},"end":{"line":4,"column":27}},"1":{"start":{"line":5,"column":12},"end":{"line":5,"column":25}},"2":{"start":{"line":7,"column":19},"end":{"line":12,"column":4}},"3":{"start":{"line":14,"column":2},"end":{"line":14,"column":76}},"4":{"start":{"line":14,"column":16},"end":{"line":14,"column":76}},"5":{"start":{"line":16,"column":2},"end":{"line":22,"column":5}},"6":{"start":{"line":26,"column":16},"end":{"line":26,"column":26}},"7":{"start":{"line":27,"column":2},"end":{"line":27,"column":36}},"8":{"start":{"line":27,"column":14},"end":{"line":27,"column":36}},"9":{"start":{"line":29,"column":2},"end":{"line":33,"column":3}},"10":{"start":{"line":30,"column":4},"end":{"line":30,"column":21}},"11":{"start":{"line":31,"column":4},"end":{"line":31,"column":56}},"12":{"start":{"line":31,"column":18},"end":{"line":31,"column":56}},"13":{"start":{"line":32,"column":4},"end":{"line":32,"column":54}},"14":{"start":{"line":32,"column":17},"end":{"line":32,"column":54}},"15":{"start":{"line":35,"column":2},"end":{"line":35,"column":53}}},"fnMap":{"0":{"name":"createAvailability","decl":{"start":{"line":3,"column":15},"end":{"line":3,"column":33}},"loc":{"start":{"line":3,"column":65},"end":{"line":23,"column":1}},"line":3},"1":{"name":"getSlots","decl":{"start":{"line":25,"column":15},"end":{"line":25,"column":23}},"loc":{"start":{"line":25,"column":72},"end":{"line":36,"column":1}},"line":25}},"branchMap":{"0":{"loc":{"start":{"line":14,"column":2},"end":{"line":14,"column":76}},"type":"if","locations":[{"start":{"line":14,"column":2},"end":{"line":14,"column":76}},{"start":{},"end":{}}],"line":14},"1":{"loc":{"start":{"line":25,"column":53},"end":{"line":25,"column":68}},"type":"default-arg","locations":[{"start":{"line":25,"column":62},"end":{"line":25,"column":68}}],"line":25},"2":{"loc":{"start":{"line":27,"column":2},"end":{"line":27,"column":36}},"type":"if","locations":[{"start":{"line":27,"column":2},"end":{"line":27,"column":36}},{"start":{},"end":{}}],"line":27},"3":{"loc":{"start":{"line":29,"column":2},"end":{"line":33,"column":3}},"type":"if","locations":[{"start":{"line":29,"column":2},"end":{"line":33,"column":3}},{"start":{},"end":{}}],"line":29},"4":{"loc":{"start":{"line":29,"column":6},"end":{"line":29,"column":25}},"type":"binary-expr","locations":[{"start":{"line":29,"column":6},"end":{"line":29,"column":14}},{"start":{"line":29,"column":18},"end":{"line":29,"column":25}}],"line":29},"5":{"loc":{"start":{"line":31,"column":4},"end":{"line":31,"column":56}},"type":"if","locations":[{"start":{"line":31,"column":4},"end":{"line":31,"column":56}},{"start":{},"end":{}}],"line":31},"6":{"loc":{"start":{"line":32,"column":4},"end":{"line":32,"column":54}},"type":"if","locations":[{"start":{"line":32,"column":4},"end":{"line":32,"column":54}},{"start":{},"end":{}}],"line":32}},"s":{"0":2,"1":2,"2":2,"3":2,"4":1,"5":1,"6":2,"7":2,"8":2,"9":2,"10":1,"11":1,"12":1,"13":1,"14":1,"15":2},"f":{"0":2,"1":2},"b":{"0":[1,1],"1":[1],"2":[2,0],"3":[1,1],"4":[2,1],"5":[1,0],"6":[1,0]},"_coverageSchema":"1a1c01bbd47fc00a2c39e90264f33305004495a9","hash":"8a5fd303531d55c9ac8e5c292c6cfeef632d7501"}
,"/Users/abyss/giggly-app/packages/express-backend/availability.js": {"path":"/Users/abyss/giggly-app/packages/express-backend/availability.js","statementMap":{"0":{"start":{"line":3,"column":27},"end":{"line":33,"column":2}},"1":{"start":{"line":35,"column":0},"end":{"line":41,"column":3}},"2":{"start":{"line":36,"column":2},"end":{"line":40,"column":3}},"3":{"start":{"line":37,"column":4},"end":{"line":39,"column":5}},"4":{"start":{"line":38,"column":6},"end":{"line":38,"column":60}},"5":{"start":{"line":43,"column":21},"end":{"line":43,"column":71}}},"fnMap":{"0":{"name":"(anonymous_0)","decl":{"start":{"line":35,"column":35},"end":{"line":35,"column":36}},"loc":{"start":{"line":35,"column":47},"end":{"line":41,"column":1}},"line":35}},"branchMap":{"0":{"loc":{"start":{"line":36,"column":2},"end":{"line":40,"column":3}},"type":"if","locations":[{"start":{"line":36,"column":2},"end":{"line":40,"column":3}},{"start":{},"end":{}}],"line":36},"1":{"loc":{"start":{"line":36,"column":6},"end":{"line":36,"column":28}},"type":"binary-expr","locations":[{"start":{"line":36,"column":6},"end":{"line":36,"column":16}},{"start":{"line":36,"column":20},"end":{"line":36,"column":28}}],"line":36},"2":{"loc":{"start":{"line":37,"column":4},"end":{"line":39,"column":5}},"type":"if","locations":[{"start":{"line":37,"column":4},"end":{"line":39,"column":5}},{"start":{},"end":{}}],"line":37}},"s":{"0":2,"1":2,"2":3,"3":3,"4":2,"5":2},"f":{"0":3},"b":{"0":[3,0],"1":[3,3],"2":[2,1]},"_coverageSchema":"1a1c01bbd47fc00a2c39e90264f33305004495a9","hash":"9bee973d94447e5c85661af4d0253ed1b201657e"}
,"/Users/abyss/giggly-app/packages/express-backend/backend.js": {"path":"/Users/abyss/giggly-app/packages/express-backend/backend.js","statementMap":{"0":{"start":{"line":12,"column":19},"end":{"line":12,"column":49}},"1":{"start":{"line":13,"column":18},"end":{"line":13,"column":42}},"2":{"start":{"line":14,"column":0},"end":{"line":14,"column":54}},"3":{"start":{"line":16,"column":12},"end":{"line":16,"column":21}},"4":{"start":{"line":17,"column":0},"end":{"line":17,"column":24}},"5":{"start":{"line":18,"column":0},"end":{"line":18,"column":16}},"6":{"start":{"line":21,"column":0},"end":{"line":24,"column":71}},"7":{"start":{"line":23,"column":14},"end":{"line":23,"column":49}},"8":{"start":{"line":24,"column":20},"end":{"line":24,"column":69}},"9":{"start":{"line":26,"column":0},"end":{"line":50,"column":3}},"10":{"start":{"line":27,"column":2},"end":{"line":49,"column":3}},"11":{"start":{"line":28,"column":18},"end":{"line":28,"column":53}},"12":{"start":{"line":29,"column":19},"end":{"line":29,"column":54}},"13":{"start":{"line":30,"column":18},"end":{"line":36,"column":6}},"14":{"start":{"line":37,"column":24},"end":{"line":37,"column":43}},"15":{"start":{"line":38,"column":22},"end":{"line":45,"column":6}},"16":{"start":{"line":46,"column":4},"end":{"line":46,"column":88}},"17":{"start":{"line":48,"column":4},"end":{"line":48,"column":61}},"18":{"start":{"line":53,"column":0},"end":{"line":63,"column":3}},"19":{"start":{"line":54,"column":2},"end":{"line":62,"column":3}},"20":{"start":{"line":55,"column":17},"end":{"line":55,"column":63}},"21":{"start":{"line":56,"column":4},"end":{"line":58,"column":5}},"22":{"start":{"line":57,"column":6},"end":{"line":57,"column":63}},"23":{"start":{"line":59,"column":4},"end":{"line":59,"column":41}},"24":{"start":{"line":61,"column":4},"end":{"line":61,"column":57}},"25":{"start":{"line":67,"column":0},"end":{"line":74,"column":3}},"26":{"start":{"line":68,"column":2},"end":{"line":73,"column":3}},"27":{"start":{"line":69,"column":20},"end":{"line":69,"column":56}},"28":{"start":{"line":70,"column":4},"end":{"line":70,"column":44}},"29":{"start":{"line":72,"column":4},"end":{"line":72,"column":61}},"30":{"start":{"line":76,"column":0},"end":{"line":86,"column":3}},"31":{"start":{"line":77,"column":4},"end":{"line":85,"column":5}},"32":{"start":{"line":78,"column":24},"end":{"line":78,"column":79}},"33":{"start":{"line":79,"column":8},"end":{"line":81,"column":9}},"34":{"start":{"line":80,"column":12},"end":{"line":80,"column":67}},"35":{"start":{"line":82,"column":8},"end":{"line":82,"column":46}},"36":{"start":{"line":84,"column":8},"end":{"line":84,"column":59}},"37":{"start":{"line":89,"column":0},"end":{"line":115,"column":3}},"38":{"start":{"line":90,"column":2},"end":{"line":114,"column":3}},"39":{"start":{"line":91,"column":39},"end":{"line":91,"column":48}},"40":{"start":{"line":94,"column":6},"end":{"line":94,"column":75}},"41":{"start":{"line":96,"column":6},"end":{"line":96,"column":75}},"42":{"start":{"line":99,"column":6},"end":{"line":101,"column":19}},"43":{"start":{"line":103,"column":19},"end":{"line":109,"column":5}},"44":{"start":{"line":111,"column":4},"end":{"line":111,"column":31}},"45":{"start":{"line":113,"column":4},"end":{"line":113,"column":62}},"46":{"start":{"line":118,"column":0},"end":{"line":125,"column":3}},"47":{"start":{"line":119,"column":2},"end":{"line":124,"column":3}},"48":{"start":{"line":120,"column":20},"end":{"line":120,"column":58}},"49":{"start":{"line":121,"column":4},"end":{"line":121,"column":44}},"50":{"start":{"line":123,"column":4},"end":{"line":123,"column":62}},"51":{"start":{"line":128,"column":0},"end":{"line":138,"column":3}},"52":{"start":{"line":129,"column":2},"end":{"line":137,"column":3}},"53":{"start":{"line":130,"column":18},"end":{"line":130,"column":66}},"54":{"start":{"line":131,"column":4},"end":{"line":133,"column":5}},"55":{"start":{"line":132,"column":6},"end":{"line":132,"column":64}},"56":{"start":{"line":134,"column":4},"end":{"line":134,"column":30}},"57":{"start":{"line":136,"column":4},"end":{"line":136,"column":57}},"58":{"start":{"line":141,"column":0},"end":{"line":151,"column":3}},"59":{"start":{"line":142,"column":2},"end":{"line":150,"column":3}},"60":{"start":{"line":143,"column":20},"end":{"line":143,"column":77}},"61":{"start":{"line":144,"column":4},"end":{"line":146,"column":5}},"62":{"start":{"line":145,"column":6},"end":{"line":145,"column":64}},"63":{"start":{"line":147,"column":4},"end":{"line":147,"column":32}},"64":{"start":{"line":149,"column":4},"end":{"line":149,"column":57}},"65":{"start":{"line":154,"column":0},"end":{"line":177,"column":3}},"66":{"start":{"line":155,"column":2},"end":{"line":176,"column":3}},"67":{"start":{"line":156,"column":18},"end":{"line":156,"column":53}},"68":{"start":{"line":157,"column":19},"end":{"line":157,"column":54}},"69":{"start":{"line":158,"column":24},"end":{"line":158,"column":43}},"70":{"start":{"line":160,"column":20},"end":{"line":164,"column":5}},"71":{"start":{"line":166,"column":18},"end":{"line":166,"column":67}},"72":{"start":{"line":167,"column":26},"end":{"line":171,"column":5}},"73":{"start":{"line":173,"column":4},"end":{"line":173,"column":91}},"74":{"start":{"line":175,"column":4},"end":{"line":175,"column":65}},"75":{"start":{"line":180,"column":0},"end":{"line":190,"column":3}},"76":{"start":{"line":181,"column":2},"end":{"line":189,"column":3}},"77":{"start":{"line":182,"column":21},"end":{"line":182,"column":75}},"78":{"start":{"line":183,"column":4},"end":{"line":185,"column":5}},"79":{"start":{"line":184,"column":6},"end":{"line":184,"column":67}},"80":{"start":{"line":186,"column":4},"end":{"line":186,"column":45}},"81":{"start":{"line":188,"column":4},"end":{"line":188,"column":50}},"82":{"start":{"line":193,"column":0},"end":{"line":200,"column":3}},"83":{"start":{"line":194,"column":2},"end":{"line":199,"column":3}},"84":{"start":{"line":195,"column":20},"end":{"line":195,"column":64}},"85":{"start":{"line":196,"column":4},"end":{"line":196,"column":44}},"86":{"start":{"line":198,"column":4},"end":{"line":198,"column":65}},"87":{"start":{"line":203,"column":0},"end":{"line":213,"column":3}},"88":{"start":{"line":204,"column":2},"end":{"line":212,"column":3}},"89":{"start":{"line":205,"column":20},"end":{"line":205,"column":83}},"90":{"start":{"line":206,"column":4},"end":{"line":208,"column":5}},"91":{"start":{"line":207,"column":6},"end":{"line":207,"column":67}},"92":{"start":{"line":209,"column":4},"end":{"line":209,"column":44}},"93":{"start":{"line":211,"column":4},"end":{"line":211,"column":50}},"94":{"start":{"line":216,"column":0},"end":{"line":230,"column":3}},"95":{"start":{"line":217,"column":2},"end":{"line":229,"column":3}},"96":{"start":{"line":218,"column":18},"end":{"line":218,"column":53}},"97":{"start":{"line":219,"column":19},"end":{"line":219,"column":54}},"98":{"start":{"line":220,"column":24},"end":{"line":220,"column":43}},"99":{"start":{"line":222,"column":20},"end":{"line":222,"column":73}},"100":{"start":{"line":223,"column":18},"end":{"line":223,"column":63}},"101":{"start":{"line":224,"column":24},"end":{"line":224,"column":94}},"102":{"start":{"line":226,"column":4},"end":{"line":226,"column":89}},"103":{"start":{"line":228,"column":4},"end":{"line":228,"column":63}},"104":{"start":{"line":233,"column":0},"end":{"line":254,"column":3}},"105":{"start":{"line":234,"column":2},"end":{"line":253,"column":3}},"106":{"start":{"line":235,"column":18},"end":{"line":235,"column":53}},"107":{"start":{"line":236,"column":19},"end":{"line":236,"column":54}},"108":{"start":{"line":237,"column":24},"end":{"line":237,"column":43}},"109":{"start":{"line":239,"column":20},"end":{"line":246,"column":5}},"110":{"start":{"line":248,"column":18},"end":{"line":248,"column":63}},"111":{"start":{"line":249,"column":24},"end":{"line":249,"column":94}},"112":{"start":{"line":250,"column":4},"end":{"line":250,"column":89}},"113":{"start":{"line":252,"column":4},"end":{"line":252,"column":63}},"114":{"start":{"line":257,"column":0},"end":{"line":286,"column":3}},"115":{"start":{"line":258,"column":2},"end":{"line":285,"column":3}},"116":{"start":{"line":259,"column":71},"end":{"line":259,"column":79}},"117":{"start":{"line":260,"column":4},"end":{"line":262,"column":5}},"118":{"start":{"line":261,"column":6},"end":{"line":261,"column":106}},"119":{"start":{"line":264,"column":22},"end":{"line":264,"column":36}},"120":{"start":{"line":265,"column":4},"end":{"line":267,"column":5}},"121":{"start":{"line":266,"column":6},"end":{"line":266,"column":88}},"122":{"start":{"line":269,"column":23},"end":{"line":269,"column":52}},"123":{"start":{"line":270,"column":4},"end":{"line":272,"column":5}},"124":{"start":{"line":271,"column":6},"end":{"line":271,"column":94}},"125":{"start":{"line":274,"column":20},"end":{"line":281,"column":6}},"126":{"start":{"line":282,"column":4},"end":{"line":282,"column":44}},"127":{"start":{"line":284,"column":4},"end":{"line":284,"column":63}},"128":{"start":{"line":289,"column":13},"end":{"line":289,"column":37}},"129":{"start":{"line":290,"column":0},"end":{"line":290,"column":82}},"130":{"start":{"line":290,"column":23},"end":{"line":290,"column":80}}},"fnMap":{"0":{"name":"(anonymous_0)","decl":{"start":{"line":23,"column":8},"end":{"line":23,"column":9}},"loc":{"start":{"line":23,"column":14},"end":{"line":23,"column":49}},"line":23},"1":{"name":"(anonymous_1)","decl":{"start":{"line":24,"column":9},"end":{"line":24,"column":10}},"loc":{"start":{"line":24,"column":20},"end":{"line":24,"column":69}},"line":24},"2":{"name":"(anonymous_2)","decl":{"start":{"line":26,"column":18},"end":{"line":26,"column":19}},"loc":{"start":{"line":26,"column":38},"end":{"line":50,"column":1}},"line":26},"3":{"name":"(anonymous_3)","decl":{"start":{"line":53,"column":22},"end":{"line":53,"column":23}},"loc":{"start":{"line":53,"column":42},"end":{"line":63,"column":1}},"line":53},"4":{"name":"(anonymous_4)","decl":{"start":{"line":67,"column":19},"end":{"line":67,"column":20}},"loc":{"start":{"line":67,"column":39},"end":{"line":74,"column":1}},"line":67},"5":{"name":"(anonymous_5)","decl":{"start":{"line":76,"column":25},"end":{"line":76,"column":26}},"loc":{"start":{"line":76,"column":44},"end":{"line":86,"column":1}},"line":76},"6":{"name":"(anonymous_6)","decl":{"start":{"line":89,"column":19},"end":{"line":89,"column":20}},"loc":{"start":{"line":89,"column":39},"end":{"line":115,"column":1}},"line":89},"7":{"name":"(anonymous_7)","decl":{"start":{"line":118,"column":20},"end":{"line":118,"column":21}},"loc":{"start":{"line":118,"column":40},"end":{"line":125,"column":1}},"line":118},"8":{"name":"(anonymous_8)","decl":{"start":{"line":128,"column":23},"end":{"line":128,"column":24}},"loc":{"start":{"line":128,"column":43},"end":{"line":138,"column":1}},"line":128},"9":{"name":"(anonymous_9)","decl":{"start":{"line":141,"column":26},"end":{"line":141,"column":27}},"loc":{"start":{"line":141,"column":46},"end":{"line":151,"column":1}},"line":141},"10":{"name":"(anonymous_10)","decl":{"start":{"line":154,"column":22},"end":{"line":154,"column":23}},"loc":{"start":{"line":154,"column":42},"end":{"line":177,"column":1}},"line":154},"11":{"name":"(anonymous_11)","decl":{"start":{"line":180,"column":26},"end":{"line":180,"column":27}},"loc":{"start":{"line":180,"column":46},"end":{"line":190,"column":1}},"line":180},"12":{"name":"(anonymous_12)","decl":{"start":{"line":193,"column":23},"end":{"line":193,"column":24}},"loc":{"start":{"line":193,"column":43},"end":{"line":200,"column":1}},"line":193},"13":{"name":"(anonymous_13)","decl":{"start":{"line":203,"column":29},"end":{"line":203,"column":30}},"loc":{"start":{"line":203,"column":49},"end":{"line":213,"column":1}},"line":203},"14":{"name":"(anonymous_14)","decl":{"start":{"line":216,"column":34},"end":{"line":216,"column":35}},"loc":{"start":{"line":216,"column":54},"end":{"line":230,"column":1}},"line":216},"15":{"name":"(anonymous_15)","decl":{"start":{"line":233,"column":20},"end":{"line":233,"column":21}},"loc":{"start":{"line":233,"column":40},"end":{"line":254,"column":1}},"line":233},"16":{"name":"(anonymous_16)","decl":{"start":{"line":257,"column":21},"end":{"line":257,"column":22}},"loc":{"start":{"line":257,"column":41},"end":{"line":286,"column":1}},"line":257},"17":{"name":"(anonymous_17)","decl":{"start":{"line":290,"column":17},"end":{"line":290,"column":18}},"loc":{"start":{"line":290,"column":23},"end":{"line":290,"column":80}},"line":290}},"branchMap":{"0":{"loc":{"start":{"line":22,"column":11},"end":{"line":22,"column":71}},"type":"binary-expr","locations":[{"start":{"line":22,"column":11},"end":{"line":22,"column":34}},{"start":{"line":22,"column":38},"end":{"line":22,"column":71}}],"line":22},"1":{"loc":{"start":{"line":28,"column":18},"end":{"line":28,"column":53}},"type":"binary-expr","locations":[{"start":{"line":28,"column":18},"end":{"line":28,"column":47}},{"start":{"line":28,"column":51},"end":{"line":28,"column":53}}],"line":28},"2":{"loc":{"start":{"line":29,"column":19},"end":{"line":29,"column":54}},"type":"binary-expr","locations":[{"start":{"line":29,"column":19},"end":{"line":29,"column":49}},{"start":{"line":29,"column":53},"end":{"line":29,"column":54}}],"line":29},"3":{"loc":{"start":{"line":56,"column":4},"end":{"line":58,"column":5}},"type":"if","locations":[{"start":{"line":56,"column":4},"end":{"line":58,"column":5}},{"start":{},"end":{}}],"line":56},"4":{"loc":{"start":{"line":79,"column":8},"end":{"line":81,"column":9}},"type":"if","locations":[{"start":{"line":79,"column":8},"end":{"line":81,"column":9}},{"start":{},"end":{}}],"line":79},"5":{"loc":{"start":{"line":94,"column":6},"end":{"line":94,"column":75}},"type":"cond-expr","locations":[{"start":{"line":94,"column":39},"end":{"line":94,"column":63}},{"start":{"line":94,"column":66},"end":{"line":94,"column":75}}],"line":94},"6":{"loc":{"start":{"line":96,"column":6},"end":{"line":96,"column":75}},"type":"cond-expr","locations":[{"start":{"line":96,"column":39},"end":{"line":96,"column":63}},{"start":{"line":96,"column":66},"end":{"line":96,"column":75}}],"line":96},"7":{"loc":{"start":{"line":99,"column":6},"end":{"line":101,"column":19}},"type":"cond-expr","locations":[{"start":{"line":100,"column":10},"end":{"line":100,"column":26}},{"start":{"line":101,"column":10},"end":{"line":101,"column":19}}],"line":99},"8":{"loc":{"start":{"line":99,"column":6},"end":{"line":99,"column":56}},"type":"binary-expr","locations":[{"start":{"line":99,"column":6},"end":{"line":99,"column":29}},{"start":{"line":99,"column":33},"end":{"line":99,"column":56}}],"line":99},"9":{"loc":{"start":{"line":131,"column":4},"end":{"line":133,"column":5}},"type":"if","locations":[{"start":{"line":131,"column":4},"end":{"line":133,"column":5}},{"start":{},"end":{}}],"line":131},"10":{"loc":{"start":{"line":144,"column":4},"end":{"line":146,"column":5}},"type":"if","locations":[{"start":{"line":144,"column":4},"end":{"line":146,"column":5}},{"start":{},"end":{}}],"line":144},"11":{"loc":{"start":{"line":156,"column":18},"end":{"line":156,"column":53}},"type":"binary-expr","locations":[{"start":{"line":156,"column":18},"end":{"line":156,"column":47}},{"start":{"line":156,"column":51},"end":{"line":156,"column":53}}],"line":156},"12":{"loc":{"start":{"line":157,"column":19},"end":{"line":157,"column":54}},"type":"binary-expr","locations":[{"start":{"line":157,"column":19},"end":{"line":157,"column":49}},{"start":{"line":157,"column":53},"end":{"line":157,"column":54}}],"line":157},"13":{"loc":{"start":{"line":183,"column":4},"end":{"line":185,"column":5}},"type":"if","locations":[{"start":{"line":183,"column":4},"end":{"line":185,"column":5}},{"start":{},"end":{}}],"line":183},"14":{"loc":{"start":{"line":206,"column":4},"end":{"line":208,"column":5}},"type":"if","locations":[{"start":{"line":206,"column":4},"end":{"line":208,"column":5}},{"start":{},"end":{}}],"line":206},"15":{"loc":{"start":{"line":218,"column":18},"end":{"line":218,"column":53}},"type":"binary-expr","locations":[{"start":{"line":218,"column":18},"end":{"line":218,"column":47}},{"start":{"line":218,"column":51},"end":{"line":218,"column":53}}],"line":218},"16":{"loc":{"start":{"line":219,"column":19},"end":{"line":219,"column":54}},"type":"binary-expr","locations":[{"start":{"line":219,"column":19},"end":{"line":219,"column":49}},{"start":{"line":219,"column":53},"end":{"line":219,"column":54}}],"line":219},"17":{"loc":{"start":{"line":235,"column":18},"end":{"line":235,"column":53}},"type":"binary-expr","locations":[{"start":{"line":235,"column":18},"end":{"line":235,"column":47}},{"start":{"line":235,"column":51},"end":{"line":235,"column":53}}],"line":235},"18":{"loc":{"start":{"line":236,"column":19},"end":{"line":236,"column":54}},"type":"binary-expr","locations":[{"start":{"line":236,"column":19},"end":{"line":236,"column":49}},{"start":{"line":236,"column":53},"end":{"line":236,"column":54}}],"line":236},"19":{"loc":{"start":{"line":260,"column":4},"end":{"line":262,"column":5}},"type":"if","locations":[{"start":{"line":260,"column":4},"end":{"line":262,"column":5}},{"start":{},"end":{}}],"line":260},"20":{"loc":{"start":{"line":260,"column":8},"end":{"line":260,"column":86}},"type":"binary-expr","locations":[{"start":{"line":260,"column":8},"end":{"line":260,"column":24}},{"start":{"line":260,"column":28},"end":{"line":260,"column":44}},{"start":{"line":260,"column":48},"end":{"line":260,"column":68}},{"start":{"line":260,"column":72},"end":{"line":260,"column":86}}],"line":260},"21":{"loc":{"start":{"line":265,"column":4},"end":{"line":267,"column":5}},"type":"if","locations":[{"start":{"line":265,"column":4},"end":{"line":267,"column":5}},{"start":{},"end":{}}],"line":265},"22":{"loc":{"start":{"line":265,"column":8},"end":{"line":265,"column":69}},"type":"binary-expr","locations":[{"start":{"line":265,"column":8},"end":{"line":265,"column":35}},{"start":{"line":265,"column":39},"end":{"line":265,"column":52}},{"start":{"line":265,"column":56},"end":{"line":265,"column":69}}],"line":265},"23":{"loc":{"start":{"line":270,"column":4},"end":{"line":272,"column":5}},"type":"if","locations":[{"start":{"line":270,"column":4},"end":{"line":272,"column":5}},{"start":{},"end":{}}],"line":270},"24":{"loc":{"start":{"line":279,"column":14},"end":{"line":279,"column":33}},"type":"binary-expr","locations":[{"start":{"line":279,"column":14},"end":{"line":279,"column":20}},{"start":{"line":279,"column":24},"end":{"line":279,"column":33}}],"line":279},"25":{"loc":{"start":{"line":280,"column":12},"end":{"line":280,"column":29}},"type":"binary-expr","locations":[{"start":{"line":280,"column":12},"end":{"line":280,"column":16}},{"start":{"line":280,"column":20},"end":{"line":280,"column":29}}],"line":280},"26":{"loc":{"start":{"line":289,"column":13},"end":{"line":289,"column":37}},"type":"binary-expr","locations":[{"start":{"line":289,"column":13},"end":{"line":289,"column":29}},{"start":{"line":289,"column":33},"end":{"line":289,"column":37}}],"line":289}},"s":{"0":7,"1":7,"2":7,"3":7,"4":7,"5":7,"6":7,"7":6,"8":1,"9":7,"10":2,"11":2,"12":2,"13":2,"14":1,"15":1,"16":1,"17":1,"18":7,"19":3,"20":3,"21":2,"22":1,"23":1,"24":1,"25":7,"26":2,"27":2,"28":1,"29":1,"30":7,"31":3,"32":3,"33":2,"34":1,"35":1,"36":1,"37":7,"38":2,"39":2,"40":2,"41":2,"42":2,"43":2,"44":1,"45":1,"46":7,"47":2,"48":2,"49":1,"50":1,"51":7,"52":3,"53":3,"54":2,"55":1,"56":1,"57":1,"58":7,"59":3,"60":3,"61":2,"62":1,"63":1,"64":1,"65":7,"66":2,"67":2,"68":2,"69":2,"70":2,"71":2,"72":1,"73":1,"74":1,"75":7,"76":3,"77":3,"78":2,"79":1,"80":1,"81":1,"82":7,"83":2,"84":2,"85":1,"86":1,"87":7,"88":3,"89":3,"90":2,"91":1,"92":1,"93":1,"94":7,"95":2,"96":2,"97":2,"98":2,"99":2,"100":2,"101":1,"102":1,"103":1,"104":7,"105":2,"106":2,"107":2,"108":2,"109":2,"110":2,"111":1,"112":1,"113":1,"114":7,"115":5,"116":5,"117":5,"118":1,"119":4,"120":4,"121":1,"122":3,"123":3,"124":1,"125":2,"126":1,"127":1,"128":7,"129":7,"130":0},"f":{"0":6,"1":1,"2":2,"3":3,"4":2,"5":3,"6":2,"7":2,"8":3,"9":3,"10":2,"11":3,"12":2,"13":3,"14":2,"15":2,"16":5,"17":0},"b":{"0":[7,7],"1":[2,1],"2":[2,1],"3":[1,1],"4":[1,1],"5":[1,1],"6":[1,1],"7":[1,1],"8":[2,1],"9":[1,1],"10":[1,1],"11":[2,1],"12":[2,2],"13":[1,1],"14":[1,1],"15":[2,1],"16":[2,2],"17":[2,1],"18":[2,2],"19":[1,4],"20":[5,5,4,4],"21":[1,3],"22":[4,4,4],"23":[1,2],"24":[2,1],"25":[2,1],"26":[7,7]},"_coverageSchema":"1a1c01bbd47fc00a2c39e90264f33305004495a9","hash":"f75602d22bda61cb7c2fd63f6c11e8c1cbfa50ed"}
,"/Users/abyss/giggly-app/packages/express-backend/band-services.js": {"path":"/Users/abyss/giggly-app/packages/express-backend/band-services.js","statementMap":{"0":{"start":{"line":4,"column":20},"end":{"line":4,"column":63}},"1":{"start":{"line":8,"column":18},"end":{"line":8,"column":20}},"2":{"start":{"line":9,"column":4},"end":{"line":11,"column":5}},"3":{"start":{"line":10,"column":8},"end":{"line":10,"column":48}},"4":{"start":{"line":12,"column":4},"end":{"line":14,"column":5}},"5":{"start":{"line":13,"column":8},"end":{"line":13,"column":75}},"6":{"start":{"line":13,"column":56},"end":{"line":13,"column":71}},"7":{"start":{"line":15,"column":4},"end":{"line":17,"column":5}},"8":{"start":{"line":16,"column":8},"end":{"line":16,"column":73}},"9":{"start":{"line":16,"column":54},"end":{"line":16,"column":69}},"10":{"start":{"line":18,"column":4},"end":{"line":20,"column":5}},"11":{"start":{"line":19,"column":8},"end":{"line":19,"column":79}},"12":{"start":{"line":19,"column":60},"end":{"line":19,"column":75}},"13":{"start":{"line":21,"column":4},"end":{"line":26,"column":5}},"14":{"start":{"line":22,"column":8},"end":{"line":25,"column":10}},"15":{"start":{"line":27,"column":4},"end":{"line":27,"column":17}},"16":{"start":{"line":31,"column":18},"end":{"line":31,"column":84}},"17":{"start":{"line":32,"column":4},"end":{"line":32,"column":53}},"18":{"start":{"line":36,"column":4},"end":{"line":36,"column":62}},"19":{"start":{"line":40,"column":18},"end":{"line":40,"column":42}},"20":{"start":{"line":41,"column":25},"end":{"line":41,"column":92}},"21":{"start":{"line":42,"column":25},"end":{"line":42,"column":56}},"22":{"start":{"line":43,"column":4},"end":{"line":43,"column":98}},"23":{"start":{"line":43,"column":79},"end":{"line":43,"column":95}},"24":{"start":{"line":48,"column":4},"end":{"line":48,"column":34}},"25":{"start":{"line":52,"column":22},"end":{"line":52,"column":41}},"26":{"start":{"line":53,"column":4},"end":{"line":53,"column":28}},"27":{"start":{"line":57,"column":4},"end":{"line":57,"column":43}}},"fnMap":{"0":{"name":"buildBandsQuery","decl":{"start":{"line":7,"column":9},"end":{"line":7,"column":24}},"loc":{"start":{"line":7,"column":39},"end":{"line":28,"column":1}},"line":7},"1":{"name":"(anonymous_1)","decl":{"start":{"line":13,"column":51},"end":{"line":13,"column":52}},"loc":{"start":{"line":13,"column":56},"end":{"line":13,"column":71}},"line":13},"2":{"name":"(anonymous_2)","decl":{"start":{"line":16,"column":49},"end":{"line":16,"column":50}},"loc":{"start":{"line":16,"column":54},"end":{"line":16,"column":69}},"line":16},"3":{"name":"(anonymous_3)","decl":{"start":{"line":19,"column":55},"end":{"line":19,"column":56}},"loc":{"start":{"line":19,"column":60},"end":{"line":19,"column":75}},"line":19},"4":{"name":"getBands","decl":{"start":{"line":30,"column":9},"end":{"line":30,"column":17}},"loc":{"start":{"line":30,"column":65},"end":{"line":33,"column":1}},"line":30},"5":{"name":"getBandsCount","decl":{"start":{"line":35,"column":9},"end":{"line":35,"column":22}},"loc":{"start":{"line":35,"column":37},"end":{"line":37,"column":1}},"line":35},"6":{"name":"getBandsPaginated","decl":{"start":{"line":39,"column":9},"end":{"line":39,"column":26}},"loc":{"start":{"line":39,"column":56},"end":{"line":44,"column":1}},"line":39},"7":{"name":"(anonymous_7)","decl":{"start":{"line":43,"column":58},"end":{"line":43,"column":59}},"loc":{"start":{"line":43,"column":79},"end":{"line":43,"column":95}},"line":43},"8":{"name":"findBandById","decl":{"start":{"line":47,"column":9},"end":{"line":47,"column":21}},"loc":{"start":{"line":47,"column":26},"end":{"line":49,"column":1}},"line":47},"9":{"name":"addBand","decl":{"start":{"line":51,"column":9},"end":{"line":51,"column":16}},"loc":{"start":{"line":51,"column":23},"end":{"line":54,"column":1}},"line":51},"10":{"name":"findBandByIdAndDelete","decl":{"start":{"line":56,"column":9},"end":{"line":56,"column":30}},"loc":{"start":{"line":56,"column":35},"end":{"line":58,"column":1}},"line":56}},"branchMap":{"0":{"loc":{"start":{"line":7,"column":25},"end":{"line":7,"column":37}},"type":"default-arg","locations":[{"start":{"line":7,"column":35},"end":{"line":7,"column":37}}],"line":7},"1":{"loc":{"start":{"line":9,"column":4},"end":{"line":11,"column":5}},"type":"if","locations":[{"start":{"line":9,"column":4},"end":{"line":11,"column":5}},{"start":{},"end":{}}],"line":9},"2":{"loc":{"start":{"line":12,"column":4},"end":{"line":14,"column":5}},"type":"if","locations":[{"start":{"line":12,"column":4},"end":{"line":14,"column":5}},{"start":{},"end":{}}],"line":12},"3":{"loc":{"start":{"line":15,"column":4},"end":{"line":17,"column":5}},"type":"if","locations":[{"start":{"line":15,"column":4},"end":{"line":17,"column":5}},{"start":{},"end":{}}],"line":15},"4":{"loc":{"start":{"line":18,"column":4},"end":{"line":20,"column":5}},"type":"if","locations":[{"start":{"line":18,"column":4},"end":{"line":20,"column":5}},{"start":{},"end":{}}],"line":18},"5":{"loc":{"start":{"line":21,"column":4},"end":{"line":26,"column":5}},"type":"if","locations":[{"start":{"line":21,"column":4},"end":{"line":26,"column":5}},{"start":{},"end":{}}],"line":21},"6":{"loc":{"start":{"line":35,"column":23},"end":{"line":35,"column":35}},"type":"default-arg","locations":[{"start":{"line":35,"column":33},"end":{"line":35,"column":35}}],"line":35},"7":{"loc":{"start":{"line":39,"column":42},"end":{"line":39,"column":54}},"type":"default-arg","locations":[{"start":{"line":39,"column":52},"end":{"line":39,"column":54}}],"line":39}},"s":{"0":1,"1":5,"2":5,"3":2,"4":5,"5":1,"6":1,"7":5,"8":1,"9":1,"10":5,"11":1,"12":1,"13":5,"14":1,"15":5,"16":3,"17":3,"18":1,"19":1,"20":1,"21":1,"22":1,"23":1,"24":1,"25":1,"26":1,"27":1},"f":{"0":5,"1":1,"2":1,"3":1,"4":3,"5":1,"6":1,"7":1,"8":1,"9":1,"10":1},"b":{"0":[0],"1":[2,3],"2":[1,4],"3":[1,4],"4":[1,4],"5":[1,4],"6":[0],"7":[0]},"_coverageSchema":"1a1c01bbd47fc00a2c39e90264f33305004495a9","hash":"933732584e04d34f8507354757aa3f18ca316dc6"}
,"/Users/abyss/giggly-app/packages/express-backend/band.js": {"path":"/Users/abyss/giggly-app/packages/express-backend/band.js","statementMap":{"0":{"start":{"line":4,"column":19},"end":{"line":23,"column":1}},"1":{"start":{"line":25,"column":13},"end":{"line":25,"column":47}}},"fnMap":{},"branchMap":{},"s":{"0":3,"1":3},"f":{},"b":{},"_coverageSchema":"1a1c01bbd47fc00a2c39e90264f33305004495a9","hash":"fd3f001af6e19d5bcfe843d4b9d25a74b56f7cdf"}
,"/Users/abyss/giggly-app/packages/express-backend/conversation-services.js": {"path":"/Users/abyss/giggly-app/packages/express-backend/conversation-services.js","statementMap":{"0":{"start":{"line":4,"column":16},"end":{"line":4,"column":18}},"1":{"start":{"line":6,"column":2},"end":{"line":6,"column":36}},"2":{"start":{"line":6,"column":14},"end":{"line":6,"column":36}},"3":{"start":{"line":7,"column":2},"end":{"line":7,"column":39}},"4":{"start":{"line":7,"column":15},"end":{"line":7,"column":39}},"5":{"start":{"line":9,"column":2},"end":{"line":9,"column":34}},"6":{"start":{"line":13,"column":2},"end":{"line":13,"column":46}},"7":{"start":{"line":17,"column":2},"end":{"line":19,"column":18}},"8":{"start":{"line":23,"column":26},"end":{"line":23,"column":48}},"9":{"start":{"line":24,"column":2},"end":{"line":24,"column":32}},"10":{"start":{"line":28,"column":2},"end":{"line":28,"column":35}},"11":{"start":{"line":32,"column":2},"end":{"line":32,"column":44}}},"fnMap":{"0":{"name":"getConversations","decl":{"start":{"line":3,"column":9},"end":{"line":3,"column":25}},"loc":{"start":{"line":3,"column":43},"end":{"line":10,"column":1}},"line":3},"1":{"name":"getConversationsCount","decl":{"start":{"line":12,"column":9},"end":{"line":12,"column":30}},"loc":{"start":{"line":12,"column":40},"end":{"line":14,"column":1}},"line":12},"2":{"name":"getConversationsPaginated","decl":{"start":{"line":16,"column":9},"end":{"line":16,"column":34}},"loc":{"start":{"line":16,"column":59},"end":{"line":20,"column":1}},"line":16},"3":{"name":"addConversation","decl":{"start":{"line":22,"column":9},"end":{"line":22,"column":24}},"loc":{"start":{"line":22,"column":31},"end":{"line":25,"column":1}},"line":22},"4":{"name":"findConversationById","decl":{"start":{"line":27,"column":9},"end":{"line":27,"column":29}},"loc":{"start":{"line":27,"column":34},"end":{"line":29,"column":1}},"line":27},"5":{"name":"findConversationByIdAndDelete","decl":{"start":{"line":31,"column":9},"end":{"line":31,"column":38}},"loc":{"start":{"line":31,"column":43},"end":{"line":33,"column":1}},"line":31}},"branchMap":{"0":{"loc":{"start":{"line":6,"column":2},"end":{"line":6,"column":36}},"type":"if","locations":[{"start":{"line":6,"column":2},"end":{"line":6,"column":36}},{"start":{},"end":{}}],"line":6},"1":{"loc":{"start":{"line":7,"column":2},"end":{"line":7,"column":39}},"type":"if","locations":[{"start":{"line":7,"column":2},"end":{"line":7,"column":39}},{"start":{},"end":{}}],"line":7}},"s":{"0":4,"1":4,"2":2,"3":4,"4":2,"5":4,"6":1,"7":1,"8":1,"9":1,"10":1,"11":1},"f":{"0":4,"1":1,"2":1,"3":1,"4":1,"5":1},"b":{"0":[2,2],"1":[2,2]},"_coverageSchema":"1a1c01bbd47fc00a2c39e90264f33305004495a9","hash":"19b394c312b2ca23942464e5b323f1075b55bd21"}
,"/Users/abyss/giggly-app/packages/express-backend/conversation.js": {"path":"/Users/abyss/giggly-app/packages/express-backend/conversation.js","statementMap":{"0":{"start":{"line":2,"column":17},"end":{"line":2,"column":25}},"1":{"start":{"line":4,"column":27},"end":{"line":37,"column":2}},"2":{"start":{"line":39,"column":0},"end":{"line":47,"column":2}},"3":{"start":{"line":49,"column":21},"end":{"line":49,"column":71}}},"fnMap":{},"branchMap":{},"s":{"0":1,"1":1,"2":1,"3":1},"f":{},"b":{},"_coverageSchema":"1a1c01bbd47fc00a2c39e90264f33305004495a9","hash":"3286c56d1147d6e891f2424c92fb68b8f585af60"}
,"/Users/abyss/giggly-app/packages/express-backend/gig-services.js": {"path":"/Users/abyss/giggly-app/packages/express-backend/gig-services.js","statementMap":{"0":{"start":{"line":4,"column":19},"end":{"line":4,"column":100}},"1":{"start":{"line":7,"column":18},"end":{"line":7,"column":20}},"2":{"start":{"line":8,"column":4},"end":{"line":10,"column":5}},"3":{"start":{"line":9,"column":8},"end":{"line":9,"column":48}},"4":{"start":{"line":11,"column":4},"end":{"line":13,"column":5}},"5":{"start":{"line":12,"column":8},"end":{"line":12,"column":62}},"6":{"start":{"line":14,"column":4},"end":{"line":16,"column":5}},"7":{"start":{"line":15,"column":8},"end":{"line":15,"column":73}},"8":{"start":{"line":15,"column":54},"end":{"line":15,"column":69}},"9":{"start":{"line":17,"column":4},"end":{"line":19,"column":5}},"10":{"start":{"line":18,"column":8},"end":{"line":18,"column":79}},"11":{"start":{"line":18,"column":60},"end":{"line":18,"column":75}},"12":{"start":{"line":20,"column":4},"end":{"line":25,"column":5}},"13":{"start":{"line":21,"column":8},"end":{"line":24,"column":10}},"14":{"start":{"line":26,"column":4},"end":{"line":28,"column":5}},"15":{"start":{"line":27,"column":8},"end":{"line":27,"column":36}},"16":{"start":{"line":29,"column":4},"end":{"line":34,"column":5}},"17":{"start":{"line":30,"column":8},"end":{"line":33,"column":10}},"18":{"start":{"line":35,"column":4},"end":{"line":37,"column":5}},"19":{"start":{"line":36,"column":8},"end":{"line":36,"column":48}},"20":{"start":{"line":38,"column":4},"end":{"line":40,"column":5}},"21":{"start":{"line":39,"column":8},"end":{"line":39,"column":40}},"22":{"start":{"line":41,"column":4},"end":{"line":43,"column":5}},"23":{"start":{"line":42,"column":8},"end":{"line":42,"column":83}},"24":{"start":{"line":42,"column":64},"end":{"line":42,"column":79}},"25":{"start":{"line":44,"column":4},"end":{"line":44,"column":17}},"26":{"start":{"line":48,"column":18},"end":{"line":48,"column":126}},"27":{"start":{"line":49,"column":4},"end":{"line":49,"column":51}},"28":{"start":{"line":53,"column":4},"end":{"line":53,"column":60}},"29":{"start":{"line":57,"column":18},"end":{"line":57,"column":41}},"30":{"start":{"line":58,"column":24},"end":{"line":58,"column":89}},"31":{"start":{"line":59,"column":25},"end":{"line":59,"column":55}},"32":{"start":{"line":60,"column":4},"end":{"line":60,"column":95}},"33":{"start":{"line":60,"column":77},"end":{"line":60,"column":92}},"34":{"start":{"line":65,"column":4},"end":{"line":65,"column":33}},"35":{"start":{"line":69,"column":21},"end":{"line":69,"column":38}},"36":{"start":{"line":70,"column":4},"end":{"line":70,"column":27}},"37":{"start":{"line":74,"column":4},"end":{"line":74,"column":42}}},"fnMap":{"0":{"name":"buildGigsQuery","decl":{"start":{"line":6,"column":9},"end":{"line":6,"column":23}},"loc":{"start":{"line":6,"column":38},"end":{"line":45,"column":1}},"line":6},"1":{"name":"(anonymous_1)","decl":{"start":{"line":15,"column":49},"end":{"line":15,"column":50}},"loc":{"start":{"line":15,"column":54},"end":{"line":15,"column":69}},"line":15},"2":{"name":"(anonymous_2)","decl":{"start":{"line":18,"column":55},"end":{"line":18,"column":56}},"loc":{"start":{"line":18,"column":60},"end":{"line":18,"column":75}},"line":18},"3":{"name":"(anonymous_3)","decl":{"start":{"line":42,"column":59},"end":{"line":42,"column":60}},"loc":{"start":{"line":42,"column":64},"end":{"line":42,"column":79}},"line":42},"4":{"name":"getGigs","decl":{"start":{"line":47,"column":9},"end":{"line":47,"column":16}},"loc":{"start":{"line":47,"column":107},"end":{"line":50,"column":1}},"line":47},"5":{"name":"getGigsCount","decl":{"start":{"line":52,"column":9},"end":{"line":52,"column":21}},"loc":{"start":{"line":52,"column":36},"end":{"line":54,"column":1}},"line":52},"6":{"name":"getGigsPaginated","decl":{"start":{"line":56,"column":9},"end":{"line":56,"column":25}},"loc":{"start":{"line":56,"column":55},"end":{"line":61,"column":1}},"line":56},"7":{"name":"(anonymous_7)","decl":{"start":{"line":60,"column":57},"end":{"line":60,"column":58}},"loc":{"start":{"line":60,"column":77},"end":{"line":60,"column":92}},"line":60},"8":{"name":"findGigById","decl":{"start":{"line":64,"column":9},"end":{"line":64,"column":20}},"loc":{"start":{"line":64,"column":25},"end":{"line":66,"column":1}},"line":64},"9":{"name":"addGig","decl":{"start":{"line":68,"column":9},"end":{"line":68,"column":15}},"loc":{"start":{"line":68,"column":21},"end":{"line":71,"column":1}},"line":68},"10":{"name":"findGigByIdAndDelete","decl":{"start":{"line":73,"column":9},"end":{"line":73,"column":29}},"loc":{"start":{"line":73,"column":34},"end":{"line":75,"column":1}},"line":73}},"branchMap":{"0":{"loc":{"start":{"line":6,"column":24},"end":{"line":6,"column":36}},"type":"default-arg","locations":[{"start":{"line":6,"column":34},"end":{"line":6,"column":36}}],"line":6},"1":{"loc":{"start":{"line":8,"column":4},"end":{"line":10,"column":5}},"type":"if","locations":[{"start":{"line":8,"column":4},"end":{"line":10,"column":5}},{"start":{},"end":{}}],"line":8},"2":{"loc":{"start":{"line":11,"column":4},"end":{"line":13,"column":5}},"type":"if","locations":[{"start":{"line":11,"column":4},"end":{"line":13,"column":5}},{"start":{},"end":{}}],"line":11},"3":{"loc":{"start":{"line":14,"column":4},"end":{"line":16,"column":5}},"type":"if","locations":[{"start":{"line":14,"column":4},"end":{"line":16,"column":5}},{"start":{},"end":{}}],"line":14},"4":{"loc":{"start":{"line":17,"column":4},"end":{"line":19,"column":5}},"type":"if","locations":[{"start":{"line":17,"column":4},"end":{"line":19,"column":5}},{"start":{},"end":{}}],"line":17},"5":{"loc":{"start":{"line":20,"column":4},"end":{"line":25,"column":5}},"type":"if","locations":[{"start":{"line":20,"column":4},"end":{"line":25,"column":5}},{"start":{},"end":{}}],"line":20},"6":{"loc":{"start":{"line":26,"column":4},"end":{"line":28,"column":5}},"type":"if","locations":[{"start":{"line":26,"column":4},"end":{"line":28,"column":5}},{"start":{},"end":{}}],"line":26},"7":{"loc":{"start":{"line":29,"column":4},"end":{"line":34,"column":5}},"type":"if","locations":[{"start":{"line":29,"column":4},"end":{"line":34,"column":5}},{"start":{},"end":{}}],"line":29},"8":{"loc":{"start":{"line":35,"column":4},"end":{"line":37,"column":5}},"type":"if","locations":[{"start":{"line":35,"column":4},"end":{"line":37,"column":5}},{"start":{},"end":{}}],"line":35},"9":{"loc":{"start":{"line":38,"column":4},"end":{"line":40,"column":5}},"type":"if","locations":[{"start":{"line":38,"column":4},"end":{"line":40,"column":5}},{"start":{},"end":{}}],"line":38},"10":{"loc":{"start":{"line":41,"column":4},"end":{"line":43,"column":5}},"type":"if","locations":[{"start":{"line":41,"column":4},"end":{"line":43,"column":5}},{"start":{},"end":{}}],"line":41},"11":{"loc":{"start":{"line":52,"column":22},"end":{"line":52,"column":34}},"type":"default-arg","locations":[{"start":{"line":52,"column":32},"end":{"line":52,"column":34}}],"line":52},"12":{"loc":{"start":{"line":56,"column":41},"end":{"line":56,"column":53}},"type":"default-arg","locations":[{"start":{"line":56,"column":51},"end":{"line":56,"column":53}}],"line":56}},"s":{"0":1,"1":4,"2":4,"3":1,"4":4,"5":1,"6":4,"7":1,"8":1,"9":4,"10":1,"11":1,"12":4,"13":1,"14":4,"15":1,"16":4,"17":1,"18":4,"19":1,"20":4,"21":1,"22":4,"23":1,"24":1,"25":4,"26":2,"27":2,"28":1,"29":1,"30":1,"31":1,"32":1,"33":1,"34":1,"35":1,"36":1,"37":1},"f":{"0":4,"1":1,"2":1,"3":1,"4":2,"5":1,"6":1,"7":1,"8":1,"9":1,"10":1},"b":{"0":[0],"1":[1,3],"2":[1,3],"3":[1,3],"4":[1,3],"5":[1,3],"6":[1,3],"7":[1,3],"8":[1,3],"9":[1,3],"10":[1,3],"11":[0],"12":[0]},"_coverageSchema":"1a1c01bbd47fc00a2c39e90264f33305004495a9","hash":"5eb43be119cc07c273771558261b4aa5690a0bb2"}
,"/Users/abyss/giggly-app/packages/express-backend/gig.js": {"path":"/Users/abyss/giggly-app/packages/express-backend/gig.js","statementMap":{"0":{"start":{"line":5,"column":18},"end":{"line":40,"column":1}},"1":{"start":{"line":42,"column":12},"end":{"line":42,"column":44}}},"fnMap":{},"branchMap":{},"s":{"0":1,"1":1},"f":{},"b":{},"_coverageSchema":"1a1c01bbd47fc00a2c39e90264f33305004495a9","hash":"10e7835569a522bb8119b148bf14e5343b01616b"}
,"/Users/abyss/giggly-app/packages/express-backend/jest.config.js": {"path":"/Users/abyss/giggly-app/packages/express-backend/jest.config.js","statementMap":{},"fnMap":{},"branchMap":{},"s":{},"f":{},"b":{}}
,"/Users/abyss/giggly-app/packages/express-backend/message-services.js": {"path":"/Users/abyss/giggly-app/packages/express-backend/message-services.js","statementMap":{"0":{"start":{"line":4,"column":2},"end":{"line":4,"column":42}},"1":{"start":{"line":8,"column":2},"end":{"line":8,"column":41}},"2":{"start":{"line":12,"column":2},"end":{"line":14,"column":18}},"3":{"start":{"line":18,"column":21},"end":{"line":18,"column":41}},"4":{"start":{"line":19,"column":2},"end":{"line":19,"column":27}},"5":{"start":{"line":23,"column":2},"end":{"line":23,"column":30}},"6":{"start":{"line":27,"column":2},"end":{"line":27,"column":39}}},"fnMap":{"0":{"name":"getMessages","decl":{"start":{"line":3,"column":9},"end":{"line":3,"column":20}},"loc":{"start":{"line":3,"column":37},"end":{"line":5,"column":1}},"line":3},"1":{"name":"getMessagesCount","decl":{"start":{"line":7,"column":9},"end":{"line":7,"column":25}},"loc":{"start":{"line":7,"column":35},"end":{"line":9,"column":1}},"line":7},"2":{"name":"getMessagesPaginated","decl":{"start":{"line":11,"column":9},"end":{"line":11,"column":29}},"loc":{"start":{"line":11,"column":54},"end":{"line":15,"column":1}},"line":11},"3":{"name":"addMessage","decl":{"start":{"line":17,"column":9},"end":{"line":17,"column":19}},"loc":{"start":{"line":17,"column":29},"end":{"line":20,"column":1}},"line":17},"4":{"name":"findMessageById","decl":{"start":{"line":22,"column":9},"end":{"line":22,"column":24}},"loc":{"start":{"line":22,"column":29},"end":{"line":24,"column":1}},"line":22},"5":{"name":"findMessageByIdAndDelete","decl":{"start":{"line":26,"column":9},"end":{"line":26,"column":33}},"loc":{"start":{"line":26,"column":38},"end":{"line":28,"column":1}},"line":26}},"branchMap":{},"s":{"0":1,"1":1,"2":1,"3":1,"4":1,"5":1,"6":1},"f":{"0":1,"1":1,"2":1,"3":1,"4":1,"5":1},"b":{},"_coverageSchema":"1a1c01bbd47fc00a2c39e90264f33305004495a9","hash":"41a0c0e8407d9239bfac2989da41202d11e97117"}
,"/Users/abyss/giggly-app/packages/express-backend/messages.js": {"path":"/Users/abyss/giggly-app/packages/express-backend/messages.js","statementMap":{"0":{"start":{"line":2,"column":19},"end":{"line":2,"column":27}},"1":{"start":{"line":3,"column":22},"end":{"line":39,"column":2}},"2":{"start":{"line":41,"column":16},"end":{"line":41,"column":56}}},"fnMap":{},"branchMap":{},"s":{"0":1,"1":1,"2":1},"f":{},"b":{},"_coverageSchema":"1a1c01bbd47fc00a2c39e90264f33305004495a9","hash":"6c659f674e2b0e9e3bc944f227b82f958cb847e2"}
,"/Users/abyss/giggly-app/packages/express-backend/musician-services.js": {"path":"/Users/abyss/giggly-app/packages/express-backend/musician-services.js","statementMap":{"0":{"start":{"line":4,"column":24},"end":{"line":4,"column":64}},"1":{"start":{"line":7,"column":18},"end":{"line":7,"column":20}},"2":{"start":{"line":8,"column":4},"end":{"line":10,"column":5}},"3":{"start":{"line":9,"column":8},"end":{"line":9,"column":48}},"4":{"start":{"line":11,"column":4},"end":{"line":13,"column":5}},"5":{"start":{"line":12,"column":8},"end":{"line":12,"column":95}},"6":{"start":{"line":12,"column":76},"end":{"line":12,"column":91}},"7":{"start":{"line":14,"column":4},"end":{"line":16,"column":5}},"8":{"start":{"line":15,"column":8},"end":{"line":15,"column":83}},"9":{"start":{"line":15,"column":64},"end":{"line":15,"column":79}},"10":{"start":{"line":17,"column":4},"end":{"line":19,"column":5}},"11":{"start":{"line":18,"column":8},"end":{"line":18,"column":67}},"12":{"start":{"line":18,"column":48},"end":{"line":18,"column":63}},"13":{"start":{"line":20,"column":4},"end":{"line":20,"column":17}},"14":{"start":{"line":24,"column":18},"end":{"line":24,"column":79}},"15":{"start":{"line":25,"column":4},"end":{"line":25,"column":61}},"16":{"start":{"line":29,"column":4},"end":{"line":29,"column":70}},"17":{"start":{"line":33,"column":18},"end":{"line":33,"column":46}},"18":{"start":{"line":34,"column":29},"end":{"line":34,"column":104}},"19":{"start":{"line":35,"column":25},"end":{"line":35,"column":60}},"20":{"start":{"line":36,"column":4},"end":{"line":36,"column":110}},"21":{"start":{"line":36,"column":87},"end":{"line":36,"column":107}},"22":{"start":{"line":41,"column":4},"end":{"line":41,"column":38}},"23":{"start":{"line":45,"column":26},"end":{"line":45,"column":53}},"24":{"start":{"line":46,"column":4},"end":{"line":46,"column":32}},"25":{"start":{"line":50,"column":4},"end":{"line":50,"column":47}}},"fnMap":{"0":{"name":"buildMusiciansQuery","decl":{"start":{"line":6,"column":9},"end":{"line":6,"column":28}},"loc":{"start":{"line":6,"column":43},"end":{"line":21,"column":1}},"line":6},"1":{"name":"(anonymous_1)","decl":{"start":{"line":12,"column":71},"end":{"line":12,"column":72}},"loc":{"start":{"line":12,"column":76},"end":{"line":12,"column":91}},"line":12},"2":{"name":"(anonymous_2)","decl":{"start":{"line":15,"column":59},"end":{"line":15,"column":60}},"loc":{"start":{"line":15,"column":64},"end":{"line":15,"column":79}},"line":15},"3":{"name":"(anonymous_3)","decl":{"start":{"line":18,"column":43},"end":{"line":18,"column":44}},"loc":{"start":{"line":18,"column":48},"end":{"line":18,"column":63}},"line":18},"4":{"name":"getMusicians","decl":{"start":{"line":23,"column":9},"end":{"line":23,"column":21}},"loc":{"start":{"line":23,"column":60},"end":{"line":26,"column":1}},"line":23},"5":{"name":"getMusiciansCount","decl":{"start":{"line":28,"column":9},"end":{"line":28,"column":26}},"loc":{"start":{"line":28,"column":41},"end":{"line":30,"column":1}},"line":28},"6":{"name":"getMusiciansPaginated","decl":{"start":{"line":32,"column":9},"end":{"line":32,"column":30}},"loc":{"start":{"line":32,"column":60},"end":{"line":37,"column":1}},"line":32},"7":{"name":"(anonymous_7)","decl":{"start":{"line":36,"column":62},"end":{"line":36,"column":63}},"loc":{"start":{"line":36,"column":87},"end":{"line":36,"column":107}},"line":36},"8":{"name":"findMusicianById","decl":{"start":{"line":40,"column":9},"end":{"line":40,"column":25}},"loc":{"start":{"line":40,"column":30},"end":{"line":42,"column":1}},"line":40},"9":{"name":"addMusician","decl":{"start":{"line":44,"column":9},"end":{"line":44,"column":20}},"loc":{"start":{"line":44,"column":31},"end":{"line":47,"column":1}},"line":44},"10":{"name":"findMusicianByIdAndDelete","decl":{"start":{"line":49,"column":9},"end":{"line":49,"column":34}},"loc":{"start":{"line":49,"column":39},"end":{"line":51,"column":1}},"line":49}},"branchMap":{"0":{"loc":{"start":{"line":6,"column":29},"end":{"line":6,"column":41}},"type":"default-arg","locations":[{"start":{"line":6,"column":39},"end":{"line":6,"column":41}}],"line":6},"1":{"loc":{"start":{"line":8,"column":4},"end":{"line":10,"column":5}},"type":"if","locations":[{"start":{"line":8,"column":4},"end":{"line":10,"column":5}},{"start":{},"end":{}}],"line":8},"2":{"loc":{"start":{"line":11,"column":4},"end":{"line":13,"column":5}},"type":"if","locations":[{"start":{"line":11,"column":4},"end":{"line":13,"column":5}},{"start":{},"end":{}}],"line":11},"3":{"loc":{"start":{"line":14,"column":4},"end":{"line":16,"column":5}},"type":"if","locations":[{"start":{"line":14,"column":4},"end":{"line":16,"column":5}},{"start":{},"end":{}}],"line":14},"4":{"loc":{"start":{"line":17,"column":4},"end":{"line":19,"column":5}},"type":"if","locations":[{"start":{"line":17,"column":4},"end":{"line":19,"column":5}},{"start":{},"end":{}}],"line":17},"5":{"loc":{"start":{"line":28,"column":27},"end":{"line":28,"column":39}},"type":"default-arg","locations":[{"start":{"line":28,"column":37},"end":{"line":28,"column":39}}],"line":28},"6":{"loc":{"start":{"line":32,"column":46},"end":{"line":32,"column":58}},"type":"default-arg","locations":[{"start":{"line":32,"column":56},"end":{"line":32,"column":58}}],"line":32}},"s":{"0":1,"1":4,"2":4,"3":1,"4":4,"5":1,"6":1,"7":4,"8":1,"9":1,"10":4,"11":1,"12":1,"13":4,"14":2,"15":2,"16":1,"17":1,"18":1,"19":1,"20":1,"21":1,"22":1,"23":1,"24":1,"25":1},"f":{"0":4,"1":1,"2":1,"3":1,"4":2,"5":1,"6":1,"7":1,"8":1,"9":1,"10":1},"b":{"0":[0],"1":[1,3],"2":[1,3],"3":[1,3],"4":[1,3],"5":[0],"6":[0]},"_coverageSchema":"1a1c01bbd47fc00a2c39e90264f33305004495a9","hash":"aac2d8d41a5cf8c64b92488c567e12f889573927"}
,"/Users/abyss/giggly-app/packages/express-backend/musician.js": {"path":"/Users/abyss/giggly-app/packages/express-backend/musician.js","statementMap":{"0":{"start":{"line":4,"column":23},"end":{"line":26,"column":1}},"1":{"start":{"line":28,"column":17},"end":{"line":28,"column":59}}},"fnMap":{},"branchMap":{},"s":{"0":3,"1":3},"f":{},"b":{},"_coverageSchema":"1a1c01bbd47fc00a2c39e90264f33305004495a9","hash":"481c14ee820533133e2016458eeb5e68f73203f3"}
,"/Users/abyss/giggly-app/packages/express-backend/review-services.js": {"path":"/Users/abyss/giggly-app/packages/express-backend/review-services.js","statementMap":{"0":{"start":{"line":4,"column":22},"end":{"line":4,"column":73}},"1":{"start":{"line":7,"column":18},"end":{"line":7,"column":20}},"2":{"start":{"line":8,"column":4},"end":{"line":10,"column":5}},"3":{"start":{"line":9,"column":8},"end":{"line":9,"column":46}},"4":{"start":{"line":11,"column":4},"end":{"line":13,"column":5}},"5":{"start":{"line":12,"column":8},"end":{"line":12,"column":42}},"6":{"start":{"line":14,"column":4},"end":{"line":16,"column":5}},"7":{"start":{"line":15,"column":8},"end":{"line":15,"column":42}},"8":{"start":{"line":17,"column":4},"end":{"line":19,"column":5}},"9":{"start":{"line":18,"column":8},"end":{"line":18,"column":50}},"10":{"start":{"line":20,"column":4},"end":{"line":22,"column":5}},"11":{"start":{"line":21,"column":8},"end":{"line":21,"column":38}},"12":{"start":{"line":23,"column":4},"end":{"line":25,"column":5}},"13":{"start":{"line":24,"column":8},"end":{"line":24,"column":34}},"14":{"start":{"line":26,"column":4},"end":{"line":26,"column":17}},"15":{"start":{"line":30,"column":18},"end":{"line":30,"column":81}},"16":{"start":{"line":31,"column":4},"end":{"line":31,"column":57}},"17":{"start":{"line":35,"column":4},"end":{"line":35,"column":66}},"18":{"start":{"line":39,"column":18},"end":{"line":39,"column":44}},"19":{"start":{"line":40,"column":27},"end":{"line":40,"column":98}},"20":{"start":{"line":41,"column":25},"end":{"line":41,"column":58}},"21":{"start":{"line":42,"column":4},"end":{"line":42,"column":104}},"22":{"start":{"line":42,"column":83},"end":{"line":42,"column":101}},"23":{"start":{"line":47,"column":4},"end":{"line":47,"column":36}},"24":{"start":{"line":51,"column":24},"end":{"line":51,"column":47}},"25":{"start":{"line":52,"column":4},"end":{"line":52,"column":30}},"26":{"start":{"line":56,"column":4},"end":{"line":56,"column":45}}},"fnMap":{"0":{"name":"buildReviewsQuery","decl":{"start":{"line":6,"column":9},"end":{"line":6,"column":26}},"loc":{"start":{"line":6,"column":41},"end":{"line":27,"column":1}},"line":6},"1":{"name":"getReviews","decl":{"start":{"line":29,"column":9},"end":{"line":29,"column":19}},"loc":{"start":{"line":29,"column":62},"end":{"line":32,"column":1}},"line":29},"2":{"name":"getReviewsCount","decl":{"start":{"line":34,"column":9},"end":{"line":34,"column":24}},"loc":{"start":{"line":34,"column":39},"end":{"line":36,"column":1}},"line":34},"3":{"name":"getReviewsPaginated","decl":{"start":{"line":38,"column":9},"end":{"line":38,"column":28}},"loc":{"start":{"line":38,"column":58},"end":{"line":43,"column":1}},"line":38},"4":{"name":"(anonymous_4)","decl":{"start":{"line":42,"column":60},"end":{"line":42,"column":61}},"loc":{"start":{"line":42,"column":83},"end":{"line":42,"column":101}},"line":42},"5":{"name":"findReviewById","decl":{"start":{"line":46,"column":9},"end":{"line":46,"column":23}},"loc":{"start":{"line":46,"column":28},"end":{"line":48,"column":1}},"line":46},"6":{"name":"addReview","decl":{"start":{"line":50,"column":9},"end":{"line":50,"column":18}},"loc":{"start":{"line":50,"column":27},"end":{"line":53,"column":1}},"line":50},"7":{"name":"findReviewByIdAndDelete","decl":{"start":{"line":55,"column":9},"end":{"line":55,"column":32}},"loc":{"start":{"line":55,"column":37},"end":{"line":57,"column":1}},"line":55}},"branchMap":{"0":{"loc":{"start":{"line":6,"column":27},"end":{"line":6,"column":39}},"type":"default-arg","locations":[{"start":{"line":6,"column":37},"end":{"line":6,"column":39}}],"line":6},"1":{"loc":{"start":{"line":8,"column":4},"end":{"line":10,"column":5}},"type":"if","locations":[{"start":{"line":8,"column":4},"end":{"line":10,"column":5}},{"start":{},"end":{}}],"line":8},"2":{"loc":{"start":{"line":8,"column":8},"end":{"line":8,"column":61}},"type":"binary-expr","locations":[{"start":{"line":8,"column":8},"end":{"line":8,"column":36}},{"start":{"line":8,"column":40},"end":{"line":8,"column":61}}],"line":8},"3":{"loc":{"start":{"line":11,"column":4},"end":{"line":13,"column":5}},"type":"if","locations":[{"start":{"line":11,"column":4},"end":{"line":13,"column":5}},{"start":{},"end":{}}],"line":11},"4":{"loc":{"start":{"line":14,"column":4},"end":{"line":16,"column":5}},"type":"if","locations":[{"start":{"line":14,"column":4},"end":{"line":16,"column":5}},{"start":{},"end":{}}],"line":14},"5":{"loc":{"start":{"line":17,"column":4},"end":{"line":19,"column":5}},"type":"if","locations":[{"start":{"line":17,"column":4},"end":{"line":19,"column":5}},{"start":{},"end":{}}],"line":17},"6":{"loc":{"start":{"line":20,"column":4},"end":{"line":22,"column":5}},"type":"if","locations":[{"start":{"line":20,"column":4},"end":{"line":22,"column":5}},{"start":{},"end":{}}],"line":20},"7":{"loc":{"start":{"line":23,"column":4},"end":{"line":25,"column":5}},"type":"if","locations":[{"start":{"line":23,"column":4},"end":{"line":25,"column":5}},{"start":{},"end":{}}],"line":23},"8":{"loc":{"start":{"line":34,"column":25},"end":{"line":34,"column":37}},"type":"default-arg","locations":[{"start":{"line":34,"column":35},"end":{"line":34,"column":37}}],"line":34},"9":{"loc":{"start":{"line":38,"column":44},"end":{"line":38,"column":56}},"type":"default-arg","locations":[{"start":{"line":38,"column":54},"end":{"line":38,"column":56}}],"line":38}},"s":{"0":1,"1":4,"2":4,"3":2,"4":4,"5":1,"6":4,"7":1,"8":4,"9":1,"10":4,"11":1,"12":4,"13":1,"14":4,"15":2,"16":2,"17":1,"18":1,"19":1,"20":1,"21":1,"22":1,"23":1,"24":1,"25":1,"26":1},"f":{"0":4,"1":2,"2":1,"3":1,"4":1,"5":1,"6":1,"7":1},"b":{"0":[0],"1":[2,2],"2":[4,3],"3":[1,3],"4":[1,3],"5":[1,3],"6":[1,3],"7":[1,3],"8":[0],"9":[0]},"_coverageSchema":"1a1c01bbd47fc00a2c39e90264f33305004495a9","hash":"776cd003a0614b671c511111b8be3a264452c6e3"}
,"/Users/abyss/giggly-app/packages/express-backend/review.js": {"path":"/Users/abyss/giggly-app/packages/express-backend/review.js","statementMap":{"0":{"start":{"line":3,"column":21},"end":{"line":36,"column":1}},"1":{"start":{"line":38,"column":15},"end":{"line":38,"column":53}}},"fnMap":{},"branchMap":{},"s":{"0":1,"1":1},"f":{},"b":{},"_coverageSchema":"1a1c01bbd47fc00a2c39e90264f33305004495a9","hash":"096d76985a28eafa2c9f334d5db3e6f33ebb0bc7"}
,"/Users/abyss/giggly-app/packages/express-backend/venue-services.js": {"path":"/Users/abyss/giggly-app/packages/express-backend/venue-services.js","statementMap":{"0":{"start":{"line":4,"column":16},"end":{"line":4,"column":18}},"1":{"start":{"line":6,"column":2},"end":{"line":8,"column":3}},"2":{"start":{"line":7,"column":4},"end":{"line":7,"column":36}},"3":{"start":{"line":9,"column":2},"end":{"line":11,"column":3}},"4":{"start":{"line":10,"column":4},"end":{"line":10,"column":36}},"5":{"start":{"line":12,"column":2},"end":{"line":14,"column":3}},"6":{"start":{"line":13,"column":4},"end":{"line":13,"column":38}},"7":{"start":{"line":15,"column":2},"end":{"line":17,"column":3}},"8":{"start":{"line":16,"column":4},"end":{"line":16,"column":20}},"9":{"start":{"line":18,"column":2},"end":{"line":23,"column":3}},"10":{"start":{"line":19,"column":4},"end":{"line":22,"column":6}},"11":{"start":{"line":24,"column":2},"end":{"line":24,"column":32}},"12":{"start":{"line":28,"column":19},"end":{"line":28,"column":40}},"13":{"start":{"line":29,"column":18},"end":{"line":29,"column":33}},"14":{"start":{"line":30,"column":2},"end":{"line":30,"column":17}},"15":{"start":{"line":34,"column":2},"end":{"line":34,"column":33}},"16":{"start":{"line":38,"column":2},"end":{"line":38,"column":42}}},"fnMap":{"0":{"name":"getVenue","decl":{"start":{"line":3,"column":9},"end":{"line":3,"column":17}},"loc":{"start":{"line":3,"column":58},"end":{"line":25,"column":1}},"line":3},"1":{"name":"addVenue","decl":{"start":{"line":27,"column":9},"end":{"line":27,"column":17}},"loc":{"start":{"line":27,"column":25},"end":{"line":31,"column":1}},"line":27},"2":{"name":"findVenueById","decl":{"start":{"line":33,"column":9},"end":{"line":33,"column":22}},"loc":{"start":{"line":33,"column":27},"end":{"line":35,"column":1}},"line":33},"3":{"name":"findVenueByIdAndDelete","decl":{"start":{"line":37,"column":9},"end":{"line":37,"column":31}},"loc":{"start":{"line":37,"column":36},"end":{"line":39,"column":1}},"line":37}},"branchMap":{"0":{"loc":{"start":{"line":6,"column":2},"end":{"line":8,"column":3}},"type":"if","locations":[{"start":{"line":6,"column":2},"end":{"line":8,"column":3}},{"start":{},"end":{}}],"line":6},"1":{"loc":{"start":{"line":9,"column":2},"end":{"line":11,"column":3}},"type":"if","locations":[{"start":{"line":9,"column":2},"end":{"line":11,"column":3}},{"start":{},"end":{}}],"line":9},"2":{"loc":{"start":{"line":12,"column":2},"end":{"line":14,"column":3}},"type":"if","locations":[{"start":{"line":12,"column":2},"end":{"line":14,"column":3}},{"start":{},"end":{}}],"line":12},"3":{"loc":{"start":{"line":15,"column":2},"end":{"line":17,"column":3}},"type":"if","locations":[{"start":{"line":15,"column":2},"end":{"line":17,"column":3}},{"start":{},"end":{}}],"line":15},"4":{"loc":{"start":{"line":18,"column":2},"end":{"line":23,"column":3}},"type":"if","locations":[{"start":{"line":18,"column":2},"end":{"line":23,"column":3}},{"start":{},"end":{}}],"line":18}},"s":{"0":2,"1":2,"2":1,"3":2,"4":1,"5":2,"6":1,"7":2,"8":1,"9":2,"10":1,"11":2,"12":1,"13":1,"14":1,"15":1,"16":1},"f":{"0":2,"1":1,"2":1,"3":1},"b":{"0":[1,1],"1":[1,1],"2":[1,1],"3":[1,1],"4":[1,1]},"_coverageSchema":"1a1c01bbd47fc00a2c39e90264f33305004495a9","hash":"8b4985c72868a58c13bd693eab17efeae03a1bb2"}
,"/Users/abyss/giggly-app/packages/express-backend/venue.js": {"path":"/Users/abyss/giggly-app/packages/express-backend/venue.js","statementMap":{"0":{"start":{"line":3,"column":20},"end":{"line":45,"column":1}},"1":{"start":{"line":47,"column":14},"end":{"line":47,"column":50}}},"fnMap":{},"branchMap":{},"s":{"0":2,"1":2},"f":{},"b":{},"_coverageSchema":"1a1c01bbd47fc00a2c39e90264f33305004495a9","hash":"e1e4f32aa9fc362a0f4fddb6d723a06df5093651"}
,"/Users/abyss/giggly-app/packages/react-frontend/eslint.config.js": {"path":"/Users/abyss/giggly-app/packages/react-frontend/eslint.config.js","statementMap":{},"fnMap":{},"branchMap":{},"s":{},"f":{},"b":{}}
,"/Users/abyss/giggly-app/packages/react-frontend/vite.config.js": {"path":"/Users/abyss/giggly-app/packages/react-frontend/vite.config.js","statementMap":{},"fnMap":{},"branchMap":{},"s":{},"f":{},"b":{}}
,"/Users/abyss/giggly-app/packages/react-frontend/src/api/api.js": {"path":"/Users/abyss/giggly-app/packages/react-frontend/src/api/api.js","statementMap":{"0":{"start":{"line":1,"column":16},"end":{"line":1,"column":39}},"1":{"start":{"line":6,"column":14},"end":{"line":6,"column":45}},"2":{"start":{"line":7,"column":15},"end":{"line":7,"column":31}},"3":{"start":{"line":8,"column":2},"end":{"line":8,"column":19}},"4":{"start":{"line":12,"column":14},"end":{"line":12,"column":51}},"5":{"start":{"line":13,"column":15},"end":{"line":13,"column":31}},"6":{"start":{"line":14,"column":2},"end":{"line":14,"column":19}},"7":{"start":{"line":18,"column":14},"end":{"line":22,"column":4}},"8":{"start":{"line":24,"column":2},"end":{"line":24,"column":20}},"9":{"start":{"line":28,"column":14},"end":{"line":30,"column":4}},"10":{"start":{"line":32,"column":2},"end":{"line":32,"column":20}},"11":{"start":{"line":39,"column":14},"end":{"line":39,"column":46}},"12":{"start":{"line":40,"column":15},"end":{"line":40,"column":31}},"13":{"start":{"line":41,"column":2},"end":{"line":41,"column":19}},"14":{"start":{"line":45,"column":14},"end":{"line":49,"column":4}},"15":{"start":{"line":51,"column":2},"end":{"line":51,"column":20}},"16":{"start":{"line":55,"column":14},"end":{"line":57,"column":4}},"17":{"start":{"line":59,"column":2},"end":{"line":59,"column":20}},"18":{"start":{"line":66,"column":14},"end":{"line":66,"column":49}},"19":{"start":{"line":67,"column":15},"end":{"line":67,"column":31}},"20":{"start":{"line":68,"column":2},"end":{"line":68,"column":19}},"21":{"start":{"line":72,"column":14},"end":{"line":76,"column":4}},"22":{"start":{"line":78,"column":2},"end":{"line":78,"column":20}},"23":{"start":{"line":85,"column":14},"end":{"line":85,"column":47}},"24":{"start":{"line":86,"column":15},"end":{"line":86,"column":31}},"25":{"start":{"line":87,"column":2},"end":{"line":87,"column":19}},"26":{"start":{"line":91,"column":14},"end":{"line":95,"column":4}},"27":{"start":{"line":97,"column":2},"end":{"line":97,"column":20}}},"fnMap":{"0":{"name":"getBands","decl":{"start":{"line":5,"column":22},"end":{"line":5,"column":30}},"loc":{"start":{"line":5,"column":33},"end":{"line":9,"column":1}},"line":5},"1":{"name":"getBandById","decl":{"start":{"line":11,"column":22},"end":{"line":11,"column":33}},"loc":{"start":{"line":11,"column":38},"end":{"line":15,"column":1}},"line":11},"2":{"name":"createBand","decl":{"start":{"line":17,"column":22},"end":{"line":17,"column":32}},"loc":{"start":{"line":17,"column":39},"end":{"line":25,"column":1}},"line":17},"3":{"name":"deleteBand","decl":{"start":{"line":27,"column":22},"end":{"line":27,"column":32}},"loc":{"start":{"line":27,"column":37},"end":{"line":33,"column":1}},"line":27},"4":{"name":"getVenues","decl":{"start":{"line":38,"column":22},"end":{"line":38,"column":31}},"loc":{"start":{"line":38,"column":34},"end":{"line":42,"column":1}},"line":38},"5":{"name":"createVenue","decl":{"start":{"line":44,"column":22},"end":{"line":44,"column":33}},"loc":{"start":{"line":44,"column":41},"end":{"line":52,"column":1}},"line":44},"6":{"name":"deleteVenue","decl":{"start":{"line":54,"column":22},"end":{"line":54,"column":33}},"loc":{"start":{"line":54,"column":38},"end":{"line":60,"column":1}},"line":54},"7":{"name":"getMusicians","decl":{"start":{"line":65,"column":22},"end":{"line":65,"column":34}},"loc":{"start":{"line":65,"column":37},"end":{"line":69,"column":1}},"line":65},"8":{"name":"createMusician","decl":{"start":{"line":71,"column":22},"end":{"line":71,"column":36}},"loc":{"start":{"line":71,"column":47},"end":{"line":79,"column":1}},"line":71},"9":{"name":"getReviews","decl":{"start":{"line":84,"column":22},"end":{"line":84,"column":32}},"loc":{"start":{"line":84,"column":35},"end":{"line":88,"column":1}},"line":84},"10":{"name":"createReview","decl":{"start":{"line":90,"column":22},"end":{"line":90,"column":34}},"loc":{"start":{"line":90,"column":43},"end":{"line":98,"column":1}},"line":90}},"branchMap":{},"s":{"0":1,"1":1,"2":1,"3":1,"4":1,"5":1,"6":1,"7":1,"8":1,"9":1,"10":1,"11":1,"12":1,"13":1,"14":1,"15":1,"16":1,"17":1,"18":1,"19":1,"20":1,"21":1,"22":1,"23":1,"24":1,"25":1,"26":1,"27":1},"f":{"0":1,"1":1,"2":1,"3":1,"4":1,"5":1,"6":1,"7":1,"8":1,"9":1,"10":1},"b":{},"_coverageSchema":"1a1c01bbd47fc00a2c39e90264f33305004495a9","hash":"26a9242c4d5673a328b4b14bdab4ab47da5af52d"}
}
