TN:
SF:packages/express-backend/availability-service.js
FN:3,createAvailability
FN:25,getSlots
FNF:2
FNH:2
FNDA:2,createAvailability
FNDA:2,getSlots
DA:4,2
DA:5,2
DA:7,2
DA:14,2
DA:16,1
DA:26,2
DA:27,2
DA:29,2
DA:30,1
DA:31,1
DA:32,1
DA:35,2
LF:12
LH:12
BRDA:14,0,0,1
BRDA:14,0,1,1
BRDA:25,1,0,1
BRDA:27,2,0,2
BRDA:27,2,1,0
BRDA:29,3,0,1
BRDA:29,3,1,1
BRDA:29,4,0,2
BRDA:29,4,1,1
BRDA:31,5,0,1
BRDA:31,5,1,0
BRDA:32,6,0,1
BRDA:32,6,1,0
BRF:13
BRH:10
end_of_record
TN:
SF:packages/express-backend/availability.js
FN:35,(anonymous_0)
FNF:1
FNH:1
FNDA:3,(anonymous_0)
DA:3,2
DA:35,2
DA:36,3
DA:37,3
DA:38,2
DA:43,2
LF:6
LH:6
BRDA:36,0,0,3
BRDA:36,0,1,0
BRDA:36,1,0,3
BRDA:36,1,1,3
BRDA:37,2,0,2
BRDA:37,2,1,1
BRF:6
BRH:5
end_of_record
TN:
SF:packages/express-backend/backend.js
FN:23,(anonymous_0)
FN:24,(anonymous_1)
FN:26,(anonymous_2)
FN:53,(anonymous_3)
FN:67,(anonymous_4)
FN:76,(anonymous_5)
FN:89,(anonymous_6)
FN:118,(anonymous_7)
FN:128,(anonymous_8)
FN:141,(anonymous_9)
FN:154,(anonymous_10)
FN:180,(anonymous_11)
FN:193,(anonymous_12)
FN:203,(anonymous_13)
FN:216,(anonymous_14)
FN:233,(anonymous_15)
FN:257,(anonymous_16)
FN:290,(anonymous_17)
FNF:18
FNH:0
FNDA:0,(anonymous_0)
FNDA:0,(anonymous_1)
FNDA:0,(anonymous_2)
FNDA:0,(anonymous_3)
FNDA:0,(anonymous_4)
FNDA:0,(anonymous_5)
FNDA:0,(anonymous_6)
FNDA:0,(anonymous_7)
FNDA:0,(anonymous_8)
FNDA:0,(anonymous_9)
FNDA:0,(anonymous_10)
FNDA:0,(anonymous_11)
FNDA:0,(anonymous_12)
FNDA:0,(anonymous_13)
FNDA:0,(anonymous_14)
FNDA:0,(anonymous_15)
FNDA:0,(anonymous_16)
FNDA:0,(anonymous_17)
DA:12,0
DA:13,0
DA:14,0
DA:16,0
DA:17,0
DA:18,0
DA:21,0
DA:23,0
DA:24,0
DA:26,0
DA:27,0
DA:28,0
DA:29,0
DA:30,0
DA:37,0
DA:38,0
DA:46,0
DA:48,0
DA:53,0
DA:54,0
DA:55,0
DA:56,0
DA:57,0
DA:59,0
DA:61,0
DA:67,0
DA:68,0
DA:69,0
DA:70,0
DA:72,0
DA:76,0
DA:77,0
DA:78,0
DA:79,0
DA:80,0
DA:82,0
DA:84,0
DA:89,0
DA:90,0
DA:91,0
DA:94,0
DA:96,0
DA:99,0
DA:103,0
DA:111,0
DA:113,0
DA:118,0
DA:119,0
DA:120,0
DA:121,0
DA:123,0
DA:128,0
DA:129,0
DA:130,0
DA:131,0
DA:132,0
DA:134,0
DA:136,0
DA:141,0
DA:142,0
DA:143,0
DA:144,0
DA:145,0
DA:147,0
DA:149,0
DA:154,0
DA:155,0
DA:156,0
DA:157,0
DA:158,0
DA:160,0
DA:166,0
DA:167,0
DA:173,0
DA:175,0
DA:180,0
DA:181,0
DA:182,0
DA:183,0
DA:184,0
DA:186,0
DA:188,0
DA:193,0
DA:194,0
DA:195,0
DA:196,0
DA:198,0
DA:203,0
DA:204,0
DA:205,0
DA:206,0
DA:207,0
DA:209,0
DA:211,0
DA:216,0
DA:217,0
DA:218,0
DA:219,0
DA:220,0
DA:222,0
DA:223,0
DA:224,0
DA:226,0
DA:228,0
DA:233,0
DA:234,0
DA:235,0
DA:236,0
DA:237,0
DA:239,0
DA:248,0
DA:249,0
DA:250,0
DA:252,0
DA:257,0
DA:258,0
DA:259,0
DA:260,0
DA:261,0
DA:264,0
DA:265,0
DA:266,0
DA:269,0
DA:270,0
DA:271,0
DA:274,0
DA:282,0
DA:284,0
DA:289,0
DA:290,0
LF:130
LH:0
BRDA:22,0,0,0
BRDA:22,0,1,0
BRDA:28,1,0,0
BRDA:28,1,1,0
BRDA:29,2,0,0
BRDA:29,2,1,0
BRDA:56,3,0,0
BRDA:56,3,1,0
BRDA:79,4,0,0
BRDA:79,4,1,0
BRDA:94,5,0,0
BRDA:94,5,1,0
BRDA:96,6,0,0
BRDA:96,6,1,0
BRDA:99,7,0,0
BRDA:99,7,1,0
BRDA:99,8,0,0
BRDA:99,8,1,0
BRDA:131,9,0,0
BRDA:131,9,1,0
BRDA:144,10,0,0
BRDA:144,10,1,0
BRDA:156,11,0,0
BRDA:156,11,1,0
BRDA:157,12,0,0
BRDA:157,12,1,0
BRDA:183,13,0,0
BRDA:183,13,1,0
BRDA:206,14,0,0
BRDA:206,14,1,0
BRDA:218,15,0,0
BRDA:218,15,1,0
BRDA:219,16,0,0
BRDA:219,16,1,0
BRDA:235,17,0,0
BRDA:235,17,1,0
BRDA:236,18,0,0
BRDA:236,18,1,0
BRDA:260,19,0,0
BRDA:260,19,1,0
BRDA:260,20,0,0
BRDA:260,20,1,0
BRDA:260,20,2,0
BRDA:260,20,3,0
BRDA:265,21,0,0
BRDA:265,21,1,0
BRDA:265,22,0,0
BRDA:265,22,1,0
BRDA:265,22,2,0
BRDA:270,23,0,0
BRDA:270,23,1,0
BRDA:279,24,0,0
BRDA:279,24,1,0
BRDA:280,25,0,0
BRDA:280,25,1,0
BRDA:289,26,0,0
BRDA:289,26,1,0
BRF:57
BRH:0
end_of_record
TN:
SF:packages/express-backend/band-services.js
FN:7,buildBandsQuery
FN:13,(anonymous_1)
FN:16,(anonymous_2)
FN:19,(anonymous_3)
FN:30,getBands
FN:35,getBandsCount
FN:39,getBandsPaginated
FN:43,(anonymous_7)
FN:47,findBandById
FN:51,addBand
FN:56,findBandByIdAndDelete
FNF:11
FNH:11
FNDA:5,buildBandsQuery
FNDA:1,(anonymous_1)
FNDA:1,(anonymous_2)
FNDA:1,(anonymous_3)
FNDA:3,getBands
FNDA:1,getBandsCount
FNDA:1,getBandsPaginated
FNDA:1,(anonymous_7)
FNDA:1,findBandById
FNDA:1,addBand
FNDA:1,findBandByIdAndDelete
DA:4,1
DA:8,5
DA:9,5
DA:10,2
DA:12,5
DA:13,1
DA:15,5
DA:16,1
DA:18,5
DA:19,1
DA:21,5
DA:22,1
DA:27,5
DA:31,3
DA:32,3
DA:36,1
DA:40,1
DA:41,1
DA:42,1
DA:43,1
DA:48,1
DA:52,1
DA:53,1
DA:57,1
LF:24
LH:24
BRDA:7,0,0,0
BRDA:9,1,0,2
BRDA:9,1,1,3
BRDA:12,2,0,1
BRDA:12,2,1,4
BRDA:15,3,0,1
BRDA:15,3,1,4
BRDA:18,4,0,1
BRDA:18,4,1,4
BRDA:21,5,0,1
BRDA:21,5,1,4
BRDA:35,6,0,0
BRDA:39,7,0,0
BRF:13
BRH:10
end_of_record
TN:
SF:packages/express-backend/band.js
FNF:0
FNH:0
DA:4,3
DA:25,3
LF:2
LH:2
BRF:0
BRH:0
end_of_record
TN:
SF:packages/express-backend/conversation.js
FNF:0
FNH:0
DA:3,0
DA:38,0
DA:48,0
LF:3
LH:0
BRF:0
BRH:0
end_of_record
TN:
SF:packages/express-backend/gig-services.js
FN:6,buildGigsQuery
FN:15,(anonymous_1)
FN:18,(anonymous_2)
FN:42,(anonymous_3)
FN:47,getGigs
FN:52,getGigsCount
FN:56,getGigsPaginated
FN:60,(anonymous_7)
FN:64,findGigById
FN:68,addGig
FN:73,findGigByIdAndDelete
FNF:11
FNH:11
FNDA:4,buildGigsQuery
FNDA:1,(anonymous_1)
FNDA:1,(anonymous_2)
FNDA:1,(anonymous_3)
FNDA:2,getGigs
FNDA:1,getGigsCount
FNDA:1,getGigsPaginated
FNDA:1,(anonymous_7)
FNDA:1,findGigById
FNDA:1,addGig
FNDA:1,findGigByIdAndDelete
DA:4,1
DA:7,4
DA:8,4
DA:9,1
DA:11,4
DA:12,1
DA:14,4
DA:15,1
DA:17,4
DA:18,1
DA:20,4
DA:21,1
DA:26,4
DA:27,1
DA:29,4
DA:30,1
DA:35,4
DA:36,1
DA:38,4
DA:39,1
DA:41,4
DA:42,1
DA:44,4
DA:48,2
DA:49,2
DA:53,1
DA:57,1
DA:58,1
DA:59,1
DA:60,1
DA:65,1
DA:69,1
DA:70,1
DA:74,1
LF:34
LH:34
BRDA:6,0,0,0
BRDA:8,1,0,1
BRDA:8,1,1,3
BRDA:11,2,0,1
BRDA:11,2,1,3
BRDA:14,3,0,1
BRDA:14,3,1,3
BRDA:17,4,0,1
BRDA:17,4,1,3
BRDA:20,5,0,1
BRDA:20,5,1,3
BRDA:26,6,0,1
BRDA:26,6,1,3
BRDA:29,7,0,1
BRDA:29,7,1,3
BRDA:35,8,0,1
BRDA:35,8,1,3
BRDA:38,9,0,1
BRDA:38,9,1,3
BRDA:41,10,0,1
BRDA:41,10,1,3
BRDA:52,11,0,0
BRDA:56,12,0,0
BRF:23
BRH:20
end_of_record
TN:
SF:packages/express-backend/gig.js
FNF:0
FNH:0
DA:5,1
DA:42,1
LF:2
LH:2
BRF:0
BRH:0
end_of_record
TN:
SF:packages/express-backend/messages.js
FNF:0
FNH:0
DA:3,0
DA:41,0
LF:2
LH:0
BRF:0
BRH:0
end_of_record
TN:
SF:packages/express-backend/musician-services.js
FN:6,buildMusiciansQuery
FN:12,(anonymous_1)
FN:15,(anonymous_2)
FN:18,(anonymous_3)
FN:23,getMusicians
FN:28,getMusiciansCount
FN:32,getMusiciansPaginated
FN:36,(anonymous_7)
FN:40,findMusicianById
FN:44,addMusician
FN:49,findMusicianByIdAndDelete
FNF:11
FNH:11
FNDA:4,buildMusiciansQuery
FNDA:1,(anonymous_1)
FNDA:1,(anonymous_2)
FNDA:1,(anonymous_3)
FNDA:2,getMusicians
FNDA:1,getMusiciansCount
FNDA:1,getMusiciansPaginated
FNDA:1,(anonymous_7)
FNDA:1,findMusicianById
FNDA:1,addMusician
FNDA:1,findMusicianByIdAndDelete
DA:4,1
DA:7,4
DA:8,4
DA:9,1
DA:11,4
DA:12,1
DA:14,4
DA:15,1
DA:17,4
DA:18,1
DA:20,4
DA:24,2
DA:25,2
DA:29,1
DA:33,1
DA:34,1
DA:35,1
DA:36,1
DA:41,1
DA:45,1
DA:46,1
DA:50,1
LF:22
LH:22
BRDA:6,0,0,0
BRDA:8,1,0,1
BRDA:8,1,1,3
BRDA:11,2,0,1
BRDA:11,2,1,3
BRDA:14,3,0,1
BRDA:14,3,1,3
BRDA:17,4,0,1
BRDA:17,4,1,3
BRDA:28,5,0,0
BRDA:32,6,0,0
BRF:11
BRH:8
end_of_record
TN:
SF:packages/express-backend/musician.js
FNF:0
FNH:0
DA:4,3
DA:28,3
LF:2
LH:2
BRF:0
BRH:0
end_of_record
TN:
SF:packages/express-backend/review-services.js
FN:6,buildReviewsQuery
FN:29,getReviews
FN:34,getReviewsCount
FN:38,getReviewsPaginated
FN:42,(anonymous_4)
FN:46,findReviewById
FN:50,addReview
FN:55,findReviewByIdAndDelete
FNF:8
FNH:0
FNDA:0,buildReviewsQuery
FNDA:0,getReviews
FNDA:0,getReviewsCount
FNDA:0,getReviewsPaginated
FNDA:0,(anonymous_4)
FNDA:0,findReviewById
FNDA:0,addReview
FNDA:0,findReviewByIdAndDelete
DA:4,0
DA:7,0
DA:8,0
DA:9,0
DA:11,0
DA:12,0
DA:14,0
DA:15,0
DA:17,0
DA:18,0
DA:20,0
DA:21,0
DA:23,0
DA:24,0
DA:26,0
DA:30,0
DA:31,0
DA:35,0
DA:39,0
DA:40,0
DA:41,0
DA:42,0
DA:47,0
DA:51,0
DA:52,0
DA:56,0
LF:26
LH:0
BRDA:6,0,0,0
BRDA:8,1,0,0
BRDA:8,1,1,0
BRDA:8,2,0,0
BRDA:8,2,1,0
BRDA:11,3,0,0
BRDA:11,3,1,0
BRDA:14,4,0,0
BRDA:14,4,1,0
BRDA:17,5,0,0
BRDA:17,5,1,0
BRDA:20,6,0,0
BRDA:20,6,1,0
BRDA:23,7,0,0
BRDA:23,7,1,0
BRDA:34,8,0,0
BRDA:38,9,0,0
BRF:17
BRH:0
end_of_record
TN:
SF:packages/express-backend/review.js
FNF:0
FNH:0
DA:3,0
DA:38,0
LF:2
LH:0
BRF:0
BRH:0
end_of_record
TN:
SF:packages/express-backend/venue-services.js
FN:3,getVenue
FN:27,addVenue
FN:33,findVenueById
FN:37,findVenueByIdAndDelete
FNF:4
FNH:4
FNDA:2,getVenue
FNDA:1,addVenue
FNDA:1,findVenueById
FNDA:1,findVenueByIdAndDelete
DA:4,2
DA:6,2
DA:7,1
DA:9,2
DA:10,1
DA:12,2
DA:13,1
DA:15,2
DA:16,1
DA:18,2
DA:19,1
DA:24,2
DA:28,1
DA:29,1
DA:30,1
DA:34,1
DA:38,1
LF:17
LH:17
BRDA:6,0,0,1
BRDA:6,0,1,1
BRDA:9,1,0,1
BRDA:9,1,1,1
BRDA:12,2,0,1
BRDA:12,2,1,1
BRDA:15,3,0,1
BRDA:15,3,1,1
BRDA:18,4,0,1
BRDA:18,4,1,1
BRF:10
BRH:10
end_of_record
TN:
SF:packages/express-backend/venue.js
FNF:0
FNH:0
DA:3,2
DA:47,2
LF:2
LH:2
BRF:0
BRH:0
end_of_record
TN:
SF:packages/react-frontend/eslint.config.js
FNF:0
FNH:0
LF:0
LH:0
BRF:0
BRH:0
end_of_record
TN:
SF:packages/react-frontend/vite.config.js
FNF:0
FNH:0
LF:0
LH:0
BRF:0
BRH:0
end_of_record
TN:
SF:packages/react-frontend/src/app.js
FN:1,(anonymous_0)
FN:6,showPage
FN:8,(anonymous_2)
FN:12,requireLogin
FN:25,(anonymous_4)
FN:28,(anonymous_5)
FN:31,(anonymous_6)
FN:36,(anonymous_7)
FN:43,(anonymous_8)
FN:52,(anonymous_9)
FN:58,(anonymous_10)
FN:65,generateBands
FN:77,generateGigs
FNF:13
FNH:0
FNDA:0,(anonymous_0)
FNDA:0,showPage
FNDA:0,(anonymous_2)
FNDA:0,requireLogin
FNDA:0,(anonymous_4)
FNDA:0,(anonymous_5)
FNDA:0,(anonymous_6)
FNDA:0,(anonymous_7)
FNDA:0,(anonymous_8)
FNDA:0,(anonymous_9)
FNDA:0,(anonymous_10)
FNDA:0,generateBands
FNDA:0,generateGigs
DA:1,0
DA:4,0
DA:7,0
DA:8,0
DA:9,0
DA:13,0
DA:14,0
DA:15,0
DA:16,0
DA:18,0
DA:19,0
DA:24,0
DA:25,0
DA:27,0
DA:28,0
DA:30,0
DA:31,0
DA:35,0
DA:37,0
DA:38,0
DA:42,0
DA:44,0
DA:45,0
DA:51,0
DA:53,0
DA:54,0
DA:57,0
DA:59,0
DA:60,0
DA:66,0
DA:67,0
DA:69,0
DA:70,0
DA:71,0
DA:72,0
DA:73,0
DA:78,0
DA:79,0
DA:81,0
DA:82,0
DA:83,0
DA:84,0
DA:85,0
LF:43
LH:0
BRDA:13,0,0,0
BRDA:13,0,1,0
BRDA:37,1,0,0
BRDA:37,1,1,0
BRDA:44,2,0,0
BRDA:44,2,1,0
BRF:6
BRH:0
end_of_record
