TN:
SF:packages/express-backend/auth-services.js
FN:4,hashPassword
FN:8,normalizeEmail
FN:12,registerUser
FNF:3
FNH:0
FNDA:0,hashPassword
FNDA:0,normalizeEmail
FNDA:0,registerUser
DA:5,0
DA:9,0
DA:13,0
DA:19,0
LF:4
LH:0
BRF:0
BRH:0
end_of_record
TN:
SF:packages/express-backend/availability-service.js
FN:3,createAvailability
FN:25,getSlots
FNF:2
FNH:2
FNDA:2,createAvailability
FNDA:2,getSlots
DA:4,2
DA:5,2
DA:7,2
DA:14,2
DA:16,1
DA:26,2
DA:27,2
DA:29,2
DA:30,1
DA:31,1
DA:32,1
DA:35,2
LF:12
LH:12
BRDA:14,0,0,1
BRDA:14,0,1,1
BRDA:25,1,0,1
BRDA:27,2,0,2
BRDA:27,2,1,0
BRDA:29,3,0,1
BRDA:29,3,1,1
BRDA:29,4,0,2
BRDA:29,4,1,1
BRDA:31,5,0,1
BRDA:31,5,1,0
BRDA:32,6,0,1
BRDA:32,6,1,0
BRF:13
BRH:10
end_of_record
TN:
SF:packages/express-backend/availability.js
FN:35,(anonymous_0)
FNF:1
FNH:1
FNDA:3,(anonymous_0)
DA:3,2
DA:35,2
DA:36,3
DA:37,3
DA:38,2
DA:43,2
LF:6
LH:6
BRDA:36,0,0,3
BRDA:36,0,1,0
BRDA:36,1,0,3
BRDA:36,1,1,3
BRDA:37,2,0,2
BRDA:37,2,1,1
BRF:6
BRH:5
end_of_record
TN:
SF:packages/express-backend/backend.js
FN:42,(anonymous_0)
FN:53,(anonymous_1)
FN:63,(anonymous_2)
FN:74,makeUploadedImageUrl
FN:78,isValidEmail
FN:86,(anonymous_5)
FN:87,(anonymous_6)
FN:89,(anonymous_7)
FN:139,(anonymous_8)
FN:167,(anonymous_9)
FN:181,(anonymous_10)
FN:190,(anonymous_11)
FN:202,(anonymous_12)
FN:218,(anonymous_13)
FN:234,(anonymous_14)
FN:250,(anonymous_15)
FN:262,(anonymous_16)
FN:281,(anonymous_17)
FN:310,(anonymous_18)
FN:320,(anonymous_19)
FN:333,(anonymous_20)
FN:346,(anonymous_21)
FN:376,(anonymous_22)
FN:389,(anonymous_23)
FN:399,(anonymous_24)
FN:412,(anonymous_25)
FN:438,(anonymous_26)
FN:451,(anonymous_27)
FN:461,(anonymous_28)
FN:473,(anonymous_29)
FN:489,(anonymous_30)
FN:501,(anonymous_31)
FN:511,(anonymous_32)
FN:528,(anonymous_33)
FN:552,(anonymous_34)
FN:583,(anonymous_35)
FN:598,(anonymous_36)
FNF:37
FNH:0
FNDA:0,(anonymous_0)
FNDA:0,(anonymous_1)
FNDA:0,(anonymous_2)
FNDA:0,makeUploadedImageUrl
FNDA:0,isValidEmail
FNDA:0,(anonymous_5)
FNDA:0,(anonymous_6)
FNDA:0,(anonymous_7)
FNDA:0,(anonymous_8)
FNDA:0,(anonymous_9)
FNDA:0,(anonymous_10)
FNDA:0,(anonymous_11)
FNDA:0,(anonymous_12)
FNDA:0,(anonymous_13)
FNDA:0,(anonymous_14)
FNDA:0,(anonymous_15)
FNDA:0,(anonymous_16)
FNDA:0,(anonymous_17)
FNDA:0,(anonymous_18)
FNDA:0,(anonymous_19)
FNDA:0,(anonymous_20)
FNDA:0,(anonymous_21)
FNDA:0,(anonymous_22)
FNDA:0,(anonymous_23)
FNDA:0,(anonymous_24)
FNDA:0,(anonymous_25)
FNDA:0,(anonymous_26)
FNDA:0,(anonymous_27)
FNDA:0,(anonymous_28)
FNDA:0,(anonymous_29)
FNDA:0,(anonymous_30)
FNDA:0,(anonymous_31)
FNDA:0,(anonymous_32)
FNDA:0,(anonymous_33)
FNDA:0,(anonymous_34)
FNDA:0,(anonymous_35)
FNDA:0,(anonymous_36)
DA:17,0
DA:18,0
DA:19,0
DA:21,0
DA:22,0
DA:23,0
DA:25,0
DA:26,0
DA:27,0
DA:28,0
DA:29,0
DA:30,0
DA:31,0
DA:33,0
DA:39,0
DA:41,0
DA:43,0
DA:44,0
DA:45,0
DA:47,0
DA:48,0
DA:49,0
DA:51,0
DA:54,0
DA:55,0
DA:56,0
DA:60,0
DA:64,0
DA:65,0
DA:66,0
DA:68,0
DA:72,0
DA:75,0
DA:79,0
DA:80,0
DA:84,0
DA:86,0
DA:87,0
DA:89,0
DA:90,0
DA:91,0
DA:93,0
DA:94,0
DA:99,0
DA:100,0
DA:103,0
DA:104,0
DA:109,0
DA:110,0
DA:115,0
DA:122,0
DA:132,0
DA:133,0
DA:135,0
DA:139,0
DA:140,0
DA:141,0
DA:142,0
DA:144,0
DA:145,0
DA:147,0
DA:149,0
DA:157,0
DA:158,0
DA:159,0
DA:160,0
DA:162,0
DA:167,0
DA:168,0
DA:169,0
DA:170,0
DA:171,0
DA:173,0
DA:175,0
DA:181,0
DA:182,0
DA:183,0
DA:184,0
DA:186,0
DA:190,0
DA:191,0
DA:192,0
DA:193,0
DA:194,0
DA:196,0
DA:198,0
DA:202,0
DA:203,0
DA:204,0
DA:205,0
DA:207,0
DA:208,0
DA:209,0
DA:210,0
DA:212,0
DA:214,0
DA:218,0
DA:219,0
DA:220,0
DA:221,0
DA:223,0
DA:224,0
DA:225,0
DA:226,0
DA:228,0
DA:230,0
DA:234,0
DA:235,0
DA:236,0
DA:237,0
DA:238,0
DA:240,0
DA:241,0
DA:242,0
DA:244,0
DA:246,0
DA:250,0
DA:251,0
DA:252,0
DA:253,0
DA:254,0
DA:255,0
DA:256,0
DA:258,0
DA:262,0
DA:263,0
DA:265,0
DA:267,0
DA:269,0
DA:270,0
DA:273,0
DA:275,0
DA:276,0
DA:281,0
DA:282,0
DA:283,0
DA:286,0
DA:288,0
DA:291,0
DA:295,0
DA:303,0
DA:305,0
DA:310,0
DA:311,0
DA:312,0
DA:313,0
DA:315,0
DA:320,0
DA:321,0
DA:322,0
DA:323,0
DA:324,0
DA:326,0
DA:328,0
DA:333,0
DA:334,0
DA:335,0
DA:336,0
DA:337,0
DA:339,0
DA:341,0
DA:346,0
DA:347,0
DA:348,0
DA:349,0
DA:350,0
DA:352,0
DA:353,0
DA:355,0
DA:357,0
DA:367,0
DA:368,0
DA:369,0
DA:371,0
DA:376,0
DA:377,0
DA:378,0
DA:379,0
DA:380,0
DA:382,0
DA:384,0
DA:389,0
DA:390,0
DA:391,0
DA:392,0
DA:394,0
DA:399,0
DA:400,0
DA:401,0
DA:402,0
DA:403,0
DA:405,0
DA:407,0
DA:412,0
DA:413,0
DA:414,0
DA:415,0
DA:416,0
DA:418,0
DA:424,0
DA:425,0
DA:431,0
DA:433,0
DA:438,0
DA:439,0
DA:440,0
DA:441,0
DA:442,0
DA:444,0
DA:446,0
DA:451,0
DA:452,0
DA:453,0
DA:454,0
DA:456,0
DA:461,0
DA:462,0
DA:463,0
DA:464,0
DA:465,0
DA:467,0
DA:469,0
DA:473,0
DA:474,0
DA:475,0
DA:476,0
DA:478,0
DA:479,0
DA:480,0
DA:481,0
DA:483,0
DA:485,0
DA:489,0
DA:490,0
DA:491,0
DA:492,0
DA:493,0
DA:494,0
DA:495,0
DA:497,0
DA:501,0
DA:502,0
DA:503,0
DA:504,0
DA:506,0
DA:511,0
DA:512,0
DA:513,0
DA:514,0
DA:515,0
DA:517,0
DA:518,0
DA:519,0
DA:521,0
DA:523,0
DA:528,0
DA:529,0
DA:530,0
DA:531,0
DA:532,0
DA:534,0
DA:543,0
DA:544,0
DA:545,0
DA:547,0
DA:552,0
DA:553,0
DA:554,0
DA:555,0
DA:556,0
DA:559,0
DA:560,0
DA:561,0
DA:564,0
DA:565,0
DA:566,0
DA:569,0
DA:577,0
DA:579,0
DA:583,0
DA:584,0
DA:585,0
DA:586,0
DA:588,0
DA:590,0
DA:591,0
DA:593,0
DA:597,0
DA:598,0
LF:289
LH:0
BRDA:43,0,0,0
BRDA:43,0,1,0
BRDA:47,1,0,0
BRDA:47,1,1,0
BRDA:54,2,0,0
BRDA:54,2,1,0
BRDA:64,3,0,0
BRDA:64,3,1,0
BRDA:79,4,0,0
BRDA:79,4,1,0
BRDA:85,5,0,0
BRDA:85,5,1,0
BRDA:93,6,0,0
BRDA:93,6,1,0
BRDA:93,7,0,0
BRDA:93,7,1,0
BRDA:93,7,2,0
BRDA:93,7,3,0
BRDA:99,8,0,0
BRDA:99,8,1,0
BRDA:103,9,0,0
BRDA:103,9,1,0
BRDA:109,10,0,0
BRDA:109,10,1,0
BRDA:132,11,0,0
BRDA:132,11,1,0
BRDA:141,12,0,0
BRDA:141,12,1,0
BRDA:142,13,0,0
BRDA:142,13,1,0
BRDA:144,14,0,0
BRDA:144,14,1,0
BRDA:145,15,0,0
BRDA:145,15,1,0
BRDA:147,16,0,0
BRDA:147,16,1,0
BRDA:147,17,0,0
BRDA:147,17,1,0
BRDA:170,18,0,0
BRDA:170,18,1,0
BRDA:193,19,0,0
BRDA:193,19,1,0
BRDA:204,20,0,0
BRDA:204,20,1,0
BRDA:209,21,0,0
BRDA:209,21,1,0
BRDA:220,22,0,0
BRDA:220,22,1,0
BRDA:225,23,0,0
BRDA:225,23,1,0
BRDA:237,24,0,0
BRDA:237,24,1,0
BRDA:241,25,0,0
BRDA:241,25,1,0
BRDA:254,26,0,0
BRDA:254,26,1,0
BRDA:269,27,0,0
BRDA:269,27,1,0
BRDA:286,28,0,0
BRDA:286,28,1,0
BRDA:288,29,0,0
BRDA:288,29,1,0
BRDA:291,30,0,0
BRDA:291,30,1,0
BRDA:291,31,0,0
BRDA:291,31,1,0
BRDA:323,32,0,0
BRDA:323,32,1,0
BRDA:336,33,0,0
BRDA:336,33,1,0
BRDA:348,34,0,0
BRDA:348,34,1,0
BRDA:349,35,0,0
BRDA:349,35,1,0
BRDA:352,36,0,0
BRDA:352,36,1,0
BRDA:353,37,0,0
BRDA:353,37,1,0
BRDA:355,38,0,0
BRDA:355,38,1,0
BRDA:355,39,0,0
BRDA:355,39,1,0
BRDA:364,40,0,0
BRDA:364,40,1,0
BRDA:364,41,0,0
BRDA:364,41,1,0
BRDA:379,42,0,0
BRDA:379,42,1,0
BRDA:402,43,0,0
BRDA:402,43,1,0
BRDA:414,44,0,0
BRDA:414,44,1,0
BRDA:415,45,0,0
BRDA:415,45,1,0
BRDA:441,46,0,0
BRDA:441,46,1,0
BRDA:464,47,0,0
BRDA:464,47,1,0
BRDA:475,48,0,0
BRDA:475,48,1,0
BRDA:480,49,0,0
BRDA:480,49,1,0
BRDA:493,50,0,0
BRDA:493,50,1,0
BRDA:513,51,0,0
BRDA:513,51,1,0
BRDA:514,52,0,0
BRDA:514,52,1,0
BRDA:530,53,0,0
BRDA:530,53,1,0
BRDA:531,54,0,0
BRDA:531,54,1,0
BRDA:555,55,0,0
BRDA:555,55,1,0
BRDA:555,56,0,0
BRDA:555,56,1,0
BRDA:555,56,2,0
BRDA:555,56,3,0
BRDA:560,57,0,0
BRDA:560,57,1,0
BRDA:560,58,0,0
BRDA:560,58,1,0
BRDA:560,58,2,0
BRDA:565,59,0,0
BRDA:565,59,1,0
BRDA:574,60,0,0
BRDA:574,60,1,0
BRDA:575,61,0,0
BRDA:575,61,1,0
BRDA:584,62,0,0
BRDA:584,62,1,0
BRDA:585,63,0,0
BRDA:585,63,1,0
BRDA:590,64,0,0
BRDA:590,64,1,0
BRDA:590,65,0,0
BRDA:590,65,1,0
BRDA:597,66,0,0
BRDA:597,66,1,0
BRF:139
BRH:0
end_of_record
TN:
SF:packages/express-backend/band-services.js
FN:7,buildBandsQuery
FN:13,(anonymous_1)
FN:16,(anonymous_2)
FN:19,(anonymous_3)
FN:30,getBands
FN:35,getBandsCount
FN:39,getBandsPaginated
FN:43,(anonymous_7)
FN:47,findBandById
FN:51,addBand
FN:56,findBandByIdAndDelete
FN:60,updateBandProfilePicture
FN:68,addBandGalleryImage
FN:76,removeBandGalleryImage
FN:84,addBandVideo
FN:92,removeBandVideo
FNF:16
FNH:11
FNDA:5,buildBandsQuery
FNDA:1,(anonymous_1)
FNDA:1,(anonymous_2)
FNDA:1,(anonymous_3)
FNDA:3,getBands
FNDA:1,getBandsCount
FNDA:1,getBandsPaginated
FNDA:1,(anonymous_7)
FNDA:1,findBandById
FNDA:1,addBand
FNDA:1,findBandByIdAndDelete
FNDA:0,updateBandProfilePicture
FNDA:0,addBandGalleryImage
FNDA:0,removeBandGalleryImage
FNDA:0,addBandVideo
FNDA:0,removeBandVideo
DA:4,1
DA:8,5
DA:9,5
DA:10,2
DA:12,5
DA:13,1
DA:15,5
DA:16,1
DA:18,5
DA:19,1
DA:21,5
DA:22,1
DA:27,5
DA:31,3
DA:32,3
DA:36,1
DA:40,1
DA:41,1
DA:42,1
DA:43,1
DA:48,1
DA:52,1
DA:53,1
DA:57,1
DA:61,0
DA:69,0
DA:77,0
DA:85,0
DA:93,0
LF:29
LH:24
BRDA:7,0,0,0
BRDA:9,1,0,2
BRDA:9,1,1,3
BRDA:12,2,0,1
BRDA:12,2,1,4
BRDA:15,3,0,1
BRDA:15,3,1,4
BRDA:18,4,0,1
BRDA:18,4,1,4
BRDA:21,5,0,1
BRDA:21,5,1,4
BRDA:35,6,0,0
BRDA:39,7,0,0
BRF:13
BRH:10
end_of_record
TN:
SF:packages/express-backend/band.js
FNF:0
FNH:0
DA:4,3
DA:35,3
LF:2
LH:2
BRF:0
BRH:0
end_of_record
TN:
SF:packages/express-backend/conversation-services.js
FN:3,getConversations
FN:12,getConversationsCount
FN:16,getConversationsPaginated
FN:22,addConversation
FN:27,findConversationById
FN:31,findConversationByIdAndDelete
FNF:6
FNH:6
FNDA:4,getConversations
FNDA:1,getConversationsCount
FNDA:1,getConversationsPaginated
FNDA:1,addConversation
FNDA:1,findConversationById
FNDA:1,findConversationByIdAndDelete
DA:4,4
DA:6,4
DA:7,4
DA:9,4
DA:13,1
DA:17,1
DA:23,1
DA:24,1
DA:28,1
DA:32,1
LF:10
LH:10
BRDA:6,0,0,2
BRDA:6,0,1,2
BRDA:7,1,0,2
BRDA:7,1,1,2
BRF:4
BRH:4
end_of_record
TN:
SF:packages/express-backend/conversation.js
FNF:0
FNH:0
DA:2,1
DA:4,1
DA:39,1
DA:49,1
LF:4
LH:4
BRF:0
BRH:0
end_of_record
TN:
SF:packages/express-backend/gig-services.js
FN:6,buildGigsQuery
FN:15,(anonymous_1)
FN:47,getGigs
FN:52,getGigsCount
FN:56,getGigsPaginated
FN:60,(anonymous_5)
FN:64,findGigById
FN:68,addGig
FN:73,findGigByIdAndDelete
FNF:9
FNH:9
FNDA:4,buildGigsQuery
FNDA:1,(anonymous_1)
FNDA:2,getGigs
FNDA:1,getGigsCount
FNDA:1,getGigsPaginated
FNDA:1,(anonymous_5)
FNDA:1,findGigById
FNDA:1,addGig
FNDA:1,findGigByIdAndDelete
DA:4,1
DA:7,4
DA:8,4
DA:9,1
DA:11,4
DA:12,1
DA:14,4
DA:15,1
DA:17,4
DA:18,1
DA:20,3
DA:21,1
DA:26,3
DA:27,1
DA:29,3
DA:30,1
DA:35,3
DA:36,0
DA:38,3
DA:39,0
DA:41,3
DA:42,0
DA:44,3
DA:48,2
DA:49,1
DA:53,1
DA:57,1
DA:58,1
DA:59,1
DA:60,1
DA:65,1
DA:69,1
DA:70,1
DA:74,1
LF:34
LH:31
BRDA:6,0,0,0
BRDA:8,1,0,1
BRDA:8,1,1,3
BRDA:11,2,0,1
BRDA:11,2,1,3
BRDA:14,3,0,1
BRDA:14,3,1,3
BRDA:17,4,0,1
BRDA:17,4,1,3
BRDA:20,5,0,1
BRDA:20,5,1,2
BRDA:26,6,0,1
BRDA:26,6,1,2
BRDA:29,7,0,1
BRDA:29,7,1,2
BRDA:35,8,0,0
BRDA:35,8,1,3
BRDA:38,9,0,0
BRDA:38,9,1,3
BRDA:41,10,0,0
BRDA:41,10,1,3
BRDA:52,11,0,0
BRDA:56,12,0,0
BRF:23
BRH:17
end_of_record
TN:
SF:packages/express-backend/gig.js
FNF:0
FNH:0
DA:5,1
DA:42,1
LF:2
LH:2
BRF:0
BRH:0
end_of_record
TN:
SF:packages/express-backend/jest.config.js
FNF:0
FNH:0
LF:0
LH:0
BRF:0
BRH:0
end_of_record
TN:
SF:packages/express-backend/message-services.js
FN:3,getMessages
FN:7,getMessagesCount
FN:11,getMessagesPaginated
FN:17,addMessage
FN:22,findMessageById
FN:26,findMessageByIdAndDelete
FNF:6
FNH:6
FNDA:1,getMessages
FNDA:1,getMessagesCount
FNDA:1,getMessagesPaginated
FNDA:1,addMessage
FNDA:1,findMessageById
FNDA:1,findMessageByIdAndDelete
DA:4,1
DA:8,1
DA:12,1
DA:18,1
DA:19,1
DA:23,1
DA:27,1
LF:7
LH:7
BRF:0
BRH:0
end_of_record
TN:
SF:packages/express-backend/messages.js
FNF:0
FNH:0
DA:2,1
DA:3,1
DA:41,1
LF:3
LH:3
BRF:0
BRH:0
end_of_record
TN:
SF:packages/express-backend/musician-services.js
FN:6,buildMusiciansQuery
FN:12,(anonymous_1)
FN:15,(anonymous_2)
FN:18,(anonymous_3)
FN:23,getMusicians
FN:28,getMusiciansCount
FN:32,getMusiciansPaginated
FN:36,(anonymous_7)
FN:40,findMusicianById
FN:44,addMusician
FN:49,findMusicianByIdAndDelete
FN:53,updateMusicianProfilePicture
FN:61,addMusicianVideo
FN:69,removeMusicianVideo
FNF:14
FNH:11
FNDA:4,buildMusiciansQuery
FNDA:1,(anonymous_1)
FNDA:1,(anonymous_2)
FNDA:1,(anonymous_3)
FNDA:2,getMusicians
FNDA:1,getMusiciansCount
FNDA:1,getMusiciansPaginated
FNDA:1,(anonymous_7)
FNDA:1,findMusicianById
FNDA:1,addMusician
FNDA:1,findMusicianByIdAndDelete
FNDA:0,updateMusicianProfilePicture
FNDA:0,addMusicianVideo
FNDA:0,removeMusicianVideo
DA:4,1
DA:7,4
DA:8,4
DA:9,1
DA:11,4
DA:12,1
DA:14,4
DA:15,1
DA:17,4
DA:18,1
DA:20,4
DA:24,2
DA:25,2
DA:29,1
DA:33,1
DA:34,1
DA:35,1
DA:36,1
DA:41,1
DA:45,1
DA:46,1
DA:50,1
DA:54,0
DA:62,0
DA:70,0
LF:25
LH:22
BRDA:6,0,0,0
BRDA:8,1,0,1
BRDA:8,1,1,3
BRDA:11,2,0,1
BRDA:11,2,1,3
BRDA:14,3,0,1
BRDA:14,3,1,3
BRDA:17,4,0,1
BRDA:17,4,1,3
BRDA:28,5,0,0
BRDA:32,6,0,0
BRF:11
BRH:8
end_of_record
TN:
SF:packages/express-backend/musician.js
FNF:0
FNH:0
DA:4,3
DA:34,3
LF:2
LH:2
BRF:0
BRH:0
end_of_record
TN:
SF:packages/express-backend/review-services.js
FN:6,buildReviewsQuery
FN:29,getReviews
FN:34,getReviewsCount
FN:38,getReviewsPaginated
FN:42,(anonymous_4)
FN:46,findReviewById
FN:50,addReview
FN:55,findReviewByIdAndDelete
FNF:8
FNH:8
FNDA:4,buildReviewsQuery
FNDA:2,getReviews
FNDA:1,getReviewsCount
FNDA:1,getReviewsPaginated
FNDA:1,(anonymous_4)
FNDA:1,findReviewById
FNDA:1,addReview
FNDA:1,findReviewByIdAndDelete
DA:4,1
DA:7,4
DA:8,4
DA:9,2
DA:11,4
DA:12,1
DA:14,4
DA:15,1
DA:17,4
DA:18,1
DA:20,4
DA:21,1
DA:23,4
DA:24,1
DA:26,4
DA:30,2
DA:31,2
DA:35,1
DA:39,1
DA:40,1
DA:41,1
DA:42,1
DA:47,1
DA:51,1
DA:52,1
DA:56,1
LF:26
LH:26
BRDA:6,0,0,0
BRDA:8,1,0,2
BRDA:8,1,1,2
BRDA:8,2,0,4
BRDA:8,2,1,3
BRDA:11,3,0,1
BRDA:11,3,1,3
BRDA:14,4,0,1
BRDA:14,4,1,3
BRDA:17,5,0,1
BRDA:17,5,1,3
BRDA:20,6,0,1
BRDA:20,6,1,3
BRDA:23,7,0,1
BRDA:23,7,1,3
BRDA:34,8,0,0
BRDA:38,9,0,0
BRF:17
BRH:14
end_of_record
TN:
SF:packages/express-backend/review.js
FNF:0
FNH:0
DA:3,1
DA:38,1
LF:2
LH:2
BRF:0
BRH:0
end_of_record
TN:
SF:packages/express-backend/user.js
FNF:0
FNH:0
DA:3,0
DA:5,0
DA:39,0
LF:3
LH:0
BRF:0
BRH:0
end_of_record
TN:
SF:packages/express-backend/venue-services.js
FN:3,getVenue
FN:27,addVenue
FN:33,findVenueById
FN:37,findVenueByIdAndDelete
FNF:4
FNH:4
FNDA:2,getVenue
FNDA:1,addVenue
FNDA:1,findVenueById
FNDA:1,findVenueByIdAndDelete
DA:4,2
DA:6,2
DA:7,1
DA:9,2
DA:10,1
DA:12,2
DA:13,1
DA:15,2
DA:16,1
DA:18,2
DA:19,1
DA:24,2
DA:28,1
DA:29,1
DA:30,1
DA:34,1
DA:38,1
LF:17
LH:17
BRDA:6,0,0,1
BRDA:6,0,1,1
BRDA:9,1,0,1
BRDA:9,1,1,1
BRDA:12,2,0,1
BRDA:12,2,1,1
BRDA:15,3,0,1
BRDA:15,3,1,1
BRDA:18,4,0,1
BRDA:18,4,1,1
BRF:10
BRH:10
end_of_record
TN:
SF:packages/express-backend/venue.js
FNF:0
FNH:0
DA:3,2
DA:47,2
LF:2
LH:2
BRF:0
BRH:0
end_of_record
TN:
SF:packages/react-frontend/eslint.config.js
FNF:0
FNH:0
LF:0
LH:0
BRF:0
BRH:0
end_of_record
TN:
SF:packages/react-frontend/vite.config.js
FNF:0
FNH:0
LF:0
LH:0
BRF:0
BRH:0
end_of_record
TN:
SF:packages/react-frontend/src/api/api.js
FN:5,getBands
FN:11,getBandById
FN:17,createBand
FN:27,deleteBand
FN:38,getVenues
FN:44,createVenue
FN:54,deleteVenue
FN:65,getMusicians
FN:71,createMusician
FN:84,getReviews
FN:90,createReview
FN:101,getConversations
FN:106,getConversationsById
FN:112,createConversation
FN:121,deleteConversationById
FNF:15
FNH:11
FNDA:1,getBands
FNDA:1,getBandById
FNDA:1,createBand
FNDA:1,deleteBand
FNDA:1,getVenues
FNDA:1,createVenue
FNDA:1,deleteVenue
FNDA:1,getMusicians
FNDA:1,createMusician
FNDA:1,getReviews
FNDA:1,createReview
FNDA:0,getConversations
FNDA:0,getConversationsById
FNDA:0,createConversation
FNDA:0,deleteConversationById
DA:1,1
DA:6,1
DA:7,1
DA:8,1
DA:12,1
DA:13,1
DA:14,1
DA:18,1
DA:24,1
DA:28,1
DA:32,1
DA:39,1
DA:40,1
DA:41,1
DA:45,1
DA:51,1
DA:55,1
DA:59,1
DA:66,1
DA:67,1
DA:68,1
DA:72,1
DA:78,1
DA:85,1
DA:86,1
DA:87,1
DA:91,1
DA:97,1
DA:102,0
DA:103,0
DA:104,0
DA:107,0
DA:108,0
DA:109,0
DA:113,0
DA:118,0
DA:122,0
LF:37
LH:28
BRF:0
BRH:0
end_of_record
